CRITICAL - 2026-04-26 03:58:42 --> ErrorException: Trying to access array offset on value of type null
[Method: GET, Route: marksheetadmin/202602006/1]
in APPPATH\Controllers\Admin.php on line 597.
 1 APPPATH\Controllers\Admin.php(597): CodeIgniter\Debug\Exceptions->errorHandler(2, 'Trying to access array offset on value of type null', 'D:\\xamp\\htdocs\\www\\Education\\ResultBlog\\app\\Controllers\\Admin.php', 597)
 2 SYSTEMPATH\CodeIgniter.php(933): App\Controllers\Admin->marksheetadmin('202602006', '1')
 3 SYSTEMPATH\CodeIgniter.php(509): CodeIgniter\CodeIgniter->runController(Object(App\Controllers\Admin))
 4 SYSTEMPATH\CodeIgniter.php(355): CodeIgniter\CodeIgniter->handleRequest(null, Object(Config\Cache), false)
 5 SYSTEMPATH\Boot.php(312): CodeIgniter\CodeIgniter->run()
 6 SYSTEMPATH\Boot.php(67): CodeIgniter\Boot::runCodeIgniter(Object(CodeIgniter\CodeIgniter))
 7 FCPATH\index.php(56): CodeIgniter\Boot::bootWeb(Object(Config\Paths))
CRITICAL - 2026-04-26 04:02:14 --> ErrorException: Trying to access array offset on value of type null
[Method: GET, Route: marksheetadmin/202602006/1]
in APPPATH\Controllers\Admin.php on line 596.
 1 APPPATH\Controllers\Admin.php(596): CodeIgniter\Debug\Exceptions->errorHandler(2, 'Trying to access array offset on value of type null', 'D:\\xamp\\htdocs\\www\\Education\\ResultBlog\\app\\Controllers\\Admin.php', 596)
 2 SYSTEMPATH\CodeIgniter.php(933): App\Controllers\Admin->marksheetadmin('202602006', '1')
 3 SYSTEMPATH\CodeIgniter.php(509): CodeIgniter\CodeIgniter->runController(Object(App\Controllers\Admin))
 4 SYSTEMPATH\CodeIgniter.php(355): CodeIgniter\CodeIgniter->handleRequest(null, Object(Config\Cache), false)
 5 SYSTEMPATH\Boot.php(312): CodeIgniter\CodeIgniter->run()
 6 SYSTEMPATH\Boot.php(67): CodeIgniter\Boot::runCodeIgniter(Object(CodeIgniter\CodeIgniter))
 7 FCPATH\index.php(56): CodeIgniter\Boot::bootWeb(Object(Config\Paths))
CRITICAL - 2026-04-26 08:59:10 --> ErrorException: Trying to access array offset on value of type null
[Method: GET, Route: marksheetadmin/202602006/1]
in APPPATH\Controllers\Admin.php on line 598.
 1 APPPATH\Controllers\Admin.php(598): CodeIgniter\Debug\Exceptions->errorHandler(2, 'Trying to access array offset on value of type null', 'D:\\xamp\\htdocs\\www\\Education\\ResultBlog\\app\\Controllers\\Admin.php', 598)
 2 SYSTEMPATH\CodeIgniter.php(933): App\Controllers\Admin->marksheetadmin('202602006', '1')
 3 SYSTEMPATH\CodeIgniter.php(509): CodeIgniter\CodeIgniter->runController(Object(App\Controllers\Admin))
 4 SYSTEMPATH\CodeIgniter.php(355): CodeIgniter\CodeIgniter->handleRequest(null, Object(Config\Cache), false)
 5 SYSTEMPATH\Boot.php(312): CodeIgniter\CodeIgniter->run()
 6 SYSTEMPATH\Boot.php(67): CodeIgniter\Boot::runCodeIgniter(Object(CodeIgniter\CodeIgniter))
 7 FCPATH\index.php(56): CodeIgniter\Boot::bootWeb(Object(Config\Paths))
