CRITICAL - 2026-02-21 12:24:27 --> ErrorException: Undefined array key "regno"
[Method: POST, Route: getsinglestu]
in APPPATH\Views\admin\admissionindex.php on line 53.
 1 APPPATH\Views\admin\admissionindex.php(53): CodeIgniter\Debug\Exceptions->errorHandler(2, 'Undefined array key "regno"', 'C:\\xampp\\htdocs\\wwwc\\education\\resultniceneatcomputer\\app\\Views\\admin\\admissionindex.php', 53)
 2 SYSTEMPATH\View\View.php(234): include('C:\\xampp\\htdocs\\wwwc\\education\\resultniceneatcomputer\\app\\Views\\admin\\admissionindex.php')
 3 SYSTEMPATH\View\View.php(237): CodeIgniter\View\View->CodeIgniter\View\{closure}()
 4 SYSTEMPATH\Common.php(1171): CodeIgniter\View\View->render('admin/admissionindex', [], true)
 5 APPPATH\Controllers\Admin.php(245): view('admin/admissionindex', [...])
 6 SYSTEMPATH\CodeIgniter.php(933): App\Controllers\Admin->getsinglestu()
 7 SYSTEMPATH\CodeIgniter.php(509): CodeIgniter\CodeIgniter->runController(Object(App\Controllers\Admin))
 8 SYSTEMPATH\CodeIgniter.php(355): CodeIgniter\CodeIgniter->handleRequest(null, Object(Config\Cache), false)
 9 SYSTEMPATH\Boot.php(312): CodeIgniter\CodeIgniter->run()
10 SYSTEMPATH\Boot.php(67): CodeIgniter\Boot::runCodeIgniter(Object(CodeIgniter\CodeIgniter))
11 FCPATH\index.php(56): CodeIgniter\Boot::bootWeb(Object(Config\Paths))
CRITICAL - 2026-02-21 12:36:09 --> ErrorException: Undefined variable $courses
[Method: POST, Route: getsinglestu]
in APPPATH\Views\admin\admissionindex.php on line 65.
 1 APPPATH\Views\admin\admissionindex.php(65): CodeIgniter\Debug\Exceptions->errorHandler(2, 'Undefined variable $courses', 'C:\\xampp\\htdocs\\wwwc\\education\\resultniceneatcomputer\\app\\Views\\admin\\admissionindex.php', 65)
 2 SYSTEMPATH\View\View.php(234): include('C:\\xampp\\htdocs\\wwwc\\education\\resultniceneatcomputer\\app\\Views\\admin\\admissionindex.php')
 3 SYSTEMPATH\View\View.php(237): CodeIgniter\View\View->CodeIgniter\View\{closure}()
 4 SYSTEMPATH\Common.php(1171): CodeIgniter\View\View->render('admin/admissionindex', [], true)
 5 APPPATH\Controllers\Admin.php(245): view('admin/admissionindex', [...])
 6 SYSTEMPATH\CodeIgniter.php(933): App\Controllers\Admin->getsinglestu()
 7 SYSTEMPATH\CodeIgniter.php(509): CodeIgniter\CodeIgniter->runController(Object(App\Controllers\Admin))
 8 SYSTEMPATH\CodeIgniter.php(355): CodeIgniter\CodeIgniter->handleRequest(null, Object(Config\Cache), false)
 9 SYSTEMPATH\Boot.php(312): CodeIgniter\CodeIgniter->run()
10 SYSTEMPATH\Boot.php(67): CodeIgniter\Boot::runCodeIgniter(Object(CodeIgniter\CodeIgniter))
11 FCPATH\index.php(56): CodeIgniter\Boot::bootWeb(Object(Config\Paths))
CRITICAL - 2026-02-21 12:38:12 --> ErrorException: Undefined variable $courses
[Method: POST, Route: getsinglestu]
in APPPATH\Views\admin\admissionindex.php on line 65.
 1 APPPATH\Views\admin\admissionindex.php(65): CodeIgniter\Debug\Exceptions->errorHandler(2, 'Undefined variable $courses', 'C:\\xampp\\htdocs\\wwwc\\education\\resultniceneatcomputer\\app\\Views\\admin\\admissionindex.php', 65)
 2 SYSTEMPATH\View\View.php(234): include('C:\\xampp\\htdocs\\wwwc\\education\\resultniceneatcomputer\\app\\Views\\admin\\admissionindex.php')
 3 SYSTEMPATH\View\View.php(237): CodeIgniter\View\View->CodeIgniter\View\{closure}()
 4 SYSTEMPATH\Common.php(1171): CodeIgniter\View\View->render('admin/admissionindex', [], true)
 5 APPPATH\Controllers\Admin.php(246): view('admin/admissionindex', [...])
 6 SYSTEMPATH\CodeIgniter.php(933): App\Controllers\Admin->getsinglestu()
 7 SYSTEMPATH\CodeIgniter.php(509): CodeIgniter\CodeIgniter->runController(Object(App\Controllers\Admin))
 8 SYSTEMPATH\CodeIgniter.php(355): CodeIgniter\CodeIgniter->handleRequest(null, Object(Config\Cache), false)
 9 SYSTEMPATH\Boot.php(312): CodeIgniter\CodeIgniter->run()
10 SYSTEMPATH\Boot.php(67): CodeIgniter\Boot::runCodeIgniter(Object(CodeIgniter\CodeIgniter))
11 FCPATH\index.php(56): CodeIgniter\Boot::bootWeb(Object(Config\Paths))
CRITICAL - 2026-02-21 12:38:25 --> ErrorException: Undefined variable $courses
[Method: POST, Route: getsinglestu]
in APPPATH\Views\admin\admissionindex.php on line 65.
 1 APPPATH\Views\admin\admissionindex.php(65): CodeIgniter\Debug\Exceptions->errorHandler(2, 'Undefined variable $courses', 'C:\\xampp\\htdocs\\wwwc\\education\\resultniceneatcomputer\\app\\Views\\admin\\admissionindex.php', 65)
 2 SYSTEMPATH\View\View.php(234): include('C:\\xampp\\htdocs\\wwwc\\education\\resultniceneatcomputer\\app\\Views\\admin\\admissionindex.php')
 3 SYSTEMPATH\View\View.php(237): CodeIgniter\View\View->CodeIgniter\View\{closure}()
 4 SYSTEMPATH\Common.php(1171): CodeIgniter\View\View->render('admin/admissionindex', [], true)
 5 APPPATH\Controllers\Admin.php(246): view('admin/admissionindex', [...])
 6 SYSTEMPATH\CodeIgniter.php(933): App\Controllers\Admin->getsinglestu()
 7 SYSTEMPATH\CodeIgniter.php(509): CodeIgniter\CodeIgniter->runController(Object(App\Controllers\Admin))
 8 SYSTEMPATH\CodeIgniter.php(355): CodeIgniter\CodeIgniter->handleRequest(null, Object(Config\Cache), false)
 9 SYSTEMPATH\Boot.php(312): CodeIgniter\CodeIgniter->run()
10 SYSTEMPATH\Boot.php(67): CodeIgniter\Boot::runCodeIgniter(Object(CodeIgniter\CodeIgniter))
11 FCPATH\index.php(56): CodeIgniter\Boot::bootWeb(Object(Config\Paths))
CRITICAL - 2026-02-21 13:09:03 --> CodeIgniter\Database\Exceptions\DataException: There is no data to insert.
[Method: POST, Route: saveadmission]
in SYSTEMPATH\BaseModel.php on line 826.
 1 SYSTEMPATH\BaseModel.php(826): CodeIgniter\Database\Exceptions\DataException::forEmptyDataset('insert')
 2 SYSTEMPATH\Model.php(790): CodeIgniter\BaseModel->insert([], true)
 3 APPPATH\Controllers\Admin.php(259): CodeIgniter\Model->insert([...])
 4 SYSTEMPATH\CodeIgniter.php(933): App\Controllers\Admin->saveadmission()
 5 SYSTEMPATH\CodeIgniter.php(509): CodeIgniter\CodeIgniter->runController(Object(App\Controllers\Admin))
 6 SYSTEMPATH\CodeIgniter.php(355): CodeIgniter\CodeIgniter->handleRequest(null, Object(Config\Cache), false)
 7 SYSTEMPATH\Boot.php(312): CodeIgniter\CodeIgniter->run()
 8 SYSTEMPATH\Boot.php(67): CodeIgniter\Boot::runCodeIgniter(Object(CodeIgniter\CodeIgniter))
 9 FCPATH\index.php(56): CodeIgniter\Boot::bootWeb(Object(Config\Paths))
CRITICAL - 2026-02-21 13:09:49 --> CodeIgniter\Database\Exceptions\DataException: There is no data to insert.
[Method: POST, Route: saveadmission]
in SYSTEMPATH\BaseModel.php on line 826.
 1 SYSTEMPATH\BaseModel.php(826): CodeIgniter\Database\Exceptions\DataException::forEmptyDataset('insert')
 2 SYSTEMPATH\Model.php(790): CodeIgniter\BaseModel->insert([], true)
 3 APPPATH\Controllers\Admin.php(259): CodeIgniter\Model->insert([...])
 4 SYSTEMPATH\CodeIgniter.php(933): App\Controllers\Admin->saveadmission()
 5 SYSTEMPATH\CodeIgniter.php(509): CodeIgniter\CodeIgniter->runController(Object(App\Controllers\Admin))
 6 SYSTEMPATH\CodeIgniter.php(355): CodeIgniter\CodeIgniter->handleRequest(null, Object(Config\Cache), false)
 7 SYSTEMPATH\Boot.php(312): CodeIgniter\CodeIgniter->run()
 8 SYSTEMPATH\Boot.php(67): CodeIgniter\Boot::runCodeIgniter(Object(CodeIgniter\CodeIgniter))
 9 FCPATH\index.php(56): CodeIgniter\Boot::bootWeb(Object(Config\Paths))
CRITICAL - 2026-02-21 13:10:14 --> CodeIgniter\Database\Exceptions\DataException: There is no data to insert.
[Method: POST, Route: saveadmission]
in SYSTEMPATH\BaseModel.php on line 826.
 1 SYSTEMPATH\BaseModel.php(826): CodeIgniter\Database\Exceptions\DataException::forEmptyDataset('insert')
 2 SYSTEMPATH\Model.php(790): CodeIgniter\BaseModel->insert([], true)
 3 APPPATH\Controllers\Admin.php(259): CodeIgniter\Model->insert([...])
 4 SYSTEMPATH\CodeIgniter.php(933): App\Controllers\Admin->saveadmission()
 5 SYSTEMPATH\CodeIgniter.php(509): CodeIgniter\CodeIgniter->runController(Object(App\Controllers\Admin))
 6 SYSTEMPATH\CodeIgniter.php(355): CodeIgniter\CodeIgniter->handleRequest(null, Object(Config\Cache), false)
 7 SYSTEMPATH\Boot.php(312): CodeIgniter\CodeIgniter->run()
 8 SYSTEMPATH\Boot.php(67): CodeIgniter\Boot::runCodeIgniter(Object(CodeIgniter\CodeIgniter))
 9 FCPATH\index.php(56): CodeIgniter\Boot::bootWeb(Object(Config\Paths))
CRITICAL - 2026-02-21 13:10:57 --> CodeIgniter\Database\Exceptions\DataException: There is no data to insert.
[Method: POST, Route: saveadmission]
in SYSTEMPATH\BaseModel.php on line 826.
 1 SYSTEMPATH\BaseModel.php(826): CodeIgniter\Database\Exceptions\DataException::forEmptyDataset('insert')
 2 SYSTEMPATH\Model.php(790): CodeIgniter\BaseModel->insert([], true)
 3 APPPATH\Controllers\Admin.php(259): CodeIgniter\Model->insert([...])
 4 SYSTEMPATH\CodeIgniter.php(933): App\Controllers\Admin->saveadmission()
 5 SYSTEMPATH\CodeIgniter.php(509): CodeIgniter\CodeIgniter->runController(Object(App\Controllers\Admin))
 6 SYSTEMPATH\CodeIgniter.php(355): CodeIgniter\CodeIgniter->handleRequest(null, Object(Config\Cache), false)
 7 SYSTEMPATH\Boot.php(312): CodeIgniter\CodeIgniter->run()
 8 SYSTEMPATH\Boot.php(67): CodeIgniter\Boot::runCodeIgniter(Object(CodeIgniter\CodeIgniter))
 9 FCPATH\index.php(56): CodeIgniter\Boot::bootWeb(Object(Config\Paths))
ERROR - 2026-02-21 13:12:01 --> mysqli_sql_exception: Column 'StuID' cannot be null in C:\xampp\htdocs\wwwc\education\resultniceneatcomputer\system\Database\MySQLi\Connection.php:308
Stack trace:
#0 C:\xampp\htdocs\wwwc\education\resultniceneatcomputer\system\Database\MySQLi\Connection.php(308): mysqli->query('INSERT INTO `ad...', 0)
#1 C:\xampp\htdocs\wwwc\education\resultniceneatcomputer\system\Database\BaseConnection.php(721): CodeIgniter\Database\MySQLi\Connection->execute('INSERT INTO `ad...')
#2 C:\xampp\htdocs\wwwc\education\resultniceneatcomputer\system\Database\BaseConnection.php(635): CodeIgniter\Database\BaseConnection->simpleQuery('INSERT INTO `ad...')
#3 C:\xampp\htdocs\wwwc\education\resultniceneatcomputer\system\Database\BaseBuilder.php(2325): CodeIgniter\Database\BaseConnection->query('INSERT INTO `ad...', Array, false)
#4 C:\xampp\htdocs\wwwc\education\resultniceneatcomputer\system\Model.php(382): CodeIgniter\Database\BaseBuilder->insert()
#5 C:\xampp\htdocs\wwwc\education\resultniceneatcomputer\system\BaseModel.php(840): CodeIgniter\Model->doInsert(Array)
#6 C:\xampp\htdocs\wwwc\education\resultniceneatcomputer\system\Model.php(790): CodeIgniter\BaseModel->insert(Array, true)
#7 C:\xampp\htdocs\wwwc\education\resultniceneatcomputer\app\Controllers\Admin.php(260): CodeIgniter\Model->insert(Array)
#8 C:\xampp\htdocs\wwwc\education\resultniceneatcomputer\system\CodeIgniter.php(933): App\Controllers\Admin->saveadmission()
#9 C:\xampp\htdocs\wwwc\education\resultniceneatcomputer\system\CodeIgniter.php(509): CodeIgniter\CodeIgniter->runController(Object(App\Controllers\Admin))
#10 C:\xampp\htdocs\wwwc\education\resultniceneatcomputer\system\CodeIgniter.php(355): CodeIgniter\CodeIgniter->handleRequest(NULL, Object(Config\Cache), false)
#11 C:\xampp\htdocs\wwwc\education\resultniceneatcomputer\system\Boot.php(312): CodeIgniter\CodeIgniter->run()
#12 C:\xampp\htdocs\wwwc\education\resultniceneatcomputer\system\Boot.php(67): CodeIgniter\Boot::runCodeIgniter(Object(CodeIgniter\CodeIgniter))
#13 C:\xampp\htdocs\wwwc\education\resultniceneatcomputer\public\index.php(56): CodeIgniter\Boot::bootWeb(Object(Config\Paths))
#14 {main}
CRITICAL - 2026-02-21 13:12:01 --> CodeIgniter\Database\Exceptions\DatabaseException: Column 'StuID' cannot be null
[Method: POST, Route: saveadmission]
in SYSTEMPATH\Database\BaseConnection.php on line 675.
 1 SYSTEMPATH\Database\BaseBuilder.php(2325): CodeIgniter\Database\BaseConnection->query('INSERT INTO `admission` (`StuID`, `CourseID`, `CreatedDate`) VALUES (:StuID:, :CourseID:, :CreatedDate:)', [...], false)
 2 SYSTEMPATH\Model.php(382): CodeIgniter\Database\BaseBuilder->insert()
 3 SYSTEMPATH\BaseModel.php(840): CodeIgniter\Model->doInsert([...])
 4 SYSTEMPATH\Model.php(790): CodeIgniter\BaseModel->insert([...], true)
 5 APPPATH\Controllers\Admin.php(260): CodeIgniter\Model->insert([...])
 6 SYSTEMPATH\CodeIgniter.php(933): App\Controllers\Admin->saveadmission()
 7 SYSTEMPATH\CodeIgniter.php(509): CodeIgniter\CodeIgniter->runController(Object(App\Controllers\Admin))
 8 SYSTEMPATH\CodeIgniter.php(355): CodeIgniter\CodeIgniter->handleRequest(null, Object(Config\Cache), false)
 9 SYSTEMPATH\Boot.php(312): CodeIgniter\CodeIgniter->run()
10 SYSTEMPATH\Boot.php(67): CodeIgniter\Boot::runCodeIgniter(Object(CodeIgniter\CodeIgniter))
11 FCPATH\index.php(56): CodeIgniter\Boot::bootWeb(Object(Config\Paths))
CRITICAL - 2026-02-21 13:12:01 --> [Caused by] CodeIgniter\Database\Exceptions\DatabaseException: Column 'StuID' cannot be null
in SYSTEMPATH\Database\MySQLi\Connection.php on line 313.
 1 SYSTEMPATH\Database\BaseConnection.php(721): CodeIgniter\Database\MySQLi\Connection->execute('INSERT INTO `admission` (`StuID`, `CourseID`, `CreatedDate`) VALUES (NULL, NULL, \'2026-02-21 13:12:01\')')
 2 SYSTEMPATH\Database\BaseConnection.php(635): CodeIgniter\Database\BaseConnection->simpleQuery('INSERT INTO `admission` (`StuID`, `CourseID`, `CreatedDate`) VALUES (NULL, NULL, \'2026-02-21 13:12:01\')')
 3 SYSTEMPATH\Database\BaseBuilder.php(2325): CodeIgniter\Database\BaseConnection->query('INSERT INTO `admission` (`StuID`, `CourseID`, `CreatedDate`) VALUES (:StuID:, :CourseID:, :CreatedDate:)', [...], false)
 4 SYSTEMPATH\Model.php(382): CodeIgniter\Database\BaseBuilder->insert()
 5 SYSTEMPATH\BaseModel.php(840): CodeIgniter\Model->doInsert([...])
 6 SYSTEMPATH\Model.php(790): CodeIgniter\BaseModel->insert([...], true)
 7 APPPATH\Controllers\Admin.php(260): CodeIgniter\Model->insert([...])
 8 SYSTEMPATH\CodeIgniter.php(933): App\Controllers\Admin->saveadmission()
 9 SYSTEMPATH\CodeIgniter.php(509): CodeIgniter\CodeIgniter->runController(Object(App\Controllers\Admin))
10 SYSTEMPATH\CodeIgniter.php(355): CodeIgniter\CodeIgniter->handleRequest(null, Object(Config\Cache), false)
11 SYSTEMPATH\Boot.php(312): CodeIgniter\CodeIgniter->run()
12 SYSTEMPATH\Boot.php(67): CodeIgniter\Boot::runCodeIgniter(Object(CodeIgniter\CodeIgniter))
13 FCPATH\index.php(56): CodeIgniter\Boot::bootWeb(Object(Config\Paths))
CRITICAL - 2026-02-21 13:12:01 --> [Caused by] mysqli_sql_exception: Column 'StuID' cannot be null
in SYSTEMPATH\Database\MySQLi\Connection.php on line 308.
 1 SYSTEMPATH\Database\MySQLi\Connection.php(308): mysqli->query('INSERT INTO `admission` (`StuID`, `CourseID`, `CreatedDate`) VALUES (NULL, NULL, \'2026-02-21 13:12:01\')', 0)
 2 SYSTEMPATH\Database\BaseConnection.php(721): CodeIgniter\Database\MySQLi\Connection->execute('INSERT INTO `admission` (`StuID`, `CourseID`, `CreatedDate`) VALUES (NULL, NULL, \'2026-02-21 13:12:01\')')
 3 SYSTEMPATH\Database\BaseConnection.php(635): CodeIgniter\Database\BaseConnection->simpleQuery('INSERT INTO `admission` (`StuID`, `CourseID`, `CreatedDate`) VALUES (NULL, NULL, \'2026-02-21 13:12:01\')')
 4 SYSTEMPATH\Database\BaseBuilder.php(2325): CodeIgniter\Database\BaseConnection->query('INSERT INTO `admission` (`StuID`, `CourseID`, `CreatedDate`) VALUES (:StuID:, :CourseID:, :CreatedDate:)', [...], false)
 5 SYSTEMPATH\Model.php(382): CodeIgniter\Database\BaseBuilder->insert()
 6 SYSTEMPATH\BaseModel.php(840): CodeIgniter\Model->doInsert([...])
 7 SYSTEMPATH\Model.php(790): CodeIgniter\BaseModel->insert([...], true)
 8 APPPATH\Controllers\Admin.php(260): CodeIgniter\Model->insert([...])
 9 SYSTEMPATH\CodeIgniter.php(933): App\Controllers\Admin->saveadmission()
10 SYSTEMPATH\CodeIgniter.php(509): CodeIgniter\CodeIgniter->runController(Object(App\Controllers\Admin))
11 SYSTEMPATH\CodeIgniter.php(355): CodeIgniter\CodeIgniter->handleRequest(null, Object(Config\Cache), false)
12 SYSTEMPATH\Boot.php(312): CodeIgniter\CodeIgniter->run()
13 SYSTEMPATH\Boot.php(67): CodeIgniter\Boot::runCodeIgniter(Object(CodeIgniter\CodeIgniter))
14 FCPATH\index.php(56): CodeIgniter\Boot::bootWeb(Object(Config\Paths))
ERROR - 2026-02-21 13:12:22 --> mysqli_sql_exception: Column 'StuID' cannot be null in C:\xampp\htdocs\wwwc\education\resultniceneatcomputer\system\Database\MySQLi\Connection.php:308
Stack trace:
#0 C:\xampp\htdocs\wwwc\education\resultniceneatcomputer\system\Database\MySQLi\Connection.php(308): mysqli->query('INSERT INTO `ad...', 0)
#1 C:\xampp\htdocs\wwwc\education\resultniceneatcomputer\system\Database\BaseConnection.php(721): CodeIgniter\Database\MySQLi\Connection->execute('INSERT INTO `ad...')
#2 C:\xampp\htdocs\wwwc\education\resultniceneatcomputer\system\Database\BaseConnection.php(635): CodeIgniter\Database\BaseConnection->simpleQuery('INSERT INTO `ad...')
#3 C:\xampp\htdocs\wwwc\education\resultniceneatcomputer\system\Database\BaseBuilder.php(2325): CodeIgniter\Database\BaseConnection->query('INSERT INTO `ad...', Array, false)
#4 C:\xampp\htdocs\wwwc\education\resultniceneatcomputer\system\Model.php(382): CodeIgniter\Database\BaseBuilder->insert()
#5 C:\xampp\htdocs\wwwc\education\resultniceneatcomputer\system\BaseModel.php(840): CodeIgniter\Model->doInsert(Array)
#6 C:\xampp\htdocs\wwwc\education\resultniceneatcomputer\system\Model.php(790): CodeIgniter\BaseModel->insert(Array, true)
#7 C:\xampp\htdocs\wwwc\education\resultniceneatcomputer\app\Controllers\Admin.php(260): CodeIgniter\Model->insert(Array)
#8 C:\xampp\htdocs\wwwc\education\resultniceneatcomputer\system\CodeIgniter.php(933): App\Controllers\Admin->saveadmission()
#9 C:\xampp\htdocs\wwwc\education\resultniceneatcomputer\system\CodeIgniter.php(509): CodeIgniter\CodeIgniter->runController(Object(App\Controllers\Admin))
#10 C:\xampp\htdocs\wwwc\education\resultniceneatcomputer\system\CodeIgniter.php(355): CodeIgniter\CodeIgniter->handleRequest(NULL, Object(Config\Cache), false)
#11 C:\xampp\htdocs\wwwc\education\resultniceneatcomputer\system\Boot.php(312): CodeIgniter\CodeIgniter->run()
#12 C:\xampp\htdocs\wwwc\education\resultniceneatcomputer\system\Boot.php(67): CodeIgniter\Boot::runCodeIgniter(Object(CodeIgniter\CodeIgniter))
#13 C:\xampp\htdocs\wwwc\education\resultniceneatcomputer\public\index.php(56): CodeIgniter\Boot::bootWeb(Object(Config\Paths))
#14 {main}
CRITICAL - 2026-02-21 13:12:22 --> CodeIgniter\Database\Exceptions\DatabaseException: Column 'StuID' cannot be null
[Method: POST, Route: saveadmission]
in SYSTEMPATH\Database\BaseConnection.php on line 675.
 1 SYSTEMPATH\Database\BaseBuilder.php(2325): CodeIgniter\Database\BaseConnection->query('INSERT INTO `admission` (`StuID`, `CourseID`, `CreatedDate`) VALUES (:StuID:, :CourseID:, :CreatedDate:)', [...], false)
 2 SYSTEMPATH\Model.php(382): CodeIgniter\Database\BaseBuilder->insert()
 3 SYSTEMPATH\BaseModel.php(840): CodeIgniter\Model->doInsert([...])
 4 SYSTEMPATH\Model.php(790): CodeIgniter\BaseModel->insert([...], true)
 5 APPPATH\Controllers\Admin.php(260): CodeIgniter\Model->insert([...])
 6 SYSTEMPATH\CodeIgniter.php(933): App\Controllers\Admin->saveadmission()
 7 SYSTEMPATH\CodeIgniter.php(509): CodeIgniter\CodeIgniter->runController(Object(App\Controllers\Admin))
 8 SYSTEMPATH\CodeIgniter.php(355): CodeIgniter\CodeIgniter->handleRequest(null, Object(Config\Cache), false)
 9 SYSTEMPATH\Boot.php(312): CodeIgniter\CodeIgniter->run()
10 SYSTEMPATH\Boot.php(67): CodeIgniter\Boot::runCodeIgniter(Object(CodeIgniter\CodeIgniter))
11 FCPATH\index.php(56): CodeIgniter\Boot::bootWeb(Object(Config\Paths))
CRITICAL - 2026-02-21 13:12:22 --> [Caused by] CodeIgniter\Database\Exceptions\DatabaseException: Column 'StuID' cannot be null
in SYSTEMPATH\Database\MySQLi\Connection.php on line 313.
 1 SYSTEMPATH\Database\BaseConnection.php(721): CodeIgniter\Database\MySQLi\Connection->execute('INSERT INTO `admission` (`StuID`, `CourseID`, `CreatedDate`) VALUES (NULL, NULL, \'2026-02-21 13:12:22\')')
 2 SYSTEMPATH\Database\BaseConnection.php(635): CodeIgniter\Database\BaseConnection->simpleQuery('INSERT INTO `admission` (`StuID`, `CourseID`, `CreatedDate`) VALUES (NULL, NULL, \'2026-02-21 13:12:22\')')
 3 SYSTEMPATH\Database\BaseBuilder.php(2325): CodeIgniter\Database\BaseConnection->query('INSERT INTO `admission` (`StuID`, `CourseID`, `CreatedDate`) VALUES (:StuID:, :CourseID:, :CreatedDate:)', [...], false)
 4 SYSTEMPATH\Model.php(382): CodeIgniter\Database\BaseBuilder->insert()
 5 SYSTEMPATH\BaseModel.php(840): CodeIgniter\Model->doInsert([...])
 6 SYSTEMPATH\Model.php(790): CodeIgniter\BaseModel->insert([...], true)
 7 APPPATH\Controllers\Admin.php(260): CodeIgniter\Model->insert([...])
 8 SYSTEMPATH\CodeIgniter.php(933): App\Controllers\Admin->saveadmission()
 9 SYSTEMPATH\CodeIgniter.php(509): CodeIgniter\CodeIgniter->runController(Object(App\Controllers\Admin))
10 SYSTEMPATH\CodeIgniter.php(355): CodeIgniter\CodeIgniter->handleRequest(null, Object(Config\Cache), false)
11 SYSTEMPATH\Boot.php(312): CodeIgniter\CodeIgniter->run()
12 SYSTEMPATH\Boot.php(67): CodeIgniter\Boot::runCodeIgniter(Object(CodeIgniter\CodeIgniter))
13 FCPATH\index.php(56): CodeIgniter\Boot::bootWeb(Object(Config\Paths))
CRITICAL - 2026-02-21 13:12:22 --> [Caused by] mysqli_sql_exception: Column 'StuID' cannot be null
in SYSTEMPATH\Database\MySQLi\Connection.php on line 308.
 1 SYSTEMPATH\Database\MySQLi\Connection.php(308): mysqli->query('INSERT INTO `admission` (`StuID`, `CourseID`, `CreatedDate`) VALUES (NULL, NULL, \'2026-02-21 13:12:22\')', 0)
 2 SYSTEMPATH\Database\BaseConnection.php(721): CodeIgniter\Database\MySQLi\Connection->execute('INSERT INTO `admission` (`StuID`, `CourseID`, `CreatedDate`) VALUES (NULL, NULL, \'2026-02-21 13:12:22\')')
 3 SYSTEMPATH\Database\BaseConnection.php(635): CodeIgniter\Database\BaseConnection->simpleQuery('INSERT INTO `admission` (`StuID`, `CourseID`, `CreatedDate`) VALUES (NULL, NULL, \'2026-02-21 13:12:22\')')
 4 SYSTEMPATH\Database\BaseBuilder.php(2325): CodeIgniter\Database\BaseConnection->query('INSERT INTO `admission` (`StuID`, `CourseID`, `CreatedDate`) VALUES (:StuID:, :CourseID:, :CreatedDate:)', [...], false)
 5 SYSTEMPATH\Model.php(382): CodeIgniter\Database\BaseBuilder->insert()
 6 SYSTEMPATH\BaseModel.php(840): CodeIgniter\Model->doInsert([...])
 7 SYSTEMPATH\Model.php(790): CodeIgniter\BaseModel->insert([...], true)
 8 APPPATH\Controllers\Admin.php(260): CodeIgniter\Model->insert([...])
 9 SYSTEMPATH\CodeIgniter.php(933): App\Controllers\Admin->saveadmission()
10 SYSTEMPATH\CodeIgniter.php(509): CodeIgniter\CodeIgniter->runController(Object(App\Controllers\Admin))
11 SYSTEMPATH\CodeIgniter.php(355): CodeIgniter\CodeIgniter->handleRequest(null, Object(Config\Cache), false)
12 SYSTEMPATH\Boot.php(312): CodeIgniter\CodeIgniter->run()
13 SYSTEMPATH\Boot.php(67): CodeIgniter\Boot::runCodeIgniter(Object(CodeIgniter\CodeIgniter))
14 FCPATH\index.php(56): CodeIgniter\Boot::bootWeb(Object(Config\Paths))
ERROR - 2026-02-21 13:13:01 --> mysqli_sql_exception: Column 'CourseID' cannot be null in C:\xampp\htdocs\wwwc\education\resultniceneatcomputer\system\Database\MySQLi\Connection.php:308
Stack trace:
#0 C:\xampp\htdocs\wwwc\education\resultniceneatcomputer\system\Database\MySQLi\Connection.php(308): mysqli->query('INSERT INTO `ad...', 0)
#1 C:\xampp\htdocs\wwwc\education\resultniceneatcomputer\system\Database\BaseConnection.php(721): CodeIgniter\Database\MySQLi\Connection->execute('INSERT INTO `ad...')
#2 C:\xampp\htdocs\wwwc\education\resultniceneatcomputer\system\Database\BaseConnection.php(635): CodeIgniter\Database\BaseConnection->simpleQuery('INSERT INTO `ad...')
#3 C:\xampp\htdocs\wwwc\education\resultniceneatcomputer\system\Database\BaseBuilder.php(2325): CodeIgniter\Database\BaseConnection->query('INSERT INTO `ad...', Array, false)
#4 C:\xampp\htdocs\wwwc\education\resultniceneatcomputer\system\Model.php(382): CodeIgniter\Database\BaseBuilder->insert()
#5 C:\xampp\htdocs\wwwc\education\resultniceneatcomputer\system\BaseModel.php(840): CodeIgniter\Model->doInsert(Array)
#6 C:\xampp\htdocs\wwwc\education\resultniceneatcomputer\system\Model.php(790): CodeIgniter\BaseModel->insert(Array, true)
#7 C:\xampp\htdocs\wwwc\education\resultniceneatcomputer\app\Controllers\Admin.php(260): CodeIgniter\Model->insert(Array)
#8 C:\xampp\htdocs\wwwc\education\resultniceneatcomputer\system\CodeIgniter.php(933): App\Controllers\Admin->saveadmission()
#9 C:\xampp\htdocs\wwwc\education\resultniceneatcomputer\system\CodeIgniter.php(509): CodeIgniter\CodeIgniter->runController(Object(App\Controllers\Admin))
#10 C:\xampp\htdocs\wwwc\education\resultniceneatcomputer\system\CodeIgniter.php(355): CodeIgniter\CodeIgniter->handleRequest(NULL, Object(Config\Cache), false)
#11 C:\xampp\htdocs\wwwc\education\resultniceneatcomputer\system\Boot.php(312): CodeIgniter\CodeIgniter->run()
#12 C:\xampp\htdocs\wwwc\education\resultniceneatcomputer\system\Boot.php(67): CodeIgniter\Boot::runCodeIgniter(Object(CodeIgniter\CodeIgniter))
#13 C:\xampp\htdocs\wwwc\education\resultniceneatcomputer\public\index.php(56): CodeIgniter\Boot::bootWeb(Object(Config\Paths))
#14 {main}
CRITICAL - 2026-02-21 13:13:01 --> CodeIgniter\Database\Exceptions\DatabaseException: Column 'CourseID' cannot be null
[Method: POST, Route: saveadmission]
in SYSTEMPATH\Database\BaseConnection.php on line 675.
 1 SYSTEMPATH\Database\BaseBuilder.php(2325): CodeIgniter\Database\BaseConnection->query('INSERT INTO `admission` (`StuID`, `CourseID`, `CreatedDate`) VALUES (:StuID:, :CourseID:, :CreatedDate:)', [...], false)
 2 SYSTEMPATH\Model.php(382): CodeIgniter\Database\BaseBuilder->insert()
 3 SYSTEMPATH\BaseModel.php(840): CodeIgniter\Model->doInsert([...])
 4 SYSTEMPATH\Model.php(790): CodeIgniter\BaseModel->insert([...], true)
 5 APPPATH\Controllers\Admin.php(260): CodeIgniter\Model->insert([...])
 6 SYSTEMPATH\CodeIgniter.php(933): App\Controllers\Admin->saveadmission()
 7 SYSTEMPATH\CodeIgniter.php(509): CodeIgniter\CodeIgniter->runController(Object(App\Controllers\Admin))
 8 SYSTEMPATH\CodeIgniter.php(355): CodeIgniter\CodeIgniter->handleRequest(null, Object(Config\Cache), false)
 9 SYSTEMPATH\Boot.php(312): CodeIgniter\CodeIgniter->run()
10 SYSTEMPATH\Boot.php(67): CodeIgniter\Boot::runCodeIgniter(Object(CodeIgniter\CodeIgniter))
11 FCPATH\index.php(56): CodeIgniter\Boot::bootWeb(Object(Config\Paths))
CRITICAL - 2026-02-21 13:13:01 --> [Caused by] CodeIgniter\Database\Exceptions\DatabaseException: Column 'CourseID' cannot be null
in SYSTEMPATH\Database\MySQLi\Connection.php on line 313.
 1 SYSTEMPATH\Database\BaseConnection.php(721): CodeIgniter\Database\MySQLi\Connection->execute('INSERT INTO `admission` (`StuID`, `CourseID`, `CreatedDate`) VALUES (\'022026003\', NULL, \'2026-02-21 13:13:01\')')
 2 SYSTEMPATH\Database\BaseConnection.php(635): CodeIgniter\Database\BaseConnection->simpleQuery('INSERT INTO `admission` (`StuID`, `CourseID`, `CreatedDate`) VALUES (\'022026003\', NULL, \'2026-02-21 13:13:01\')')
 3 SYSTEMPATH\Database\BaseBuilder.php(2325): CodeIgniter\Database\BaseConnection->query('INSERT INTO `admission` (`StuID`, `CourseID`, `CreatedDate`) VALUES (:StuID:, :CourseID:, :CreatedDate:)', [...], false)
 4 SYSTEMPATH\Model.php(382): CodeIgniter\Database\BaseBuilder->insert()
 5 SYSTEMPATH\BaseModel.php(840): CodeIgniter\Model->doInsert([...])
 6 SYSTEMPATH\Model.php(790): CodeIgniter\BaseModel->insert([...], true)
 7 APPPATH\Controllers\Admin.php(260): CodeIgniter\Model->insert([...])
 8 SYSTEMPATH\CodeIgniter.php(933): App\Controllers\Admin->saveadmission()
 9 SYSTEMPATH\CodeIgniter.php(509): CodeIgniter\CodeIgniter->runController(Object(App\Controllers\Admin))
10 SYSTEMPATH\CodeIgniter.php(355): CodeIgniter\CodeIgniter->handleRequest(null, Object(Config\Cache), false)
11 SYSTEMPATH\Boot.php(312): CodeIgniter\CodeIgniter->run()
12 SYSTEMPATH\Boot.php(67): CodeIgniter\Boot::runCodeIgniter(Object(CodeIgniter\CodeIgniter))
13 FCPATH\index.php(56): CodeIgniter\Boot::bootWeb(Object(Config\Paths))
CRITICAL - 2026-02-21 13:13:01 --> [Caused by] mysqli_sql_exception: Column 'CourseID' cannot be null
in SYSTEMPATH\Database\MySQLi\Connection.php on line 308.
 1 SYSTEMPATH\Database\MySQLi\Connection.php(308): mysqli->query('INSERT INTO `admission` (`StuID`, `CourseID`, `CreatedDate`) VALUES (\'022026003\', NULL, \'2026-02-21 13:13:01\')', 0)
 2 SYSTEMPATH\Database\BaseConnection.php(721): CodeIgniter\Database\MySQLi\Connection->execute('INSERT INTO `admission` (`StuID`, `CourseID`, `CreatedDate`) VALUES (\'022026003\', NULL, \'2026-02-21 13:13:01\')')
 3 SYSTEMPATH\Database\BaseConnection.php(635): CodeIgniter\Database\BaseConnection->simpleQuery('INSERT INTO `admission` (`StuID`, `CourseID`, `CreatedDate`) VALUES (\'022026003\', NULL, \'2026-02-21 13:13:01\')')
 4 SYSTEMPATH\Database\BaseBuilder.php(2325): CodeIgniter\Database\BaseConnection->query('INSERT INTO `admission` (`StuID`, `CourseID`, `CreatedDate`) VALUES (:StuID:, :CourseID:, :CreatedDate:)', [...], false)
 5 SYSTEMPATH\Model.php(382): CodeIgniter\Database\BaseBuilder->insert()
 6 SYSTEMPATH\BaseModel.php(840): CodeIgniter\Model->doInsert([...])
 7 SYSTEMPATH\Model.php(790): CodeIgniter\BaseModel->insert([...], true)
 8 APPPATH\Controllers\Admin.php(260): CodeIgniter\Model->insert([...])
 9 SYSTEMPATH\CodeIgniter.php(933): App\Controllers\Admin->saveadmission()
10 SYSTEMPATH\CodeIgniter.php(509): CodeIgniter\CodeIgniter->runController(Object(App\Controllers\Admin))
11 SYSTEMPATH\CodeIgniter.php(355): CodeIgniter\CodeIgniter->handleRequest(null, Object(Config\Cache), false)
12 SYSTEMPATH\Boot.php(312): CodeIgniter\CodeIgniter->run()
13 SYSTEMPATH\Boot.php(67): CodeIgniter\Boot::runCodeIgniter(Object(CodeIgniter\CodeIgniter))
14 FCPATH\index.php(56): CodeIgniter\Boot::bootWeb(Object(Config\Paths))
ERROR - 2026-02-21 13:13:13 --> mysqli_sql_exception: Column 'CourseID' cannot be null in C:\xampp\htdocs\wwwc\education\resultniceneatcomputer\system\Database\MySQLi\Connection.php:308
Stack trace:
#0 C:\xampp\htdocs\wwwc\education\resultniceneatcomputer\system\Database\MySQLi\Connection.php(308): mysqli->query('INSERT INTO `ad...', 0)
#1 C:\xampp\htdocs\wwwc\education\resultniceneatcomputer\system\Database\BaseConnection.php(721): CodeIgniter\Database\MySQLi\Connection->execute('INSERT INTO `ad...')
#2 C:\xampp\htdocs\wwwc\education\resultniceneatcomputer\system\Database\BaseConnection.php(635): CodeIgniter\Database\BaseConnection->simpleQuery('INSERT INTO `ad...')
#3 C:\xampp\htdocs\wwwc\education\resultniceneatcomputer\system\Database\BaseBuilder.php(2325): CodeIgniter\Database\BaseConnection->query('INSERT INTO `ad...', Array, false)
#4 C:\xampp\htdocs\wwwc\education\resultniceneatcomputer\system\Model.php(382): CodeIgniter\Database\BaseBuilder->insert()
#5 C:\xampp\htdocs\wwwc\education\resultniceneatcomputer\system\BaseModel.php(840): CodeIgniter\Model->doInsert(Array)
#6 C:\xampp\htdocs\wwwc\education\resultniceneatcomputer\system\Model.php(790): CodeIgniter\BaseModel->insert(Array, true)
#7 C:\xampp\htdocs\wwwc\education\resultniceneatcomputer\app\Controllers\Admin.php(260): CodeIgniter\Model->insert(Array)
#8 C:\xampp\htdocs\wwwc\education\resultniceneatcomputer\system\CodeIgniter.php(933): App\Controllers\Admin->saveadmission()
#9 C:\xampp\htdocs\wwwc\education\resultniceneatcomputer\system\CodeIgniter.php(509): CodeIgniter\CodeIgniter->runController(Object(App\Controllers\Admin))
#10 C:\xampp\htdocs\wwwc\education\resultniceneatcomputer\system\CodeIgniter.php(355): CodeIgniter\CodeIgniter->handleRequest(NULL, Object(Config\Cache), false)
#11 C:\xampp\htdocs\wwwc\education\resultniceneatcomputer\system\Boot.php(312): CodeIgniter\CodeIgniter->run()
#12 C:\xampp\htdocs\wwwc\education\resultniceneatcomputer\system\Boot.php(67): CodeIgniter\Boot::runCodeIgniter(Object(CodeIgniter\CodeIgniter))
#13 C:\xampp\htdocs\wwwc\education\resultniceneatcomputer\public\index.php(56): CodeIgniter\Boot::bootWeb(Object(Config\Paths))
#14 {main}
CRITICAL - 2026-02-21 13:13:13 --> CodeIgniter\Database\Exceptions\DatabaseException: Column 'CourseID' cannot be null
[Method: POST, Route: saveadmission]
in SYSTEMPATH\Database\BaseConnection.php on line 675.
 1 SYSTEMPATH\Database\BaseBuilder.php(2325): CodeIgniter\Database\BaseConnection->query('INSERT INTO `admission` (`StuID`, `CourseID`, `CreatedDate`) VALUES (:StuID:, :CourseID:, :CreatedDate:)', [...], false)
 2 SYSTEMPATH\Model.php(382): CodeIgniter\Database\BaseBuilder->insert()
 3 SYSTEMPATH\BaseModel.php(840): CodeIgniter\Model->doInsert([...])
 4 SYSTEMPATH\Model.php(790): CodeIgniter\BaseModel->insert([...], true)
 5 APPPATH\Controllers\Admin.php(260): CodeIgniter\Model->insert([...])
 6 SYSTEMPATH\CodeIgniter.php(933): App\Controllers\Admin->saveadmission()
 7 SYSTEMPATH\CodeIgniter.php(509): CodeIgniter\CodeIgniter->runController(Object(App\Controllers\Admin))
 8 SYSTEMPATH\CodeIgniter.php(355): CodeIgniter\CodeIgniter->handleRequest(null, Object(Config\Cache), false)
 9 SYSTEMPATH\Boot.php(312): CodeIgniter\CodeIgniter->run()
10 SYSTEMPATH\Boot.php(67): CodeIgniter\Boot::runCodeIgniter(Object(CodeIgniter\CodeIgniter))
11 FCPATH\index.php(56): CodeIgniter\Boot::bootWeb(Object(Config\Paths))
CRITICAL - 2026-02-21 13:13:13 --> [Caused by] CodeIgniter\Database\Exceptions\DatabaseException: Column 'CourseID' cannot be null
in SYSTEMPATH\Database\MySQLi\Connection.php on line 313.
 1 SYSTEMPATH\Database\BaseConnection.php(721): CodeIgniter\Database\MySQLi\Connection->execute('INSERT INTO `admission` (`StuID`, `CourseID`, `CreatedDate`) VALUES (\'022026003\', NULL, \'2026-02-21 13:13:13\')')
 2 SYSTEMPATH\Database\BaseConnection.php(635): CodeIgniter\Database\BaseConnection->simpleQuery('INSERT INTO `admission` (`StuID`, `CourseID`, `CreatedDate`) VALUES (\'022026003\', NULL, \'2026-02-21 13:13:13\')')
 3 SYSTEMPATH\Database\BaseBuilder.php(2325): CodeIgniter\Database\BaseConnection->query('INSERT INTO `admission` (`StuID`, `CourseID`, `CreatedDate`) VALUES (:StuID:, :CourseID:, :CreatedDate:)', [...], false)
 4 SYSTEMPATH\Model.php(382): CodeIgniter\Database\BaseBuilder->insert()
 5 SYSTEMPATH\BaseModel.php(840): CodeIgniter\Model->doInsert([...])
 6 SYSTEMPATH\Model.php(790): CodeIgniter\BaseModel->insert([...], true)
 7 APPPATH\Controllers\Admin.php(260): CodeIgniter\Model->insert([...])
 8 SYSTEMPATH\CodeIgniter.php(933): App\Controllers\Admin->saveadmission()
 9 SYSTEMPATH\CodeIgniter.php(509): CodeIgniter\CodeIgniter->runController(Object(App\Controllers\Admin))
10 SYSTEMPATH\CodeIgniter.php(355): CodeIgniter\CodeIgniter->handleRequest(null, Object(Config\Cache), false)
11 SYSTEMPATH\Boot.php(312): CodeIgniter\CodeIgniter->run()
12 SYSTEMPATH\Boot.php(67): CodeIgniter\Boot::runCodeIgniter(Object(CodeIgniter\CodeIgniter))
13 FCPATH\index.php(56): CodeIgniter\Boot::bootWeb(Object(Config\Paths))
CRITICAL - 2026-02-21 13:13:13 --> [Caused by] mysqli_sql_exception: Column 'CourseID' cannot be null
in SYSTEMPATH\Database\MySQLi\Connection.php on line 308.
 1 SYSTEMPATH\Database\MySQLi\Connection.php(308): mysqli->query('INSERT INTO `admission` (`StuID`, `CourseID`, `CreatedDate`) VALUES (\'022026003\', NULL, \'2026-02-21 13:13:13\')', 0)
 2 SYSTEMPATH\Database\BaseConnection.php(721): CodeIgniter\Database\MySQLi\Connection->execute('INSERT INTO `admission` (`StuID`, `CourseID`, `CreatedDate`) VALUES (\'022026003\', NULL, \'2026-02-21 13:13:13\')')
 3 SYSTEMPATH\Database\BaseConnection.php(635): CodeIgniter\Database\BaseConnection->simpleQuery('INSERT INTO `admission` (`StuID`, `CourseID`, `CreatedDate`) VALUES (\'022026003\', NULL, \'2026-02-21 13:13:13\')')
 4 SYSTEMPATH\Database\BaseBuilder.php(2325): CodeIgniter\Database\BaseConnection->query('INSERT INTO `admission` (`StuID`, `CourseID`, `CreatedDate`) VALUES (:StuID:, :CourseID:, :CreatedDate:)', [...], false)
 5 SYSTEMPATH\Model.php(382): CodeIgniter\Database\BaseBuilder->insert()
 6 SYSTEMPATH\BaseModel.php(840): CodeIgniter\Model->doInsert([...])
 7 SYSTEMPATH\Model.php(790): CodeIgniter\BaseModel->insert([...], true)
 8 APPPATH\Controllers\Admin.php(260): CodeIgniter\Model->insert([...])
 9 SYSTEMPATH\CodeIgniter.php(933): App\Controllers\Admin->saveadmission()
10 SYSTEMPATH\CodeIgniter.php(509): CodeIgniter\CodeIgniter->runController(Object(App\Controllers\Admin))
11 SYSTEMPATH\CodeIgniter.php(355): CodeIgniter\CodeIgniter->handleRequest(null, Object(Config\Cache), false)
12 SYSTEMPATH\Boot.php(312): CodeIgniter\CodeIgniter->run()
13 SYSTEMPATH\Boot.php(67): CodeIgniter\Boot::runCodeIgniter(Object(CodeIgniter\CodeIgniter))
14 FCPATH\index.php(56): CodeIgniter\Boot::bootWeb(Object(Config\Paths))
ERROR - 2026-02-21 13:20:03 --> mysqli_sql_exception: Table 'niceneat.course' doesn't exist in C:\xampp\htdocs\wwwc\education\resultniceneatcomputer\system\Database\MySQLi\Connection.php:308
Stack trace:
#0 C:\xampp\htdocs\wwwc\education\resultniceneatcomputer\system\Database\MySQLi\Connection.php(308): mysqli->query('SELECT `admissi...', 0)
#1 C:\xampp\htdocs\wwwc\education\resultniceneatcomputer\system\Database\BaseConnection.php(721): CodeIgniter\Database\MySQLi\Connection->execute('SELECT `admissi...')
#2 C:\xampp\htdocs\wwwc\education\resultniceneatcomputer\system\Database\BaseConnection.php(635): CodeIgniter\Database\BaseConnection->simpleQuery('SELECT `admissi...')
#3 C:\xampp\htdocs\wwwc\education\resultniceneatcomputer\system\Database\BaseBuilder.php(1629): CodeIgniter\Database\BaseConnection->query('SELECT `admissi...', Array, false)
#4 C:\xampp\htdocs\wwwc\education\resultniceneatcomputer\system\Model.php(918): CodeIgniter\Database\BaseBuilder->get()
#5 C:\xampp\htdocs\wwwc\education\resultniceneatcomputer\app\Controllers\Admin.php(273): CodeIgniter\Model->__call('get', Array)
#6 C:\xampp\htdocs\wwwc\education\resultniceneatcomputer\system\CodeIgniter.php(933): App\Controllers\Admin->admissionlist('022026003')
#7 C:\xampp\htdocs\wwwc\education\resultniceneatcomputer\system\CodeIgniter.php(509): CodeIgniter\CodeIgniter->runController(Object(App\Controllers\Admin))
#8 C:\xampp\htdocs\wwwc\education\resultniceneatcomputer\system\CodeIgniter.php(355): CodeIgniter\CodeIgniter->handleRequest(NULL, Object(Config\Cache), false)
#9 C:\xampp\htdocs\wwwc\education\resultniceneatcomputer\system\Boot.php(312): CodeIgniter\CodeIgniter->run()
#10 C:\xampp\htdocs\wwwc\education\resultniceneatcomputer\system\Boot.php(67): CodeIgniter\Boot::runCodeIgniter(Object(CodeIgniter\CodeIgniter))
#11 C:\xampp\htdocs\wwwc\education\resultniceneatcomputer\public\index.php(56): CodeIgniter\Boot::bootWeb(Object(Config\Paths))
#12 {main}
CRITICAL - 2026-02-21 13:20:03 --> CodeIgniter\Database\Exceptions\DatabaseException: Table 'niceneat.course' doesn't exist
[Method: GET, Route: admissionlist/022026003]
in SYSTEMPATH\Database\BaseConnection.php on line 675.
 1 SYSTEMPATH\Database\BaseBuilder.php(1629): CodeIgniter\Database\BaseConnection->query('SELECT `admission`.*, `course`.`CName`
FROM `admission`
JOIN `course` ON `course`.`ID` = `admission`.`course_id`
WHERE `regno` = :regno:', [...], false)
 2 SYSTEMPATH\Model.php(918): CodeIgniter\Database\BaseBuilder->get()
 3 APPPATH\Controllers\Admin.php(273): CodeIgniter\Model->__call('get', [])
 4 SYSTEMPATH\CodeIgniter.php(933): App\Controllers\Admin->admissionlist('022026003')
 5 SYSTEMPATH\CodeIgniter.php(509): CodeIgniter\CodeIgniter->runController(Object(App\Controllers\Admin))
 6 SYSTEMPATH\CodeIgniter.php(355): CodeIgniter\CodeIgniter->handleRequest(null, Object(Config\Cache), false)
 7 SYSTEMPATH\Boot.php(312): CodeIgniter\CodeIgniter->run()
 8 SYSTEMPATH\Boot.php(67): CodeIgniter\Boot::runCodeIgniter(Object(CodeIgniter\CodeIgniter))
 9 FCPATH\index.php(56): CodeIgniter\Boot::bootWeb(Object(Config\Paths))
CRITICAL - 2026-02-21 13:20:03 --> [Caused by] CodeIgniter\Database\Exceptions\DatabaseException: Table 'niceneat.course' doesn't exist
in SYSTEMPATH\Database\MySQLi\Connection.php on line 313.
 1 SYSTEMPATH\Database\BaseConnection.php(721): CodeIgniter\Database\MySQLi\Connection->execute('SELECT `admission`.*, `course`.`CName`
FROM `admission`
JOIN `course` ON `course`.`ID` = `admission`.`course_id`
WHERE `regno` = \'022026003\'')
 2 SYSTEMPATH\Database\BaseConnection.php(635): CodeIgniter\Database\BaseConnection->simpleQuery('SELECT `admission`.*, `course`.`CName`
FROM `admission`
JOIN `course` ON `course`.`ID` = `admission`.`course_id`
WHERE `regno` = \'022026003\'')
 3 SYSTEMPATH\Database\BaseBuilder.php(1629): CodeIgniter\Database\BaseConnection->query('SELECT `admission`.*, `course`.`CName`
FROM `admission`
JOIN `course` ON `course`.`ID` = `admission`.`course_id`
WHERE `regno` = :regno:', [...], false)
 4 SYSTEMPATH\Model.php(918): CodeIgniter\Database\BaseBuilder->get()
 5 APPPATH\Controllers\Admin.php(273): CodeIgniter\Model->__call('get', [])
 6 SYSTEMPATH\CodeIgniter.php(933): App\Controllers\Admin->admissionlist('022026003')
 7 SYSTEMPATH\CodeIgniter.php(509): CodeIgniter\CodeIgniter->runController(Object(App\Controllers\Admin))
 8 SYSTEMPATH\CodeIgniter.php(355): CodeIgniter\CodeIgniter->handleRequest(null, Object(Config\Cache), false)
 9 SYSTEMPATH\Boot.php(312): CodeIgniter\CodeIgniter->run()
10 SYSTEMPATH\Boot.php(67): CodeIgniter\Boot::runCodeIgniter(Object(CodeIgniter\CodeIgniter))
11 FCPATH\index.php(56): CodeIgniter\Boot::bootWeb(Object(Config\Paths))
CRITICAL - 2026-02-21 13:20:03 --> [Caused by] mysqli_sql_exception: Table 'niceneat.course' doesn't exist
in SYSTEMPATH\Database\MySQLi\Connection.php on line 308.
 1 SYSTEMPATH\Database\MySQLi\Connection.php(308): mysqli->query('SELECT `admission`.*, `course`.`CName`
FROM `admission`
JOIN `course` ON `course`.`ID` = `admission`.`course_id`
WHERE `regno` = \'022026003\'', 0)
 2 SYSTEMPATH\Database\BaseConnection.php(721): CodeIgniter\Database\MySQLi\Connection->execute('SELECT `admission`.*, `course`.`CName`
FROM `admission`
JOIN `course` ON `course`.`ID` = `admission`.`course_id`
WHERE `regno` = \'022026003\'')
 3 SYSTEMPATH\Database\BaseConnection.php(635): CodeIgniter\Database\BaseConnection->simpleQuery('SELECT `admission`.*, `course`.`CName`
FROM `admission`
JOIN `course` ON `course`.`ID` = `admission`.`course_id`
WHERE `regno` = \'022026003\'')
 4 SYSTEMPATH\Database\BaseBuilder.php(1629): CodeIgniter\Database\BaseConnection->query('SELECT `admission`.*, `course`.`CName`
FROM `admission`
JOIN `course` ON `course`.`ID` = `admission`.`course_id`
WHERE `regno` = :regno:', [...], false)
 5 SYSTEMPATH\Model.php(918): CodeIgniter\Database\BaseBuilder->get()
 6 APPPATH\Controllers\Admin.php(273): CodeIgniter\Model->__call('get', [])
 7 SYSTEMPATH\CodeIgniter.php(933): App\Controllers\Admin->admissionlist('022026003')
 8 SYSTEMPATH\CodeIgniter.php(509): CodeIgniter\CodeIgniter->runController(Object(App\Controllers\Admin))
 9 SYSTEMPATH\CodeIgniter.php(355): CodeIgniter\CodeIgniter->handleRequest(null, Object(Config\Cache), false)
10 SYSTEMPATH\Boot.php(312): CodeIgniter\CodeIgniter->run()
11 SYSTEMPATH\Boot.php(67): CodeIgniter\Boot::runCodeIgniter(Object(CodeIgniter\CodeIgniter))
12 FCPATH\index.php(56): CodeIgniter\Boot::bootWeb(Object(Config\Paths))
ERROR - 2026-02-21 13:21:31 --> mysqli_sql_exception: Table 'niceneat.course' doesn't exist in C:\xampp\htdocs\wwwc\education\resultniceneatcomputer\system\Database\MySQLi\Connection.php:308
Stack trace:
#0 C:\xampp\htdocs\wwwc\education\resultniceneatcomputer\system\Database\MySQLi\Connection.php(308): mysqli->query('SELECT `admissi...', 0)
#1 C:\xampp\htdocs\wwwc\education\resultniceneatcomputer\system\Database\BaseConnection.php(721): CodeIgniter\Database\MySQLi\Connection->execute('SELECT `admissi...')
#2 C:\xampp\htdocs\wwwc\education\resultniceneatcomputer\system\Database\BaseConnection.php(635): CodeIgniter\Database\BaseConnection->simpleQuery('SELECT `admissi...')
#3 C:\xampp\htdocs\wwwc\education\resultniceneatcomputer\system\Database\BaseBuilder.php(1629): CodeIgniter\Database\BaseConnection->query('SELECT `admissi...', Array, false)
#4 C:\xampp\htdocs\wwwc\education\resultniceneatcomputer\system\Model.php(918): CodeIgniter\Database\BaseBuilder->get()
#5 C:\xampp\htdocs\wwwc\education\resultniceneatcomputer\app\Controllers\Admin.php(273): CodeIgniter\Model->__call('get', Array)
#6 C:\xampp\htdocs\wwwc\education\resultniceneatcomputer\system\CodeIgniter.php(933): App\Controllers\Admin->admissionlist('022026003')
#7 C:\xampp\htdocs\wwwc\education\resultniceneatcomputer\system\CodeIgniter.php(509): CodeIgniter\CodeIgniter->runController(Object(App\Controllers\Admin))
#8 C:\xampp\htdocs\wwwc\education\resultniceneatcomputer\system\CodeIgniter.php(355): CodeIgniter\CodeIgniter->handleRequest(NULL, Object(Config\Cache), false)
#9 C:\xampp\htdocs\wwwc\education\resultniceneatcomputer\system\Boot.php(312): CodeIgniter\CodeIgniter->run()
#10 C:\xampp\htdocs\wwwc\education\resultniceneatcomputer\system\Boot.php(67): CodeIgniter\Boot::runCodeIgniter(Object(CodeIgniter\CodeIgniter))
#11 C:\xampp\htdocs\wwwc\education\resultniceneatcomputer\public\index.php(56): CodeIgniter\Boot::bootWeb(Object(Config\Paths))
#12 {main}
CRITICAL - 2026-02-21 13:21:31 --> CodeIgniter\Database\Exceptions\DatabaseException: Table 'niceneat.course' doesn't exist
[Method: GET, Route: admissionlist/022026003]
in SYSTEMPATH\Database\BaseConnection.php on line 675.
 1 SYSTEMPATH\Database\BaseBuilder.php(1629): CodeIgniter\Database\BaseConnection->query('SELECT `admission`.*, `coursemaster`.`CName`
FROM `admission`
JOIN `course` ON `course`.`ID` = `admission`.`course_id`
WHERE `RegNo` = :RegNo:', [...], false)
 2 SYSTEMPATH\Model.php(918): CodeIgniter\Database\BaseBuilder->get()
 3 APPPATH\Controllers\Admin.php(273): CodeIgniter\Model->__call('get', [])
 4 SYSTEMPATH\CodeIgniter.php(933): App\Controllers\Admin->admissionlist('022026003')
 5 SYSTEMPATH\CodeIgniter.php(509): CodeIgniter\CodeIgniter->runController(Object(App\Controllers\Admin))
 6 SYSTEMPATH\CodeIgniter.php(355): CodeIgniter\CodeIgniter->handleRequest(null, Object(Config\Cache), false)
 7 SYSTEMPATH\Boot.php(312): CodeIgniter\CodeIgniter->run()
 8 SYSTEMPATH\Boot.php(67): CodeIgniter\Boot::runCodeIgniter(Object(CodeIgniter\CodeIgniter))
 9 FCPATH\index.php(56): CodeIgniter\Boot::bootWeb(Object(Config\Paths))
CRITICAL - 2026-02-21 13:21:31 --> [Caused by] CodeIgniter\Database\Exceptions\DatabaseException: Table 'niceneat.course' doesn't exist
in SYSTEMPATH\Database\MySQLi\Connection.php on line 313.
 1 SYSTEMPATH\Database\BaseConnection.php(721): CodeIgniter\Database\MySQLi\Connection->execute('SELECT `admission`.*, `coursemaster`.`CName`
FROM `admission`
JOIN `course` ON `course`.`ID` = `admission`.`course_id`
WHERE `RegNo` = \'022026003\'')
 2 SYSTEMPATH\Database\BaseConnection.php(635): CodeIgniter\Database\BaseConnection->simpleQuery('SELECT `admission`.*, `coursemaster`.`CName`
FROM `admission`
JOIN `course` ON `course`.`ID` = `admission`.`course_id`
WHERE `RegNo` = \'022026003\'')
 3 SYSTEMPATH\Database\BaseBuilder.php(1629): CodeIgniter\Database\BaseConnection->query('SELECT `admission`.*, `coursemaster`.`CName`
FROM `admission`
JOIN `course` ON `course`.`ID` = `admission`.`course_id`
WHERE `RegNo` = :RegNo:', [...], false)
 4 SYSTEMPATH\Model.php(918): CodeIgniter\Database\BaseBuilder->get()
 5 APPPATH\Controllers\Admin.php(273): CodeIgniter\Model->__call('get', [])
 6 SYSTEMPATH\CodeIgniter.php(933): App\Controllers\Admin->admissionlist('022026003')
 7 SYSTEMPATH\CodeIgniter.php(509): CodeIgniter\CodeIgniter->runController(Object(App\Controllers\Admin))
 8 SYSTEMPATH\CodeIgniter.php(355): CodeIgniter\CodeIgniter->handleRequest(null, Object(Config\Cache), false)
 9 SYSTEMPATH\Boot.php(312): CodeIgniter\CodeIgniter->run()
10 SYSTEMPATH\Boot.php(67): CodeIgniter\Boot::runCodeIgniter(Object(CodeIgniter\CodeIgniter))
11 FCPATH\index.php(56): CodeIgniter\Boot::bootWeb(Object(Config\Paths))
CRITICAL - 2026-02-21 13:21:31 --> [Caused by] mysqli_sql_exception: Table 'niceneat.course' doesn't exist
in SYSTEMPATH\Database\MySQLi\Connection.php on line 308.
 1 SYSTEMPATH\Database\MySQLi\Connection.php(308): mysqli->query('SELECT `admission`.*, `coursemaster`.`CName`
FROM `admission`
JOIN `course` ON `course`.`ID` = `admission`.`course_id`
WHERE `RegNo` = \'022026003\'', 0)
 2 SYSTEMPATH\Database\BaseConnection.php(721): CodeIgniter\Database\MySQLi\Connection->execute('SELECT `admission`.*, `coursemaster`.`CName`
FROM `admission`
JOIN `course` ON `course`.`ID` = `admission`.`course_id`
WHERE `RegNo` = \'022026003\'')
 3 SYSTEMPATH\Database\BaseConnection.php(635): CodeIgniter\Database\BaseConnection->simpleQuery('SELECT `admission`.*, `coursemaster`.`CName`
FROM `admission`
JOIN `course` ON `course`.`ID` = `admission`.`course_id`
WHERE `RegNo` = \'022026003\'')
 4 SYSTEMPATH\Database\BaseBuilder.php(1629): CodeIgniter\Database\BaseConnection->query('SELECT `admission`.*, `coursemaster`.`CName`
FROM `admission`
JOIN `course` ON `course`.`ID` = `admission`.`course_id`
WHERE `RegNo` = :RegNo:', [...], false)
 5 SYSTEMPATH\Model.php(918): CodeIgniter\Database\BaseBuilder->get()
 6 APPPATH\Controllers\Admin.php(273): CodeIgniter\Model->__call('get', [])
 7 SYSTEMPATH\CodeIgniter.php(933): App\Controllers\Admin->admissionlist('022026003')
 8 SYSTEMPATH\CodeIgniter.php(509): CodeIgniter\CodeIgniter->runController(Object(App\Controllers\Admin))
 9 SYSTEMPATH\CodeIgniter.php(355): CodeIgniter\CodeIgniter->handleRequest(null, Object(Config\Cache), false)
10 SYSTEMPATH\Boot.php(312): CodeIgniter\CodeIgniter->run()
11 SYSTEMPATH\Boot.php(67): CodeIgniter\Boot::runCodeIgniter(Object(CodeIgniter\CodeIgniter))
12 FCPATH\index.php(56): CodeIgniter\Boot::bootWeb(Object(Config\Paths))
ERROR - 2026-02-21 13:21:33 --> mysqli_sql_exception: Table 'niceneat.course' doesn't exist in C:\xampp\htdocs\wwwc\education\resultniceneatcomputer\system\Database\MySQLi\Connection.php:308
Stack trace:
#0 C:\xampp\htdocs\wwwc\education\resultniceneatcomputer\system\Database\MySQLi\Connection.php(308): mysqli->query('SELECT `admissi...', 0)
#1 C:\xampp\htdocs\wwwc\education\resultniceneatcomputer\system\Database\BaseConnection.php(721): CodeIgniter\Database\MySQLi\Connection->execute('SELECT `admissi...')
#2 C:\xampp\htdocs\wwwc\education\resultniceneatcomputer\system\Database\BaseConnection.php(635): CodeIgniter\Database\BaseConnection->simpleQuery('SELECT `admissi...')
#3 C:\xampp\htdocs\wwwc\education\resultniceneatcomputer\system\Database\BaseBuilder.php(1629): CodeIgniter\Database\BaseConnection->query('SELECT `admissi...', Array, false)
#4 C:\xampp\htdocs\wwwc\education\resultniceneatcomputer\system\Model.php(918): CodeIgniter\Database\BaseBuilder->get()
#5 C:\xampp\htdocs\wwwc\education\resultniceneatcomputer\app\Controllers\Admin.php(273): CodeIgniter\Model->__call('get', Array)
#6 C:\xampp\htdocs\wwwc\education\resultniceneatcomputer\system\CodeIgniter.php(933): App\Controllers\Admin->admissionlist('022026003')
#7 C:\xampp\htdocs\wwwc\education\resultniceneatcomputer\system\CodeIgniter.php(509): CodeIgniter\CodeIgniter->runController(Object(App\Controllers\Admin))
#8 C:\xampp\htdocs\wwwc\education\resultniceneatcomputer\system\CodeIgniter.php(355): CodeIgniter\CodeIgniter->handleRequest(NULL, Object(Config\Cache), false)
#9 C:\xampp\htdocs\wwwc\education\resultniceneatcomputer\system\Boot.php(312): CodeIgniter\CodeIgniter->run()
#10 C:\xampp\htdocs\wwwc\education\resultniceneatcomputer\system\Boot.php(67): CodeIgniter\Boot::runCodeIgniter(Object(CodeIgniter\CodeIgniter))
#11 C:\xampp\htdocs\wwwc\education\resultniceneatcomputer\public\index.php(56): CodeIgniter\Boot::bootWeb(Object(Config\Paths))
#12 {main}
CRITICAL - 2026-02-21 13:21:33 --> CodeIgniter\Database\Exceptions\DatabaseException: Table 'niceneat.course' doesn't exist
[Method: GET, Route: admissionlist/022026003]
in SYSTEMPATH\Database\BaseConnection.php on line 675.
 1 SYSTEMPATH\Database\BaseBuilder.php(1629): CodeIgniter\Database\BaseConnection->query('SELECT `admission`.*, `coursemaster`.`CName`
FROM `admission`
JOIN `course` ON `course`.`ID` = `admission`.`course_id`
WHERE `RegNo` = :RegNo:', [...], false)
 2 SYSTEMPATH\Model.php(918): CodeIgniter\Database\BaseBuilder->get()
 3 APPPATH\Controllers\Admin.php(273): CodeIgniter\Model->__call('get', [])
 4 SYSTEMPATH\CodeIgniter.php(933): App\Controllers\Admin->admissionlist('022026003')
 5 SYSTEMPATH\CodeIgniter.php(509): CodeIgniter\CodeIgniter->runController(Object(App\Controllers\Admin))
 6 SYSTEMPATH\CodeIgniter.php(355): CodeIgniter\CodeIgniter->handleRequest(null, Object(Config\Cache), false)
 7 SYSTEMPATH\Boot.php(312): CodeIgniter\CodeIgniter->run()
 8 SYSTEMPATH\Boot.php(67): CodeIgniter\Boot::runCodeIgniter(Object(CodeIgniter\CodeIgniter))
 9 FCPATH\index.php(56): CodeIgniter\Boot::bootWeb(Object(Config\Paths))
CRITICAL - 2026-02-21 13:21:33 --> [Caused by] CodeIgniter\Database\Exceptions\DatabaseException: Table 'niceneat.course' doesn't exist
in SYSTEMPATH\Database\MySQLi\Connection.php on line 313.
 1 SYSTEMPATH\Database\BaseConnection.php(721): CodeIgniter\Database\MySQLi\Connection->execute('SELECT `admission`.*, `coursemaster`.`CName`
FROM `admission`
JOIN `course` ON `course`.`ID` = `admission`.`course_id`
WHERE `RegNo` = \'022026003\'')
 2 SYSTEMPATH\Database\BaseConnection.php(635): CodeIgniter\Database\BaseConnection->simpleQuery('SELECT `admission`.*, `coursemaster`.`CName`
FROM `admission`
JOIN `course` ON `course`.`ID` = `admission`.`course_id`
WHERE `RegNo` = \'022026003\'')
 3 SYSTEMPATH\Database\BaseBuilder.php(1629): CodeIgniter\Database\BaseConnection->query('SELECT `admission`.*, `coursemaster`.`CName`
FROM `admission`
JOIN `course` ON `course`.`ID` = `admission`.`course_id`
WHERE `RegNo` = :RegNo:', [...], false)
 4 SYSTEMPATH\Model.php(918): CodeIgniter\Database\BaseBuilder->get()
 5 APPPATH\Controllers\Admin.php(273): CodeIgniter\Model->__call('get', [])
 6 SYSTEMPATH\CodeIgniter.php(933): App\Controllers\Admin->admissionlist('022026003')
 7 SYSTEMPATH\CodeIgniter.php(509): CodeIgniter\CodeIgniter->runController(Object(App\Controllers\Admin))
 8 SYSTEMPATH\CodeIgniter.php(355): CodeIgniter\CodeIgniter->handleRequest(null, Object(Config\Cache), false)
 9 SYSTEMPATH\Boot.php(312): CodeIgniter\CodeIgniter->run()
10 SYSTEMPATH\Boot.php(67): CodeIgniter\Boot::runCodeIgniter(Object(CodeIgniter\CodeIgniter))
11 FCPATH\index.php(56): CodeIgniter\Boot::bootWeb(Object(Config\Paths))
CRITICAL - 2026-02-21 13:21:33 --> [Caused by] mysqli_sql_exception: Table 'niceneat.course' doesn't exist
in SYSTEMPATH\Database\MySQLi\Connection.php on line 308.
 1 SYSTEMPATH\Database\MySQLi\Connection.php(308): mysqli->query('SELECT `admission`.*, `coursemaster`.`CName`
FROM `admission`
JOIN `course` ON `course`.`ID` = `admission`.`course_id`
WHERE `RegNo` = \'022026003\'', 0)
 2 SYSTEMPATH\Database\BaseConnection.php(721): CodeIgniter\Database\MySQLi\Connection->execute('SELECT `admission`.*, `coursemaster`.`CName`
FROM `admission`
JOIN `course` ON `course`.`ID` = `admission`.`course_id`
WHERE `RegNo` = \'022026003\'')
 3 SYSTEMPATH\Database\BaseConnection.php(635): CodeIgniter\Database\BaseConnection->simpleQuery('SELECT `admission`.*, `coursemaster`.`CName`
FROM `admission`
JOIN `course` ON `course`.`ID` = `admission`.`course_id`
WHERE `RegNo` = \'022026003\'')
 4 SYSTEMPATH\Database\BaseBuilder.php(1629): CodeIgniter\Database\BaseConnection->query('SELECT `admission`.*, `coursemaster`.`CName`
FROM `admission`
JOIN `course` ON `course`.`ID` = `admission`.`course_id`
WHERE `RegNo` = :RegNo:', [...], false)
 5 SYSTEMPATH\Model.php(918): CodeIgniter\Database\BaseBuilder->get()
 6 APPPATH\Controllers\Admin.php(273): CodeIgniter\Model->__call('get', [])
 7 SYSTEMPATH\CodeIgniter.php(933): App\Controllers\Admin->admissionlist('022026003')
 8 SYSTEMPATH\CodeIgniter.php(509): CodeIgniter\CodeIgniter->runController(Object(App\Controllers\Admin))
 9 SYSTEMPATH\CodeIgniter.php(355): CodeIgniter\CodeIgniter->handleRequest(null, Object(Config\Cache), false)
10 SYSTEMPATH\Boot.php(312): CodeIgniter\CodeIgniter->run()
11 SYSTEMPATH\Boot.php(67): CodeIgniter\Boot::runCodeIgniter(Object(CodeIgniter\CodeIgniter))
12 FCPATH\index.php(56): CodeIgniter\Boot::bootWeb(Object(Config\Paths))
ERROR - 2026-02-21 13:21:34 --> mysqli_sql_exception: Table 'niceneat.course' doesn't exist in C:\xampp\htdocs\wwwc\education\resultniceneatcomputer\system\Database\MySQLi\Connection.php:308
Stack trace:
#0 C:\xampp\htdocs\wwwc\education\resultniceneatcomputer\system\Database\MySQLi\Connection.php(308): mysqli->query('SELECT `admissi...', 0)
#1 C:\xampp\htdocs\wwwc\education\resultniceneatcomputer\system\Database\BaseConnection.php(721): CodeIgniter\Database\MySQLi\Connection->execute('SELECT `admissi...')
#2 C:\xampp\htdocs\wwwc\education\resultniceneatcomputer\system\Database\BaseConnection.php(635): CodeIgniter\Database\BaseConnection->simpleQuery('SELECT `admissi...')
#3 C:\xampp\htdocs\wwwc\education\resultniceneatcomputer\system\Database\BaseBuilder.php(1629): CodeIgniter\Database\BaseConnection->query('SELECT `admissi...', Array, false)
#4 C:\xampp\htdocs\wwwc\education\resultniceneatcomputer\system\Model.php(918): CodeIgniter\Database\BaseBuilder->get()
#5 C:\xampp\htdocs\wwwc\education\resultniceneatcomputer\app\Controllers\Admin.php(273): CodeIgniter\Model->__call('get', Array)
#6 C:\xampp\htdocs\wwwc\education\resultniceneatcomputer\system\CodeIgniter.php(933): App\Controllers\Admin->admissionlist('022026003')
#7 C:\xampp\htdocs\wwwc\education\resultniceneatcomputer\system\CodeIgniter.php(509): CodeIgniter\CodeIgniter->runController(Object(App\Controllers\Admin))
#8 C:\xampp\htdocs\wwwc\education\resultniceneatcomputer\system\CodeIgniter.php(355): CodeIgniter\CodeIgniter->handleRequest(NULL, Object(Config\Cache), false)
#9 C:\xampp\htdocs\wwwc\education\resultniceneatcomputer\system\Boot.php(312): CodeIgniter\CodeIgniter->run()
#10 C:\xampp\htdocs\wwwc\education\resultniceneatcomputer\system\Boot.php(67): CodeIgniter\Boot::runCodeIgniter(Object(CodeIgniter\CodeIgniter))
#11 C:\xampp\htdocs\wwwc\education\resultniceneatcomputer\public\index.php(56): CodeIgniter\Boot::bootWeb(Object(Config\Paths))
#12 {main}
CRITICAL - 2026-02-21 13:21:34 --> CodeIgniter\Database\Exceptions\DatabaseException: Table 'niceneat.course' doesn't exist
[Method: GET, Route: admissionlist/022026003]
in SYSTEMPATH\Database\BaseConnection.php on line 675.
 1 SYSTEMPATH\Database\BaseBuilder.php(1629): CodeIgniter\Database\BaseConnection->query('SELECT `admission`.*, `coursemaster`.`CName`
FROM `admission`
JOIN `course` ON `course`.`ID` = `admission`.`course_id`
WHERE `RegNo` = :RegNo:', [...], false)
 2 SYSTEMPATH\Model.php(918): CodeIgniter\Database\BaseBuilder->get()
 3 APPPATH\Controllers\Admin.php(273): CodeIgniter\Model->__call('get', [])
 4 SYSTEMPATH\CodeIgniter.php(933): App\Controllers\Admin->admissionlist('022026003')
 5 SYSTEMPATH\CodeIgniter.php(509): CodeIgniter\CodeIgniter->runController(Object(App\Controllers\Admin))
 6 SYSTEMPATH\CodeIgniter.php(355): CodeIgniter\CodeIgniter->handleRequest(null, Object(Config\Cache), false)
 7 SYSTEMPATH\Boot.php(312): CodeIgniter\CodeIgniter->run()
 8 SYSTEMPATH\Boot.php(67): CodeIgniter\Boot::runCodeIgniter(Object(CodeIgniter\CodeIgniter))
 9 FCPATH\index.php(56): CodeIgniter\Boot::bootWeb(Object(Config\Paths))
CRITICAL - 2026-02-21 13:21:34 --> [Caused by] CodeIgniter\Database\Exceptions\DatabaseException: Table 'niceneat.course' doesn't exist
in SYSTEMPATH\Database\MySQLi\Connection.php on line 313.
 1 SYSTEMPATH\Database\BaseConnection.php(721): CodeIgniter\Database\MySQLi\Connection->execute('SELECT `admission`.*, `coursemaster`.`CName`
FROM `admission`
JOIN `course` ON `course`.`ID` = `admission`.`course_id`
WHERE `RegNo` = \'022026003\'')
 2 SYSTEMPATH\Database\BaseConnection.php(635): CodeIgniter\Database\BaseConnection->simpleQuery('SELECT `admission`.*, `coursemaster`.`CName`
FROM `admission`
JOIN `course` ON `course`.`ID` = `admission`.`course_id`
WHERE `RegNo` = \'022026003\'')
 3 SYSTEMPATH\Database\BaseBuilder.php(1629): CodeIgniter\Database\BaseConnection->query('SELECT `admission`.*, `coursemaster`.`CName`
FROM `admission`
JOIN `course` ON `course`.`ID` = `admission`.`course_id`
WHERE `RegNo` = :RegNo:', [...], false)
 4 SYSTEMPATH\Model.php(918): CodeIgniter\Database\BaseBuilder->get()
 5 APPPATH\Controllers\Admin.php(273): CodeIgniter\Model->__call('get', [])
 6 SYSTEMPATH\CodeIgniter.php(933): App\Controllers\Admin->admissionlist('022026003')
 7 SYSTEMPATH\CodeIgniter.php(509): CodeIgniter\CodeIgniter->runController(Object(App\Controllers\Admin))
 8 SYSTEMPATH\CodeIgniter.php(355): CodeIgniter\CodeIgniter->handleRequest(null, Object(Config\Cache), false)
 9 SYSTEMPATH\Boot.php(312): CodeIgniter\CodeIgniter->run()
10 SYSTEMPATH\Boot.php(67): CodeIgniter\Boot::runCodeIgniter(Object(CodeIgniter\CodeIgniter))
11 FCPATH\index.php(56): CodeIgniter\Boot::bootWeb(Object(Config\Paths))
CRITICAL - 2026-02-21 13:21:34 --> [Caused by] mysqli_sql_exception: Table 'niceneat.course' doesn't exist
in SYSTEMPATH\Database\MySQLi\Connection.php on line 308.
 1 SYSTEMPATH\Database\MySQLi\Connection.php(308): mysqli->query('SELECT `admission`.*, `coursemaster`.`CName`
FROM `admission`
JOIN `course` ON `course`.`ID` = `admission`.`course_id`
WHERE `RegNo` = \'022026003\'', 0)
 2 SYSTEMPATH\Database\BaseConnection.php(721): CodeIgniter\Database\MySQLi\Connection->execute('SELECT `admission`.*, `coursemaster`.`CName`
FROM `admission`
JOIN `course` ON `course`.`ID` = `admission`.`course_id`
WHERE `RegNo` = \'022026003\'')
 3 SYSTEMPATH\Database\BaseConnection.php(635): CodeIgniter\Database\BaseConnection->simpleQuery('SELECT `admission`.*, `coursemaster`.`CName`
FROM `admission`
JOIN `course` ON `course`.`ID` = `admission`.`course_id`
WHERE `RegNo` = \'022026003\'')
 4 SYSTEMPATH\Database\BaseBuilder.php(1629): CodeIgniter\Database\BaseConnection->query('SELECT `admission`.*, `coursemaster`.`CName`
FROM `admission`
JOIN `course` ON `course`.`ID` = `admission`.`course_id`
WHERE `RegNo` = :RegNo:', [...], false)
 5 SYSTEMPATH\Model.php(918): CodeIgniter\Database\BaseBuilder->get()
 6 APPPATH\Controllers\Admin.php(273): CodeIgniter\Model->__call('get', [])
 7 SYSTEMPATH\CodeIgniter.php(933): App\Controllers\Admin->admissionlist('022026003')
 8 SYSTEMPATH\CodeIgniter.php(509): CodeIgniter\CodeIgniter->runController(Object(App\Controllers\Admin))
 9 SYSTEMPATH\CodeIgniter.php(355): CodeIgniter\CodeIgniter->handleRequest(null, Object(Config\Cache), false)
10 SYSTEMPATH\Boot.php(312): CodeIgniter\CodeIgniter->run()
11 SYSTEMPATH\Boot.php(67): CodeIgniter\Boot::runCodeIgniter(Object(CodeIgniter\CodeIgniter))
12 FCPATH\index.php(56): CodeIgniter\Boot::bootWeb(Object(Config\Paths))
ERROR - 2026-02-21 13:21:35 --> mysqli_sql_exception: Table 'niceneat.course' doesn't exist in C:\xampp\htdocs\wwwc\education\resultniceneatcomputer\system\Database\MySQLi\Connection.php:308
Stack trace:
#0 C:\xampp\htdocs\wwwc\education\resultniceneatcomputer\system\Database\MySQLi\Connection.php(308): mysqli->query('SELECT `admissi...', 0)
#1 C:\xampp\htdocs\wwwc\education\resultniceneatcomputer\system\Database\BaseConnection.php(721): CodeIgniter\Database\MySQLi\Connection->execute('SELECT `admissi...')
#2 C:\xampp\htdocs\wwwc\education\resultniceneatcomputer\system\Database\BaseConnection.php(635): CodeIgniter\Database\BaseConnection->simpleQuery('SELECT `admissi...')
#3 C:\xampp\htdocs\wwwc\education\resultniceneatcomputer\system\Database\BaseBuilder.php(1629): CodeIgniter\Database\BaseConnection->query('SELECT `admissi...', Array, false)
#4 C:\xampp\htdocs\wwwc\education\resultniceneatcomputer\system\Model.php(918): CodeIgniter\Database\BaseBuilder->get()
#5 C:\xampp\htdocs\wwwc\education\resultniceneatcomputer\app\Controllers\Admin.php(273): CodeIgniter\Model->__call('get', Array)
#6 C:\xampp\htdocs\wwwc\education\resultniceneatcomputer\system\CodeIgniter.php(933): App\Controllers\Admin->admissionlist('022026003')
#7 C:\xampp\htdocs\wwwc\education\resultniceneatcomputer\system\CodeIgniter.php(509): CodeIgniter\CodeIgniter->runController(Object(App\Controllers\Admin))
#8 C:\xampp\htdocs\wwwc\education\resultniceneatcomputer\system\CodeIgniter.php(355): CodeIgniter\CodeIgniter->handleRequest(NULL, Object(Config\Cache), false)
#9 C:\xampp\htdocs\wwwc\education\resultniceneatcomputer\system\Boot.php(312): CodeIgniter\CodeIgniter->run()
#10 C:\xampp\htdocs\wwwc\education\resultniceneatcomputer\system\Boot.php(67): CodeIgniter\Boot::runCodeIgniter(Object(CodeIgniter\CodeIgniter))
#11 C:\xampp\htdocs\wwwc\education\resultniceneatcomputer\public\index.php(56): CodeIgniter\Boot::bootWeb(Object(Config\Paths))
#12 {main}
CRITICAL - 2026-02-21 13:21:35 --> CodeIgniter\Database\Exceptions\DatabaseException: Table 'niceneat.course' doesn't exist
[Method: GET, Route: admissionlist/022026003]
in SYSTEMPATH\Database\BaseConnection.php on line 675.
 1 SYSTEMPATH\Database\BaseBuilder.php(1629): CodeIgniter\Database\BaseConnection->query('SELECT `admission`.*, `coursemaster`.`CName`
FROM `admission`
JOIN `course` ON `course`.`ID` = `admission`.`course_id`
WHERE `RegNo` = :RegNo:', [...], false)
 2 SYSTEMPATH\Model.php(918): CodeIgniter\Database\BaseBuilder->get()
 3 APPPATH\Controllers\Admin.php(273): CodeIgniter\Model->__call('get', [])
 4 SYSTEMPATH\CodeIgniter.php(933): App\Controllers\Admin->admissionlist('022026003')
 5 SYSTEMPATH\CodeIgniter.php(509): CodeIgniter\CodeIgniter->runController(Object(App\Controllers\Admin))
 6 SYSTEMPATH\CodeIgniter.php(355): CodeIgniter\CodeIgniter->handleRequest(null, Object(Config\Cache), false)
 7 SYSTEMPATH\Boot.php(312): CodeIgniter\CodeIgniter->run()
 8 SYSTEMPATH\Boot.php(67): CodeIgniter\Boot::runCodeIgniter(Object(CodeIgniter\CodeIgniter))
 9 FCPATH\index.php(56): CodeIgniter\Boot::bootWeb(Object(Config\Paths))
CRITICAL - 2026-02-21 13:21:35 --> [Caused by] CodeIgniter\Database\Exceptions\DatabaseException: Table 'niceneat.course' doesn't exist
in SYSTEMPATH\Database\MySQLi\Connection.php on line 313.
 1 SYSTEMPATH\Database\BaseConnection.php(721): CodeIgniter\Database\MySQLi\Connection->execute('SELECT `admission`.*, `coursemaster`.`CName`
FROM `admission`
JOIN `course` ON `course`.`ID` = `admission`.`course_id`
WHERE `RegNo` = \'022026003\'')
 2 SYSTEMPATH\Database\BaseConnection.php(635): CodeIgniter\Database\BaseConnection->simpleQuery('SELECT `admission`.*, `coursemaster`.`CName`
FROM `admission`
JOIN `course` ON `course`.`ID` = `admission`.`course_id`
WHERE `RegNo` = \'022026003\'')
 3 SYSTEMPATH\Database\BaseBuilder.php(1629): CodeIgniter\Database\BaseConnection->query('SELECT `admission`.*, `coursemaster`.`CName`
FROM `admission`
JOIN `course` ON `course`.`ID` = `admission`.`course_id`
WHERE `RegNo` = :RegNo:', [...], false)
 4 SYSTEMPATH\Model.php(918): CodeIgniter\Database\BaseBuilder->get()
 5 APPPATH\Controllers\Admin.php(273): CodeIgniter\Model->__call('get', [])
 6 SYSTEMPATH\CodeIgniter.php(933): App\Controllers\Admin->admissionlist('022026003')
 7 SYSTEMPATH\CodeIgniter.php(509): CodeIgniter\CodeIgniter->runController(Object(App\Controllers\Admin))
 8 SYSTEMPATH\CodeIgniter.php(355): CodeIgniter\CodeIgniter->handleRequest(null, Object(Config\Cache), false)
 9 SYSTEMPATH\Boot.php(312): CodeIgniter\CodeIgniter->run()
10 SYSTEMPATH\Boot.php(67): CodeIgniter\Boot::runCodeIgniter(Object(CodeIgniter\CodeIgniter))
11 FCPATH\index.php(56): CodeIgniter\Boot::bootWeb(Object(Config\Paths))
CRITICAL - 2026-02-21 13:21:35 --> [Caused by] mysqli_sql_exception: Table 'niceneat.course' doesn't exist
in SYSTEMPATH\Database\MySQLi\Connection.php on line 308.
 1 SYSTEMPATH\Database\MySQLi\Connection.php(308): mysqli->query('SELECT `admission`.*, `coursemaster`.`CName`
FROM `admission`
JOIN `course` ON `course`.`ID` = `admission`.`course_id`
WHERE `RegNo` = \'022026003\'', 0)
 2 SYSTEMPATH\Database\BaseConnection.php(721): CodeIgniter\Database\MySQLi\Connection->execute('SELECT `admission`.*, `coursemaster`.`CName`
FROM `admission`
JOIN `course` ON `course`.`ID` = `admission`.`course_id`
WHERE `RegNo` = \'022026003\'')
 3 SYSTEMPATH\Database\BaseConnection.php(635): CodeIgniter\Database\BaseConnection->simpleQuery('SELECT `admission`.*, `coursemaster`.`CName`
FROM `admission`
JOIN `course` ON `course`.`ID` = `admission`.`course_id`
WHERE `RegNo` = \'022026003\'')
 4 SYSTEMPATH\Database\BaseBuilder.php(1629): CodeIgniter\Database\BaseConnection->query('SELECT `admission`.*, `coursemaster`.`CName`
FROM `admission`
JOIN `course` ON `course`.`ID` = `admission`.`course_id`
WHERE `RegNo` = :RegNo:', [...], false)
 5 SYSTEMPATH\Model.php(918): CodeIgniter\Database\BaseBuilder->get()
 6 APPPATH\Controllers\Admin.php(273): CodeIgniter\Model->__call('get', [])
 7 SYSTEMPATH\CodeIgniter.php(933): App\Controllers\Admin->admissionlist('022026003')
 8 SYSTEMPATH\CodeIgniter.php(509): CodeIgniter\CodeIgniter->runController(Object(App\Controllers\Admin))
 9 SYSTEMPATH\CodeIgniter.php(355): CodeIgniter\CodeIgniter->handleRequest(null, Object(Config\Cache), false)
10 SYSTEMPATH\Boot.php(312): CodeIgniter\CodeIgniter->run()
11 SYSTEMPATH\Boot.php(67): CodeIgniter\Boot::runCodeIgniter(Object(CodeIgniter\CodeIgniter))
12 FCPATH\index.php(56): CodeIgniter\Boot::bootWeb(Object(Config\Paths))
ERROR - 2026-02-21 13:21:35 --> mysqli_sql_exception: Table 'niceneat.course' doesn't exist in C:\xampp\htdocs\wwwc\education\resultniceneatcomputer\system\Database\MySQLi\Connection.php:308
Stack trace:
#0 C:\xampp\htdocs\wwwc\education\resultniceneatcomputer\system\Database\MySQLi\Connection.php(308): mysqli->query('SELECT `admissi...', 0)
#1 C:\xampp\htdocs\wwwc\education\resultniceneatcomputer\system\Database\BaseConnection.php(721): CodeIgniter\Database\MySQLi\Connection->execute('SELECT `admissi...')
#2 C:\xampp\htdocs\wwwc\education\resultniceneatcomputer\system\Database\BaseConnection.php(635): CodeIgniter\Database\BaseConnection->simpleQuery('SELECT `admissi...')
#3 C:\xampp\htdocs\wwwc\education\resultniceneatcomputer\system\Database\BaseBuilder.php(1629): CodeIgniter\Database\BaseConnection->query('SELECT `admissi...', Array, false)
#4 C:\xampp\htdocs\wwwc\education\resultniceneatcomputer\system\Model.php(918): CodeIgniter\Database\BaseBuilder->get()
#5 C:\xampp\htdocs\wwwc\education\resultniceneatcomputer\app\Controllers\Admin.php(273): CodeIgniter\Model->__call('get', Array)
#6 C:\xampp\htdocs\wwwc\education\resultniceneatcomputer\system\CodeIgniter.php(933): App\Controllers\Admin->admissionlist('022026003')
#7 C:\xampp\htdocs\wwwc\education\resultniceneatcomputer\system\CodeIgniter.php(509): CodeIgniter\CodeIgniter->runController(Object(App\Controllers\Admin))
#8 C:\xampp\htdocs\wwwc\education\resultniceneatcomputer\system\CodeIgniter.php(355): CodeIgniter\CodeIgniter->handleRequest(NULL, Object(Config\Cache), false)
#9 C:\xampp\htdocs\wwwc\education\resultniceneatcomputer\system\Boot.php(312): CodeIgniter\CodeIgniter->run()
#10 C:\xampp\htdocs\wwwc\education\resultniceneatcomputer\system\Boot.php(67): CodeIgniter\Boot::runCodeIgniter(Object(CodeIgniter\CodeIgniter))
#11 C:\xampp\htdocs\wwwc\education\resultniceneatcomputer\public\index.php(56): CodeIgniter\Boot::bootWeb(Object(Config\Paths))
#12 {main}
CRITICAL - 2026-02-21 13:21:35 --> CodeIgniter\Database\Exceptions\DatabaseException: Table 'niceneat.course' doesn't exist
[Method: GET, Route: admissionlist/022026003]
in SYSTEMPATH\Database\BaseConnection.php on line 675.
 1 SYSTEMPATH\Database\BaseBuilder.php(1629): CodeIgniter\Database\BaseConnection->query('SELECT `admission`.*, `coursemaster`.`CName`
FROM `admission`
JOIN `course` ON `course`.`ID` = `admission`.`course_id`
WHERE `RegNo` = :RegNo:', [...], false)
 2 SYSTEMPATH\Model.php(918): CodeIgniter\Database\BaseBuilder->get()
 3 APPPATH\Controllers\Admin.php(273): CodeIgniter\Model->__call('get', [])
 4 SYSTEMPATH\CodeIgniter.php(933): App\Controllers\Admin->admissionlist('022026003')
 5 SYSTEMPATH\CodeIgniter.php(509): CodeIgniter\CodeIgniter->runController(Object(App\Controllers\Admin))
 6 SYSTEMPATH\CodeIgniter.php(355): CodeIgniter\CodeIgniter->handleRequest(null, Object(Config\Cache), false)
 7 SYSTEMPATH\Boot.php(312): CodeIgniter\CodeIgniter->run()
 8 SYSTEMPATH\Boot.php(67): CodeIgniter\Boot::runCodeIgniter(Object(CodeIgniter\CodeIgniter))
 9 FCPATH\index.php(56): CodeIgniter\Boot::bootWeb(Object(Config\Paths))
CRITICAL - 2026-02-21 13:21:35 --> [Caused by] CodeIgniter\Database\Exceptions\DatabaseException: Table 'niceneat.course' doesn't exist
in SYSTEMPATH\Database\MySQLi\Connection.php on line 313.
 1 SYSTEMPATH\Database\BaseConnection.php(721): CodeIgniter\Database\MySQLi\Connection->execute('SELECT `admission`.*, `coursemaster`.`CName`
FROM `admission`
JOIN `course` ON `course`.`ID` = `admission`.`course_id`
WHERE `RegNo` = \'022026003\'')
 2 SYSTEMPATH\Database\BaseConnection.php(635): CodeIgniter\Database\BaseConnection->simpleQuery('SELECT `admission`.*, `coursemaster`.`CName`
FROM `admission`
JOIN `course` ON `course`.`ID` = `admission`.`course_id`
WHERE `RegNo` = \'022026003\'')
 3 SYSTEMPATH\Database\BaseBuilder.php(1629): CodeIgniter\Database\BaseConnection->query('SELECT `admission`.*, `coursemaster`.`CName`
FROM `admission`
JOIN `course` ON `course`.`ID` = `admission`.`course_id`
WHERE `RegNo` = :RegNo:', [...], false)
 4 SYSTEMPATH\Model.php(918): CodeIgniter\Database\BaseBuilder->get()
 5 APPPATH\Controllers\Admin.php(273): CodeIgniter\Model->__call('get', [])
 6 SYSTEMPATH\CodeIgniter.php(933): App\Controllers\Admin->admissionlist('022026003')
 7 SYSTEMPATH\CodeIgniter.php(509): CodeIgniter\CodeIgniter->runController(Object(App\Controllers\Admin))
 8 SYSTEMPATH\CodeIgniter.php(355): CodeIgniter\CodeIgniter->handleRequest(null, Object(Config\Cache), false)
 9 SYSTEMPATH\Boot.php(312): CodeIgniter\CodeIgniter->run()
10 SYSTEMPATH\Boot.php(67): CodeIgniter\Boot::runCodeIgniter(Object(CodeIgniter\CodeIgniter))
11 FCPATH\index.php(56): CodeIgniter\Boot::bootWeb(Object(Config\Paths))
CRITICAL - 2026-02-21 13:21:35 --> [Caused by] mysqli_sql_exception: Table 'niceneat.course' doesn't exist
in SYSTEMPATH\Database\MySQLi\Connection.php on line 308.
 1 SYSTEMPATH\Database\MySQLi\Connection.php(308): mysqli->query('SELECT `admission`.*, `coursemaster`.`CName`
FROM `admission`
JOIN `course` ON `course`.`ID` = `admission`.`course_id`
WHERE `RegNo` = \'022026003\'', 0)
 2 SYSTEMPATH\Database\BaseConnection.php(721): CodeIgniter\Database\MySQLi\Connection->execute('SELECT `admission`.*, `coursemaster`.`CName`
FROM `admission`
JOIN `course` ON `course`.`ID` = `admission`.`course_id`
WHERE `RegNo` = \'022026003\'')
 3 SYSTEMPATH\Database\BaseConnection.php(635): CodeIgniter\Database\BaseConnection->simpleQuery('SELECT `admission`.*, `coursemaster`.`CName`
FROM `admission`
JOIN `course` ON `course`.`ID` = `admission`.`course_id`
WHERE `RegNo` = \'022026003\'')
 4 SYSTEMPATH\Database\BaseBuilder.php(1629): CodeIgniter\Database\BaseConnection->query('SELECT `admission`.*, `coursemaster`.`CName`
FROM `admission`
JOIN `course` ON `course`.`ID` = `admission`.`course_id`
WHERE `RegNo` = :RegNo:', [...], false)
 5 SYSTEMPATH\Model.php(918): CodeIgniter\Database\BaseBuilder->get()
 6 APPPATH\Controllers\Admin.php(273): CodeIgniter\Model->__call('get', [])
 7 SYSTEMPATH\CodeIgniter.php(933): App\Controllers\Admin->admissionlist('022026003')
 8 SYSTEMPATH\CodeIgniter.php(509): CodeIgniter\CodeIgniter->runController(Object(App\Controllers\Admin))
 9 SYSTEMPATH\CodeIgniter.php(355): CodeIgniter\CodeIgniter->handleRequest(null, Object(Config\Cache), false)
10 SYSTEMPATH\Boot.php(312): CodeIgniter\CodeIgniter->run()
11 SYSTEMPATH\Boot.php(67): CodeIgniter\Boot::runCodeIgniter(Object(CodeIgniter\CodeIgniter))
12 FCPATH\index.php(56): CodeIgniter\Boot::bootWeb(Object(Config\Paths))
ERROR - 2026-02-21 13:21:35 --> mysqli_sql_exception: Table 'niceneat.course' doesn't exist in C:\xampp\htdocs\wwwc\education\resultniceneatcomputer\system\Database\MySQLi\Connection.php:308
Stack trace:
#0 C:\xampp\htdocs\wwwc\education\resultniceneatcomputer\system\Database\MySQLi\Connection.php(308): mysqli->query('SELECT `admissi...', 0)
#1 C:\xampp\htdocs\wwwc\education\resultniceneatcomputer\system\Database\BaseConnection.php(721): CodeIgniter\Database\MySQLi\Connection->execute('SELECT `admissi...')
#2 C:\xampp\htdocs\wwwc\education\resultniceneatcomputer\system\Database\BaseConnection.php(635): CodeIgniter\Database\BaseConnection->simpleQuery('SELECT `admissi...')
#3 C:\xampp\htdocs\wwwc\education\resultniceneatcomputer\system\Database\BaseBuilder.php(1629): CodeIgniter\Database\BaseConnection->query('SELECT `admissi...', Array, false)
#4 C:\xampp\htdocs\wwwc\education\resultniceneatcomputer\system\Model.php(918): CodeIgniter\Database\BaseBuilder->get()
#5 C:\xampp\htdocs\wwwc\education\resultniceneatcomputer\app\Controllers\Admin.php(273): CodeIgniter\Model->__call('get', Array)
#6 C:\xampp\htdocs\wwwc\education\resultniceneatcomputer\system\CodeIgniter.php(933): App\Controllers\Admin->admissionlist('022026003')
#7 C:\xampp\htdocs\wwwc\education\resultniceneatcomputer\system\CodeIgniter.php(509): CodeIgniter\CodeIgniter->runController(Object(App\Controllers\Admin))
#8 C:\xampp\htdocs\wwwc\education\resultniceneatcomputer\system\CodeIgniter.php(355): CodeIgniter\CodeIgniter->handleRequest(NULL, Object(Config\Cache), false)
#9 C:\xampp\htdocs\wwwc\education\resultniceneatcomputer\system\Boot.php(312): CodeIgniter\CodeIgniter->run()
#10 C:\xampp\htdocs\wwwc\education\resultniceneatcomputer\system\Boot.php(67): CodeIgniter\Boot::runCodeIgniter(Object(CodeIgniter\CodeIgniter))
#11 C:\xampp\htdocs\wwwc\education\resultniceneatcomputer\public\index.php(56): CodeIgniter\Boot::bootWeb(Object(Config\Paths))
#12 {main}
CRITICAL - 2026-02-21 13:21:35 --> CodeIgniter\Database\Exceptions\DatabaseException: Table 'niceneat.course' doesn't exist
[Method: GET, Route: admissionlist/022026003]
in SYSTEMPATH\Database\BaseConnection.php on line 675.
 1 SYSTEMPATH\Database\BaseBuilder.php(1629): CodeIgniter\Database\BaseConnection->query('SELECT `admission`.*, `coursemaster`.`CName`
FROM `admission`
JOIN `course` ON `course`.`ID` = `admission`.`course_id`
WHERE `RegNo` = :RegNo:', [...], false)
 2 SYSTEMPATH\Model.php(918): CodeIgniter\Database\BaseBuilder->get()
 3 APPPATH\Controllers\Admin.php(273): CodeIgniter\Model->__call('get', [])
 4 SYSTEMPATH\CodeIgniter.php(933): App\Controllers\Admin->admissionlist('022026003')
 5 SYSTEMPATH\CodeIgniter.php(509): CodeIgniter\CodeIgniter->runController(Object(App\Controllers\Admin))
 6 SYSTEMPATH\CodeIgniter.php(355): CodeIgniter\CodeIgniter->handleRequest(null, Object(Config\Cache), false)
 7 SYSTEMPATH\Boot.php(312): CodeIgniter\CodeIgniter->run()
 8 SYSTEMPATH\Boot.php(67): CodeIgniter\Boot::runCodeIgniter(Object(CodeIgniter\CodeIgniter))
 9 FCPATH\index.php(56): CodeIgniter\Boot::bootWeb(Object(Config\Paths))
CRITICAL - 2026-02-21 13:21:35 --> [Caused by] CodeIgniter\Database\Exceptions\DatabaseException: Table 'niceneat.course' doesn't exist
in SYSTEMPATH\Database\MySQLi\Connection.php on line 313.
 1 SYSTEMPATH\Database\BaseConnection.php(721): CodeIgniter\Database\MySQLi\Connection->execute('SELECT `admission`.*, `coursemaster`.`CName`
FROM `admission`
JOIN `course` ON `course`.`ID` = `admission`.`course_id`
WHERE `RegNo` = \'022026003\'')
 2 SYSTEMPATH\Database\BaseConnection.php(635): CodeIgniter\Database\BaseConnection->simpleQuery('SELECT `admission`.*, `coursemaster`.`CName`
FROM `admission`
JOIN `course` ON `course`.`ID` = `admission`.`course_id`
WHERE `RegNo` = \'022026003\'')
 3 SYSTEMPATH\Database\BaseBuilder.php(1629): CodeIgniter\Database\BaseConnection->query('SELECT `admission`.*, `coursemaster`.`CName`
FROM `admission`
JOIN `course` ON `course`.`ID` = `admission`.`course_id`
WHERE `RegNo` = :RegNo:', [...], false)
 4 SYSTEMPATH\Model.php(918): CodeIgniter\Database\BaseBuilder->get()
 5 APPPATH\Controllers\Admin.php(273): CodeIgniter\Model->__call('get', [])
 6 SYSTEMPATH\CodeIgniter.php(933): App\Controllers\Admin->admissionlist('022026003')
 7 SYSTEMPATH\CodeIgniter.php(509): CodeIgniter\CodeIgniter->runController(Object(App\Controllers\Admin))
 8 SYSTEMPATH\CodeIgniter.php(355): CodeIgniter\CodeIgniter->handleRequest(null, Object(Config\Cache), false)
 9 SYSTEMPATH\Boot.php(312): CodeIgniter\CodeIgniter->run()
10 SYSTEMPATH\Boot.php(67): CodeIgniter\Boot::runCodeIgniter(Object(CodeIgniter\CodeIgniter))
11 FCPATH\index.php(56): CodeIgniter\Boot::bootWeb(Object(Config\Paths))
CRITICAL - 2026-02-21 13:21:35 --> [Caused by] mysqli_sql_exception: Table 'niceneat.course' doesn't exist
in SYSTEMPATH\Database\MySQLi\Connection.php on line 308.
 1 SYSTEMPATH\Database\MySQLi\Connection.php(308): mysqli->query('SELECT `admission`.*, `coursemaster`.`CName`
FROM `admission`
JOIN `course` ON `course`.`ID` = `admission`.`course_id`
WHERE `RegNo` = \'022026003\'', 0)
 2 SYSTEMPATH\Database\BaseConnection.php(721): CodeIgniter\Database\MySQLi\Connection->execute('SELECT `admission`.*, `coursemaster`.`CName`
FROM `admission`
JOIN `course` ON `course`.`ID` = `admission`.`course_id`
WHERE `RegNo` = \'022026003\'')
 3 SYSTEMPATH\Database\BaseConnection.php(635): CodeIgniter\Database\BaseConnection->simpleQuery('SELECT `admission`.*, `coursemaster`.`CName`
FROM `admission`
JOIN `course` ON `course`.`ID` = `admission`.`course_id`
WHERE `RegNo` = \'022026003\'')
 4 SYSTEMPATH\Database\BaseBuilder.php(1629): CodeIgniter\Database\BaseConnection->query('SELECT `admission`.*, `coursemaster`.`CName`
FROM `admission`
JOIN `course` ON `course`.`ID` = `admission`.`course_id`
WHERE `RegNo` = :RegNo:', [...], false)
 5 SYSTEMPATH\Model.php(918): CodeIgniter\Database\BaseBuilder->get()
 6 APPPATH\Controllers\Admin.php(273): CodeIgniter\Model->__call('get', [])
 7 SYSTEMPATH\CodeIgniter.php(933): App\Controllers\Admin->admissionlist('022026003')
 8 SYSTEMPATH\CodeIgniter.php(509): CodeIgniter\CodeIgniter->runController(Object(App\Controllers\Admin))
 9 SYSTEMPATH\CodeIgniter.php(355): CodeIgniter\CodeIgniter->handleRequest(null, Object(Config\Cache), false)
10 SYSTEMPATH\Boot.php(312): CodeIgniter\CodeIgniter->run()
11 SYSTEMPATH\Boot.php(67): CodeIgniter\Boot::runCodeIgniter(Object(CodeIgniter\CodeIgniter))
12 FCPATH\index.php(56): CodeIgniter\Boot::bootWeb(Object(Config\Paths))
ERROR - 2026-02-21 13:21:57 --> mysqli_sql_exception: Unknown column 'RegNo' in 'where clause' in C:\xampp\htdocs\wwwc\education\resultniceneatcomputer\system\Database\MySQLi\Connection.php:308
Stack trace:
#0 C:\xampp\htdocs\wwwc\education\resultniceneatcomputer\system\Database\MySQLi\Connection.php(308): mysqli->query('SELECT `admissi...', 0)
#1 C:\xampp\htdocs\wwwc\education\resultniceneatcomputer\system\Database\BaseConnection.php(721): CodeIgniter\Database\MySQLi\Connection->execute('SELECT `admissi...')
#2 C:\xampp\htdocs\wwwc\education\resultniceneatcomputer\system\Database\BaseConnection.php(635): CodeIgniter\Database\BaseConnection->simpleQuery('SELECT `admissi...')
#3 C:\xampp\htdocs\wwwc\education\resultniceneatcomputer\system\Database\BaseBuilder.php(1629): CodeIgniter\Database\BaseConnection->query('SELECT `admissi...', Array, false)
#4 C:\xampp\htdocs\wwwc\education\resultniceneatcomputer\system\Model.php(918): CodeIgniter\Database\BaseBuilder->get()
#5 C:\xampp\htdocs\wwwc\education\resultniceneatcomputer\app\Controllers\Admin.php(273): CodeIgniter\Model->__call('get', Array)
#6 C:\xampp\htdocs\wwwc\education\resultniceneatcomputer\system\CodeIgniter.php(933): App\Controllers\Admin->admissionlist('022026003')
#7 C:\xampp\htdocs\wwwc\education\resultniceneatcomputer\system\CodeIgniter.php(509): CodeIgniter\CodeIgniter->runController(Object(App\Controllers\Admin))
#8 C:\xampp\htdocs\wwwc\education\resultniceneatcomputer\system\CodeIgniter.php(355): CodeIgniter\CodeIgniter->handleRequest(NULL, Object(Config\Cache), false)
#9 C:\xampp\htdocs\wwwc\education\resultniceneatcomputer\system\Boot.php(312): CodeIgniter\CodeIgniter->run()
#10 C:\xampp\htdocs\wwwc\education\resultniceneatcomputer\system\Boot.php(67): CodeIgniter\Boot::runCodeIgniter(Object(CodeIgniter\CodeIgniter))
#11 C:\xampp\htdocs\wwwc\education\resultniceneatcomputer\public\index.php(56): CodeIgniter\Boot::bootWeb(Object(Config\Paths))
#12 {main}
CRITICAL - 2026-02-21 13:21:57 --> CodeIgniter\Database\Exceptions\DatabaseException: Unknown column 'RegNo' in 'where clause'
[Method: GET, Route: admissionlist/022026003]
in SYSTEMPATH\Database\BaseConnection.php on line 675.
 1 SYSTEMPATH\Database\BaseBuilder.php(1629): CodeIgniter\Database\BaseConnection->query('SELECT `admission`.*, `coursemaster`.`CName`
FROM `admission`
JOIN `coursemaster` ON `course`.`ID` = `admission`.`course_id`
WHERE `RegNo` = :RegNo:', [...], false)
 2 SYSTEMPATH\Model.php(918): CodeIgniter\Database\BaseBuilder->get()
 3 APPPATH\Controllers\Admin.php(273): CodeIgniter\Model->__call('get', [])
 4 SYSTEMPATH\CodeIgniter.php(933): App\Controllers\Admin->admissionlist('022026003')
 5 SYSTEMPATH\CodeIgniter.php(509): CodeIgniter\CodeIgniter->runController(Object(App\Controllers\Admin))
 6 SYSTEMPATH\CodeIgniter.php(355): CodeIgniter\CodeIgniter->handleRequest(null, Object(Config\Cache), false)
 7 SYSTEMPATH\Boot.php(312): CodeIgniter\CodeIgniter->run()
 8 SYSTEMPATH\Boot.php(67): CodeIgniter\Boot::runCodeIgniter(Object(CodeIgniter\CodeIgniter))
 9 FCPATH\index.php(56): CodeIgniter\Boot::bootWeb(Object(Config\Paths))
CRITICAL - 2026-02-21 13:21:57 --> [Caused by] CodeIgniter\Database\Exceptions\DatabaseException: Unknown column 'RegNo' in 'where clause'
in SYSTEMPATH\Database\MySQLi\Connection.php on line 313.
 1 SYSTEMPATH\Database\BaseConnection.php(721): CodeIgniter\Database\MySQLi\Connection->execute('SELECT `admission`.*, `coursemaster`.`CName`
FROM `admission`
JOIN `coursemaster` ON `course`.`ID` = `admission`.`course_id`
WHERE `RegNo` = \'022026003\'')
 2 SYSTEMPATH\Database\BaseConnection.php(635): CodeIgniter\Database\BaseConnection->simpleQuery('SELECT `admission`.*, `coursemaster`.`CName`
FROM `admission`
JOIN `coursemaster` ON `course`.`ID` = `admission`.`course_id`
WHERE `RegNo` = \'022026003\'')
 3 SYSTEMPATH\Database\BaseBuilder.php(1629): CodeIgniter\Database\BaseConnection->query('SELECT `admission`.*, `coursemaster`.`CName`
FROM `admission`
JOIN `coursemaster` ON `course`.`ID` = `admission`.`course_id`
WHERE `RegNo` = :RegNo:', [...], false)
 4 SYSTEMPATH\Model.php(918): CodeIgniter\Database\BaseBuilder->get()
 5 APPPATH\Controllers\Admin.php(273): CodeIgniter\Model->__call('get', [])
 6 SYSTEMPATH\CodeIgniter.php(933): App\Controllers\Admin->admissionlist('022026003')
 7 SYSTEMPATH\CodeIgniter.php(509): CodeIgniter\CodeIgniter->runController(Object(App\Controllers\Admin))
 8 SYSTEMPATH\CodeIgniter.php(355): CodeIgniter\CodeIgniter->handleRequest(null, Object(Config\Cache), false)
 9 SYSTEMPATH\Boot.php(312): CodeIgniter\CodeIgniter->run()
10 SYSTEMPATH\Boot.php(67): CodeIgniter\Boot::runCodeIgniter(Object(CodeIgniter\CodeIgniter))
11 FCPATH\index.php(56): CodeIgniter\Boot::bootWeb(Object(Config\Paths))
CRITICAL - 2026-02-21 13:21:57 --> [Caused by] mysqli_sql_exception: Unknown column 'RegNo' in 'where clause'
in SYSTEMPATH\Database\MySQLi\Connection.php on line 308.
 1 SYSTEMPATH\Database\MySQLi\Connection.php(308): mysqli->query('SELECT `admission`.*, `coursemaster`.`CName`
FROM `admission`
JOIN `coursemaster` ON `course`.`ID` = `admission`.`course_id`
WHERE `RegNo` = \'022026003\'', 0)
 2 SYSTEMPATH\Database\BaseConnection.php(721): CodeIgniter\Database\MySQLi\Connection->execute('SELECT `admission`.*, `coursemaster`.`CName`
FROM `admission`
JOIN `coursemaster` ON `course`.`ID` = `admission`.`course_id`
WHERE `RegNo` = \'022026003\'')
 3 SYSTEMPATH\Database\BaseConnection.php(635): CodeIgniter\Database\BaseConnection->simpleQuery('SELECT `admission`.*, `coursemaster`.`CName`
FROM `admission`
JOIN `coursemaster` ON `course`.`ID` = `admission`.`course_id`
WHERE `RegNo` = \'022026003\'')
 4 SYSTEMPATH\Database\BaseBuilder.php(1629): CodeIgniter\Database\BaseConnection->query('SELECT `admission`.*, `coursemaster`.`CName`
FROM `admission`
JOIN `coursemaster` ON `course`.`ID` = `admission`.`course_id`
WHERE `RegNo` = :RegNo:', [...], false)
 5 SYSTEMPATH\Model.php(918): CodeIgniter\Database\BaseBuilder->get()
 6 APPPATH\Controllers\Admin.php(273): CodeIgniter\Model->__call('get', [])
 7 SYSTEMPATH\CodeIgniter.php(933): App\Controllers\Admin->admissionlist('022026003')
 8 SYSTEMPATH\CodeIgniter.php(509): CodeIgniter\CodeIgniter->runController(Object(App\Controllers\Admin))
 9 SYSTEMPATH\CodeIgniter.php(355): CodeIgniter\CodeIgniter->handleRequest(null, Object(Config\Cache), false)
10 SYSTEMPATH\Boot.php(312): CodeIgniter\CodeIgniter->run()
11 SYSTEMPATH\Boot.php(67): CodeIgniter\Boot::runCodeIgniter(Object(CodeIgniter\CodeIgniter))
12 FCPATH\index.php(56): CodeIgniter\Boot::bootWeb(Object(Config\Paths))
CRITICAL - 2026-02-21 13:23:34 --> CodeIgniter\View\Exceptions\ViewException: Invalid file: "admin/admission_list.php"
[Method: GET, Route: admissionlist/022026003]
in SYSTEMPATH\Exceptions\FrameworkException.php on line 41.
 1 SYSTEMPATH\View\View.php(222): CodeIgniter\Exceptions\FrameworkException::forInvalidFile('admin/admission_list.php')
 2 SYSTEMPATH\Common.php(1171): CodeIgniter\View\View->render('admin/admission_list', [], true)
 3 APPPATH\Controllers\Admin.php(275): view('admin/admission_list', [...])
 4 SYSTEMPATH\CodeIgniter.php(933): App\Controllers\Admin->admissionlist('022026003')
 5 SYSTEMPATH\CodeIgniter.php(509): CodeIgniter\CodeIgniter->runController(Object(App\Controllers\Admin))
 6 SYSTEMPATH\CodeIgniter.php(355): CodeIgniter\CodeIgniter->handleRequest(null, Object(Config\Cache), false)
 7 SYSTEMPATH\Boot.php(312): CodeIgniter\CodeIgniter->run()
 8 SYSTEMPATH\Boot.php(67): CodeIgniter\Boot::runCodeIgniter(Object(CodeIgniter\CodeIgniter))
 9 FCPATH\index.php(56): CodeIgniter\Boot::bootWeb(Object(Config\Paths))
CRITICAL - 2026-02-21 13:24:10 --> ErrorException: Undefined variable $title
[Method: GET, Route: admissionlist/022026003]
in APPPATH\Views\admin\shared\layout.php on line 8.
 1 APPPATH\Views\admin\shared\layout.php(8): CodeIgniter\Debug\Exceptions->errorHandler(2, 'Undefined variable $title', 'C:\\xampp\\htdocs\\wwwc\\education\\resultniceneatcomputer\\app\\Views\\admin\\shared\\layout.php', 8)
 2 SYSTEMPATH\View\View.php(234): include('C:\\xampp\\htdocs\\wwwc\\education\\resultniceneatcomputer\\app\\Views\\admin\\shared\\layout.php')
 3 SYSTEMPATH\View\View.php(237): CodeIgniter\View\View->CodeIgniter\View\{closure}()
 4 SYSTEMPATH\View\View.php(250): CodeIgniter\View\View->render('admin/shared/layout', [], true)
 5 SYSTEMPATH\Common.php(1171): CodeIgniter\View\View->render('admin/admissionlist', [], true)
 6 APPPATH\Controllers\Admin.php(275): view('admin/admissionlist', [...])
 7 SYSTEMPATH\CodeIgniter.php(933): App\Controllers\Admin->admissionlist('022026003')
 8 SYSTEMPATH\CodeIgniter.php(509): CodeIgniter\CodeIgniter->runController(Object(App\Controllers\Admin))
 9 SYSTEMPATH\CodeIgniter.php(355): CodeIgniter\CodeIgniter->handleRequest(null, Object(Config\Cache), false)
10 SYSTEMPATH\Boot.php(312): CodeIgniter\CodeIgniter->run()
11 SYSTEMPATH\Boot.php(67): CodeIgniter\Boot::runCodeIgniter(Object(CodeIgniter\CodeIgniter))
12 FCPATH\index.php(56): CodeIgniter\Boot::bootWeb(Object(Config\Paths))
CRITICAL - 2026-02-21 13:24:41 --> ErrorException: Undefined variable $title
[Method: GET, Route: admissionlist/022026003]
in APPPATH\Views\admin\shared\layout.php on line 8.
 1 APPPATH\Views\admin\shared\layout.php(8): CodeIgniter\Debug\Exceptions->errorHandler(2, 'Undefined variable $title', 'C:\\xampp\\htdocs\\wwwc\\education\\resultniceneatcomputer\\app\\Views\\admin\\shared\\layout.php', 8)
 2 SYSTEMPATH\View\View.php(234): include('C:\\xampp\\htdocs\\wwwc\\education\\resultniceneatcomputer\\app\\Views\\admin\\shared\\layout.php')
 3 SYSTEMPATH\View\View.php(237): CodeIgniter\View\View->CodeIgniter\View\{closure}()
 4 SYSTEMPATH\View\View.php(250): CodeIgniter\View\View->render('admin/shared/layout', [], true)
 5 SYSTEMPATH\Common.php(1171): CodeIgniter\View\View->render('admin/admissionlist', [], true)
 6 APPPATH\Controllers\Admin.php(275): view('admin/admissionlist', [...])
 7 SYSTEMPATH\CodeIgniter.php(933): App\Controllers\Admin->admissionlist('022026003')
 8 SYSTEMPATH\CodeIgniter.php(509): CodeIgniter\CodeIgniter->runController(Object(App\Controllers\Admin))
 9 SYSTEMPATH\CodeIgniter.php(355): CodeIgniter\CodeIgniter->handleRequest(null, Object(Config\Cache), false)
10 SYSTEMPATH\Boot.php(312): CodeIgniter\CodeIgniter->run()
11 SYSTEMPATH\Boot.php(67): CodeIgniter\Boot::runCodeIgniter(Object(CodeIgniter\CodeIgniter))
12 FCPATH\index.php(56): CodeIgniter\Boot::bootWeb(Object(Config\Paths))
CRITICAL - 2026-02-21 13:24:50 --> ErrorException: Undefined variable $title
[Method: GET, Route: admissionlist/022026003]
in APPPATH\Views\admin\shared\layout.php on line 8.
 1 APPPATH\Views\admin\shared\layout.php(8): CodeIgniter\Debug\Exceptions->errorHandler(2, 'Undefined variable $title', 'C:\\xampp\\htdocs\\wwwc\\education\\resultniceneatcomputer\\app\\Views\\admin\\shared\\layout.php', 8)
 2 SYSTEMPATH\View\View.php(234): include('C:\\xampp\\htdocs\\wwwc\\education\\resultniceneatcomputer\\app\\Views\\admin\\shared\\layout.php')
 3 SYSTEMPATH\View\View.php(237): CodeIgniter\View\View->CodeIgniter\View\{closure}()
 4 SYSTEMPATH\View\View.php(250): CodeIgniter\View\View->render('admin/shared/layout', [], true)
 5 SYSTEMPATH\Common.php(1171): CodeIgniter\View\View->render('admin/admissionlist', [], true)
 6 APPPATH\Controllers\Admin.php(275): view('admin/admissionlist', [...])
 7 SYSTEMPATH\CodeIgniter.php(933): App\Controllers\Admin->admissionlist('022026003')
 8 SYSTEMPATH\CodeIgniter.php(509): CodeIgniter\CodeIgniter->runController(Object(App\Controllers\Admin))
 9 SYSTEMPATH\CodeIgniter.php(355): CodeIgniter\CodeIgniter->handleRequest(null, Object(Config\Cache), false)
10 SYSTEMPATH\Boot.php(312): CodeIgniter\CodeIgniter->run()
11 SYSTEMPATH\Boot.php(67): CodeIgniter\Boot::runCodeIgniter(Object(CodeIgniter\CodeIgniter))
12 FCPATH\index.php(56): CodeIgniter\Boot::bootWeb(Object(Config\Paths))
CRITICAL - 2026-02-21 13:26:03 --> ErrorException: Undefined variable $title
[Method: GET, Route: admissionlist/022026003]
in APPPATH\Views\admin\shared\layout.php on line 8.
 1 APPPATH\Views\admin\shared\layout.php(8): CodeIgniter\Debug\Exceptions->errorHandler(2, 'Undefined variable $title', 'C:\\xampp\\htdocs\\wwwc\\education\\resultniceneatcomputer\\app\\Views\\admin\\shared\\layout.php', 8)
 2 SYSTEMPATH\View\View.php(234): include('C:\\xampp\\htdocs\\wwwc\\education\\resultniceneatcomputer\\app\\Views\\admin\\shared\\layout.php')
 3 SYSTEMPATH\View\View.php(237): CodeIgniter\View\View->CodeIgniter\View\{closure}()
 4 SYSTEMPATH\View\View.php(250): CodeIgniter\View\View->render('admin/shared/layout', [], true)
 5 SYSTEMPATH\Common.php(1171): CodeIgniter\View\View->render('admin/admissionlist', [], true)
 6 APPPATH\Controllers\Admin.php(275): view('admin/admissionlist', [...])
 7 SYSTEMPATH\CodeIgniter.php(933): App\Controllers\Admin->admissionlist('022026003')
 8 SYSTEMPATH\CodeIgniter.php(509): CodeIgniter\CodeIgniter->runController(Object(App\Controllers\Admin))
 9 SYSTEMPATH\CodeIgniter.php(355): CodeIgniter\CodeIgniter->handleRequest(null, Object(Config\Cache), false)
10 SYSTEMPATH\Boot.php(312): CodeIgniter\CodeIgniter->run()
11 SYSTEMPATH\Boot.php(67): CodeIgniter\Boot::runCodeIgniter(Object(CodeIgniter\CodeIgniter))
12 FCPATH\index.php(56): CodeIgniter\Boot::bootWeb(Object(Config\Paths))
CRITICAL - 2026-02-21 13:26:15 --> ErrorException: Undefined variable $title
[Method: GET, Route: admissionlist/022026003]
in APPPATH\Views\admin\shared\layout.php on line 8.
 1 APPPATH\Views\admin\shared\layout.php(8): CodeIgniter\Debug\Exceptions->errorHandler(2, 'Undefined variable $title', 'C:\\xampp\\htdocs\\wwwc\\education\\resultniceneatcomputer\\app\\Views\\admin\\shared\\layout.php', 8)
 2 SYSTEMPATH\View\View.php(234): include('C:\\xampp\\htdocs\\wwwc\\education\\resultniceneatcomputer\\app\\Views\\admin\\shared\\layout.php')
 3 SYSTEMPATH\View\View.php(237): CodeIgniter\View\View->CodeIgniter\View\{closure}()
 4 SYSTEMPATH\View\View.php(250): CodeIgniter\View\View->render('admin/shared/layout', [], true)
 5 SYSTEMPATH\Common.php(1171): CodeIgniter\View\View->render('admin/admissionlist', [], true)
 6 APPPATH\Controllers\Admin.php(275): view('admin/admissionlist', [...])
 7 SYSTEMPATH\CodeIgniter.php(933): App\Controllers\Admin->admissionlist('022026003')
 8 SYSTEMPATH\CodeIgniter.php(509): CodeIgniter\CodeIgniter->runController(Object(App\Controllers\Admin))
 9 SYSTEMPATH\CodeIgniter.php(355): CodeIgniter\CodeIgniter->handleRequest(null, Object(Config\Cache), false)
10 SYSTEMPATH\Boot.php(312): CodeIgniter\CodeIgniter->run()
11 SYSTEMPATH\Boot.php(67): CodeIgniter\Boot::runCodeIgniter(Object(CodeIgniter\CodeIgniter))
12 FCPATH\index.php(56): CodeIgniter\Boot::bootWeb(Object(Config\Paths))
