CRITICAL - 2026-03-16 15:09:26 --> ErrorException: Trying to access array offset on value of type null
[Method: GET, Route: admissionlist/123]
in APPPATH\Views\admin\admissionlist.php on line 36.
 1 APPPATH\Views\admin\admissionlist.php(36): CodeIgniter\Debug\Exceptions->errorHandler(2, 'Trying to access array offset on value of type null', 'D:\\xamp\\htdocs\\www\\Education\\resultniceneatcomputer\\app\\Views\\admin\\admissionlist.php', 36)
 2 SYSTEMPATH\View\View.php(234): include('D:\\xamp\\htdocs\\www\\Education\\resultniceneatcomputer\\app\\Views\\admin\\admissionlist.php')
 3 SYSTEMPATH\View\View.php(237): CodeIgniter\View\View->CodeIgniter\View\{closure}()
 4 SYSTEMPATH\Common.php(1171): CodeIgniter\View\View->render('admin/admissionlist', [], true)
 5 APPPATH\Controllers\Admin.php(287): view('admin/admissionlist', [...])
 6 SYSTEMPATH\CodeIgniter.php(933): App\Controllers\Admin->admissionlist('123')
 7 SYSTEMPATH\CodeIgniter.php(509): CodeIgniter\CodeIgniter->runController(Object(App\Controllers\Admin))
 8 SYSTEMPATH\CodeIgniter.php(355): CodeIgniter\CodeIgniter->handleRequest(null, Object(Config\Cache), false)
 9 SYSTEMPATH\Boot.php(312): CodeIgniter\CodeIgniter->run()
10 SYSTEMPATH\Boot.php(67): CodeIgniter\Boot::runCodeIgniter(Object(CodeIgniter\CodeIgniter))
11 FCPATH\index.php(56): CodeIgniter\Boot::bootWeb(Object(Config\Paths))
CRITICAL - 2026-03-16 15:11:36 --> ErrorException: Trying to access array offset on value of type null
[Method: GET, Route: admissionlist/123]
in APPPATH\Views\admin\admissionlist.php on line 36.
 1 APPPATH\Views\admin\admissionlist.php(36): CodeIgniter\Debug\Exceptions->errorHandler(2, 'Trying to access array offset on value of type null', 'D:\\xamp\\htdocs\\www\\Education\\resultniceneatcomputer\\app\\Views\\admin\\admissionlist.php', 36)
 2 SYSTEMPATH\View\View.php(234): include('D:\\xamp\\htdocs\\www\\Education\\resultniceneatcomputer\\app\\Views\\admin\\admissionlist.php')
 3 SYSTEMPATH\View\View.php(237): CodeIgniter\View\View->CodeIgniter\View\{closure}()
 4 SYSTEMPATH\Common.php(1171): CodeIgniter\View\View->render('admin/admissionlist', [], true)
 5 APPPATH\Controllers\Admin.php(287): view('admin/admissionlist', [...])
 6 SYSTEMPATH\CodeIgniter.php(933): App\Controllers\Admin->admissionlist('123')
 7 SYSTEMPATH\CodeIgniter.php(509): CodeIgniter\CodeIgniter->runController(Object(App\Controllers\Admin))
 8 SYSTEMPATH\CodeIgniter.php(355): CodeIgniter\CodeIgniter->handleRequest(null, Object(Config\Cache), false)
 9 SYSTEMPATH\Boot.php(312): CodeIgniter\CodeIgniter->run()
10 SYSTEMPATH\Boot.php(67): CodeIgniter\Boot::runCodeIgniter(Object(CodeIgniter\CodeIgniter))
11 FCPATH\index.php(56): CodeIgniter\Boot::bootWeb(Object(Config\Paths))
CRITICAL - 2026-03-16 15:17:40 --> ErrorException: Trying to access array offset on value of type null
[Method: POST, Route: getmarksheet]
in APPPATH\Controllers\Home.php on line 38.
 1 APPPATH\Controllers\Home.php(38): CodeIgniter\Debug\Exceptions->errorHandler(2, 'Trying to access array offset on value of type null', 'D:\\xamp\\htdocs\\www\\Education\\resultniceneatcomputer\\app\\Controllers\\Home.php', 38)
 2 SYSTEMPATH\CodeIgniter.php(933): App\Controllers\Home->getmarksheet()
 3 SYSTEMPATH\CodeIgniter.php(509): CodeIgniter\CodeIgniter->runController(Object(App\Controllers\Home))
 4 SYSTEMPATH\CodeIgniter.php(355): CodeIgniter\CodeIgniter->handleRequest(null, Object(Config\Cache), false)
 5 SYSTEMPATH\Boot.php(312): CodeIgniter\CodeIgniter->run()
 6 SYSTEMPATH\Boot.php(67): CodeIgniter\Boot::runCodeIgniter(Object(CodeIgniter\CodeIgniter))
 7 FCPATH\index.php(56): CodeIgniter\Boot::bootWeb(Object(Config\Paths))
