ERROR - 2026-03-08 08:20:32 --> mysqli_sql_exception: Duplicate entry '4-6' for key 'StuID' in D:\xamp\htdocs\www\Education\resultniceneatcomputer\system\Database\MySQLi\Connection.php:308
Stack trace:
#0 D:\xamp\htdocs\www\Education\resultniceneatcomputer\system\Database\MySQLi\Connection.php(308): mysqli->query('INSERT INTO `ad...', 0)
#1 D:\xamp\htdocs\www\Education\resultniceneatcomputer\system\Database\BaseConnection.php(721): CodeIgniter\Database\MySQLi\Connection->execute('INSERT INTO `ad...')
#2 D:\xamp\htdocs\www\Education\resultniceneatcomputer\system\Database\BaseConnection.php(635): CodeIgniter\Database\BaseConnection->simpleQuery('INSERT INTO `ad...')
#3 D:\xamp\htdocs\www\Education\resultniceneatcomputer\system\Database\BaseBuilder.php(2325): CodeIgniter\Database\BaseConnection->query('INSERT INTO `ad...', Array, false)
#4 D:\xamp\htdocs\www\Education\resultniceneatcomputer\system\Model.php(382): CodeIgniter\Database\BaseBuilder->insert()
#5 D:\xamp\htdocs\www\Education\resultniceneatcomputer\system\BaseModel.php(840): CodeIgniter\Model->doInsert(Array)
#6 D:\xamp\htdocs\www\Education\resultniceneatcomputer\system\Model.php(790): CodeIgniter\BaseModel->insert(Array, true)
#7 D:\xamp\htdocs\www\Education\resultniceneatcomputer\app\Controllers\Admin.php(266): CodeIgniter\Model->insert(Array)
#8 D:\xamp\htdocs\www\Education\resultniceneatcomputer\system\CodeIgniter.php(933): App\Controllers\Admin->saveadmission()
#9 D:\xamp\htdocs\www\Education\resultniceneatcomputer\system\CodeIgniter.php(509): CodeIgniter\CodeIgniter->runController(Object(App\Controllers\Admin))
#10 D:\xamp\htdocs\www\Education\resultniceneatcomputer\system\CodeIgniter.php(355): CodeIgniter\CodeIgniter->handleRequest(NULL, Object(Config\Cache), false)
#11 D:\xamp\htdocs\www\Education\resultniceneatcomputer\system\Boot.php(312): CodeIgniter\CodeIgniter->run()
#12 D:\xamp\htdocs\www\Education\resultniceneatcomputer\system\Boot.php(67): CodeIgniter\Boot::runCodeIgniter(Object(CodeIgniter\CodeIgniter))
#13 D:\xamp\htdocs\www\Education\resultniceneatcomputer\public\index.php(56): CodeIgniter\Boot::bootWeb(Object(Config\Paths))
#14 {main}
CRITICAL - 2026-03-08 08:20:32 --> CodeIgniter\Database\Exceptions\DatabaseException: Duplicate entry '4-6' for key 'StuID'
[Method: POST, Route: saveadmission]
in SYSTEMPATH\Database\BaseConnection.php on line 675.
 1 SYSTEMPATH\Database\BaseBuilder.php(2325): CodeIgniter\Database\BaseConnection->query('INSERT INTO `admission` (`StuID`, `CourseID`, `CreatedDate`) VALUES (:StuID:, :CourseID:, :CreatedDate:)', [...], false)
 2 SYSTEMPATH\Model.php(382): CodeIgniter\Database\BaseBuilder->insert()
 3 SYSTEMPATH\BaseModel.php(840): CodeIgniter\Model->doInsert([...])
 4 SYSTEMPATH\Model.php(790): CodeIgniter\BaseModel->insert([...], true)
 5 APPPATH\Controllers\Admin.php(266): CodeIgniter\Model->insert([...])
 6 SYSTEMPATH\CodeIgniter.php(933): App\Controllers\Admin->saveadmission()
 7 SYSTEMPATH\CodeIgniter.php(509): CodeIgniter\CodeIgniter->runController(Object(App\Controllers\Admin))
 8 SYSTEMPATH\CodeIgniter.php(355): CodeIgniter\CodeIgniter->handleRequest(null, Object(Config\Cache), false)
 9 SYSTEMPATH\Boot.php(312): CodeIgniter\CodeIgniter->run()
10 SYSTEMPATH\Boot.php(67): CodeIgniter\Boot::runCodeIgniter(Object(CodeIgniter\CodeIgniter))
11 FCPATH\index.php(56): CodeIgniter\Boot::bootWeb(Object(Config\Paths))
CRITICAL - 2026-03-08 08:20:32 --> [Caused by] CodeIgniter\Database\Exceptions\DatabaseException: Duplicate entry '4-6' for key 'StuID'
in SYSTEMPATH\Database\MySQLi\Connection.php on line 313.
 1 SYSTEMPATH\Database\BaseConnection.php(721): CodeIgniter\Database\MySQLi\Connection->execute('INSERT INTO `admission` (`StuID`, `CourseID`, `CreatedDate`) VALUES (\'4\', \'6\', \'2026-03-08 08:20:31\')')
 2 SYSTEMPATH\Database\BaseConnection.php(635): CodeIgniter\Database\BaseConnection->simpleQuery('INSERT INTO `admission` (`StuID`, `CourseID`, `CreatedDate`) VALUES (\'4\', \'6\', \'2026-03-08 08:20:31\')')
 3 SYSTEMPATH\Database\BaseBuilder.php(2325): CodeIgniter\Database\BaseConnection->query('INSERT INTO `admission` (`StuID`, `CourseID`, `CreatedDate`) VALUES (:StuID:, :CourseID:, :CreatedDate:)', [...], false)
 4 SYSTEMPATH\Model.php(382): CodeIgniter\Database\BaseBuilder->insert()
 5 SYSTEMPATH\BaseModel.php(840): CodeIgniter\Model->doInsert([...])
 6 SYSTEMPATH\Model.php(790): CodeIgniter\BaseModel->insert([...], true)
 7 APPPATH\Controllers\Admin.php(266): CodeIgniter\Model->insert([...])
 8 SYSTEMPATH\CodeIgniter.php(933): App\Controllers\Admin->saveadmission()
 9 SYSTEMPATH\CodeIgniter.php(509): CodeIgniter\CodeIgniter->runController(Object(App\Controllers\Admin))
10 SYSTEMPATH\CodeIgniter.php(355): CodeIgniter\CodeIgniter->handleRequest(null, Object(Config\Cache), false)
11 SYSTEMPATH\Boot.php(312): CodeIgniter\CodeIgniter->run()
12 SYSTEMPATH\Boot.php(67): CodeIgniter\Boot::runCodeIgniter(Object(CodeIgniter\CodeIgniter))
13 FCPATH\index.php(56): CodeIgniter\Boot::bootWeb(Object(Config\Paths))
CRITICAL - 2026-03-08 08:20:32 --> [Caused by] mysqli_sql_exception: Duplicate entry '4-6' for key 'StuID'
in SYSTEMPATH\Database\MySQLi\Connection.php on line 308.
 1 SYSTEMPATH\Database\MySQLi\Connection.php(308): mysqli->query('INSERT INTO `admission` (`StuID`, `CourseID`, `CreatedDate`) VALUES (\'4\', \'6\', \'2026-03-08 08:20:31\')', 0)
 2 SYSTEMPATH\Database\BaseConnection.php(721): CodeIgniter\Database\MySQLi\Connection->execute('INSERT INTO `admission` (`StuID`, `CourseID`, `CreatedDate`) VALUES (\'4\', \'6\', \'2026-03-08 08:20:31\')')
 3 SYSTEMPATH\Database\BaseConnection.php(635): CodeIgniter\Database\BaseConnection->simpleQuery('INSERT INTO `admission` (`StuID`, `CourseID`, `CreatedDate`) VALUES (\'4\', \'6\', \'2026-03-08 08:20:31\')')
 4 SYSTEMPATH\Database\BaseBuilder.php(2325): CodeIgniter\Database\BaseConnection->query('INSERT INTO `admission` (`StuID`, `CourseID`, `CreatedDate`) VALUES (:StuID:, :CourseID:, :CreatedDate:)', [...], false)
 5 SYSTEMPATH\Model.php(382): CodeIgniter\Database\BaseBuilder->insert()
 6 SYSTEMPATH\BaseModel.php(840): CodeIgniter\Model->doInsert([...])
 7 SYSTEMPATH\Model.php(790): CodeIgniter\BaseModel->insert([...], true)
 8 APPPATH\Controllers\Admin.php(266): CodeIgniter\Model->insert([...])
 9 SYSTEMPATH\CodeIgniter.php(933): App\Controllers\Admin->saveadmission()
10 SYSTEMPATH\CodeIgniter.php(509): CodeIgniter\CodeIgniter->runController(Object(App\Controllers\Admin))
11 SYSTEMPATH\CodeIgniter.php(355): CodeIgniter\CodeIgniter->handleRequest(null, Object(Config\Cache), false)
12 SYSTEMPATH\Boot.php(312): CodeIgniter\CodeIgniter->run()
13 SYSTEMPATH\Boot.php(67): CodeIgniter\Boot::runCodeIgniter(Object(CodeIgniter\CodeIgniter))
14 FCPATH\index.php(56): CodeIgniter\Boot::bootWeb(Object(Config\Paths))
