ERROR - 2026-02-12 12:13:19 --> mysqli_sql_exception: Table 'niceneat.dayallogin' doesn't exist in C:\xampp\htdocs\wwwc\education\resultniceneatcomputer\system\Database\MySQLi\Connection.php:308
Stack trace:
#0 C:\xampp\htdocs\wwwc\education\resultniceneatcomputer\system\Database\MySQLi\Connection.php(308): mysqli->query('SELECT *\nFROM `...', 0)
#1 C:\xampp\htdocs\wwwc\education\resultniceneatcomputer\system\Database\BaseConnection.php(721): CodeIgniter\Database\MySQLi\Connection->execute('SELECT *\nFROM `...')
#2 C:\xampp\htdocs\wwwc\education\resultniceneatcomputer\system\Database\BaseConnection.php(635): CodeIgniter\Database\BaseConnection->simpleQuery('SELECT *\nFROM `...')
#3 C:\xampp\htdocs\wwwc\education\resultniceneatcomputer\system\Database\BaseBuilder.php(1629): CodeIgniter\Database\BaseConnection->query('SELECT *\nFROM `...', Array, false)
#4 C:\xampp\htdocs\wwwc\education\resultniceneatcomputer\system\Model.php(318): CodeIgniter\Database\BaseBuilder->get()
#5 C:\xampp\htdocs\wwwc\education\resultniceneatcomputer\system\BaseModel.php(714): CodeIgniter\Model->doFirst()
#6 C:\xampp\htdocs\wwwc\education\resultniceneatcomputer\app\Controllers\Login.php(21): CodeIgniter\BaseModel->first()
#7 C:\xampp\htdocs\wwwc\education\resultniceneatcomputer\system\CodeIgniter.php(933): App\Controllers\Login->LoginUser()
#8 C:\xampp\htdocs\wwwc\education\resultniceneatcomputer\system\CodeIgniter.php(509): CodeIgniter\CodeIgniter->runController(Object(App\Controllers\Login))
#9 C:\xampp\htdocs\wwwc\education\resultniceneatcomputer\system\CodeIgniter.php(355): CodeIgniter\CodeIgniter->handleRequest(NULL, Object(Config\Cache), false)
#10 C:\xampp\htdocs\wwwc\education\resultniceneatcomputer\system\Boot.php(312): CodeIgniter\CodeIgniter->run()
#11 C:\xampp\htdocs\wwwc\education\resultniceneatcomputer\system\Boot.php(67): CodeIgniter\Boot::runCodeIgniter(Object(CodeIgniter\CodeIgniter))
#12 C:\xampp\htdocs\wwwc\education\resultniceneatcomputer\public\index.php(56): CodeIgniter\Boot::bootWeb(Object(Config\Paths))
#13 {main}
CRITICAL - 2026-02-12 12:13:19 --> CodeIgniter\Database\Exceptions\DatabaseException: Table 'niceneat.dayallogin' doesn't exist
[Method: POST, Route: login]
in SYSTEMPATH\Database\BaseConnection.php on line 675.
 1 SYSTEMPATH\Database\BaseBuilder.php(1629): CodeIgniter\Database\BaseConnection->query('SELECT *
FROM `dayallogin`
WHERE `Username` IS NULL
 LIMIT 1', [], false)
 2 SYSTEMPATH\Model.php(318): CodeIgniter\Database\BaseBuilder->get()
 3 SYSTEMPATH\BaseModel.php(714): CodeIgniter\Model->doFirst()
 4 APPPATH\Controllers\Login.php(21): CodeIgniter\BaseModel->first()
 5 SYSTEMPATH\CodeIgniter.php(933): App\Controllers\Login->LoginUser()
 6 SYSTEMPATH\CodeIgniter.php(509): CodeIgniter\CodeIgniter->runController(Object(App\Controllers\Login))
 7 SYSTEMPATH\CodeIgniter.php(355): CodeIgniter\CodeIgniter->handleRequest(null, Object(Config\Cache), false)
 8 SYSTEMPATH\Boot.php(312): CodeIgniter\CodeIgniter->run()
 9 SYSTEMPATH\Boot.php(67): CodeIgniter\Boot::runCodeIgniter(Object(CodeIgniter\CodeIgniter))
10 FCPATH\index.php(56): CodeIgniter\Boot::bootWeb(Object(Config\Paths))
CRITICAL - 2026-02-12 12:13:19 --> [Caused by] CodeIgniter\Database\Exceptions\DatabaseException: Table 'niceneat.dayallogin' doesn't exist
in SYSTEMPATH\Database\MySQLi\Connection.php on line 313.
 1 SYSTEMPATH\Database\BaseConnection.php(721): CodeIgniter\Database\MySQLi\Connection->execute('SELECT *
FROM `dayallogin`
WHERE `Username` IS NULL
 LIMIT 1')
 2 SYSTEMPATH\Database\BaseConnection.php(635): CodeIgniter\Database\BaseConnection->simpleQuery('SELECT *
FROM `dayallogin`
WHERE `Username` IS NULL
 LIMIT 1')
 3 SYSTEMPATH\Database\BaseBuilder.php(1629): CodeIgniter\Database\BaseConnection->query('SELECT *
FROM `dayallogin`
WHERE `Username` IS NULL
 LIMIT 1', [], false)
 4 SYSTEMPATH\Model.php(318): CodeIgniter\Database\BaseBuilder->get()
 5 SYSTEMPATH\BaseModel.php(714): CodeIgniter\Model->doFirst()
 6 APPPATH\Controllers\Login.php(21): CodeIgniter\BaseModel->first()
 7 SYSTEMPATH\CodeIgniter.php(933): App\Controllers\Login->LoginUser()
 8 SYSTEMPATH\CodeIgniter.php(509): CodeIgniter\CodeIgniter->runController(Object(App\Controllers\Login))
 9 SYSTEMPATH\CodeIgniter.php(355): CodeIgniter\CodeIgniter->handleRequest(null, Object(Config\Cache), false)
10 SYSTEMPATH\Boot.php(312): CodeIgniter\CodeIgniter->run()
11 SYSTEMPATH\Boot.php(67): CodeIgniter\Boot::runCodeIgniter(Object(CodeIgniter\CodeIgniter))
12 FCPATH\index.php(56): CodeIgniter\Boot::bootWeb(Object(Config\Paths))
CRITICAL - 2026-02-12 12:13:19 --> [Caused by] mysqli_sql_exception: Table 'niceneat.dayallogin' doesn't exist
in SYSTEMPATH\Database\MySQLi\Connection.php on line 308.
 1 SYSTEMPATH\Database\MySQLi\Connection.php(308): mysqli->query('SELECT *
FROM `dayallogin`
WHERE `Username` IS NULL
 LIMIT 1', 0)
 2 SYSTEMPATH\Database\BaseConnection.php(721): CodeIgniter\Database\MySQLi\Connection->execute('SELECT *
FROM `dayallogin`
WHERE `Username` IS NULL
 LIMIT 1')
 3 SYSTEMPATH\Database\BaseConnection.php(635): CodeIgniter\Database\BaseConnection->simpleQuery('SELECT *
FROM `dayallogin`
WHERE `Username` IS NULL
 LIMIT 1')
 4 SYSTEMPATH\Database\BaseBuilder.php(1629): CodeIgniter\Database\BaseConnection->query('SELECT *
FROM `dayallogin`
WHERE `Username` IS NULL
 LIMIT 1', [], false)
 5 SYSTEMPATH\Model.php(318): CodeIgniter\Database\BaseBuilder->get()
 6 SYSTEMPATH\BaseModel.php(714): CodeIgniter\Model->doFirst()
 7 APPPATH\Controllers\Login.php(21): CodeIgniter\BaseModel->first()
 8 SYSTEMPATH\CodeIgniter.php(933): App\Controllers\Login->LoginUser()
 9 SYSTEMPATH\CodeIgniter.php(509): CodeIgniter\CodeIgniter->runController(Object(App\Controllers\Login))
10 SYSTEMPATH\CodeIgniter.php(355): CodeIgniter\CodeIgniter->handleRequest(null, Object(Config\Cache), false)
11 SYSTEMPATH\Boot.php(312): CodeIgniter\CodeIgniter->run()
12 SYSTEMPATH\Boot.php(67): CodeIgniter\Boot::runCodeIgniter(Object(CodeIgniter\CodeIgniter))
13 FCPATH\index.php(56): CodeIgniter\Boot::bootWeb(Object(Config\Paths))
ERROR - 2026-02-12 12:13:46 --> mysqli_sql_exception: Table 'niceneat.dayallogin' doesn't exist in C:\xampp\htdocs\wwwc\education\resultniceneatcomputer\system\Database\MySQLi\Connection.php:308
Stack trace:
#0 C:\xampp\htdocs\wwwc\education\resultniceneatcomputer\system\Database\MySQLi\Connection.php(308): mysqli->query('SELECT *\nFROM `...', 0)
#1 C:\xampp\htdocs\wwwc\education\resultniceneatcomputer\system\Database\BaseConnection.php(721): CodeIgniter\Database\MySQLi\Connection->execute('SELECT *\nFROM `...')
#2 C:\xampp\htdocs\wwwc\education\resultniceneatcomputer\system\Database\BaseConnection.php(635): CodeIgniter\Database\BaseConnection->simpleQuery('SELECT *\nFROM `...')
#3 C:\xampp\htdocs\wwwc\education\resultniceneatcomputer\system\Database\BaseBuilder.php(1629): CodeIgniter\Database\BaseConnection->query('SELECT *\nFROM `...', Array, false)
#4 C:\xampp\htdocs\wwwc\education\resultniceneatcomputer\system\Model.php(318): CodeIgniter\Database\BaseBuilder->get()
#5 C:\xampp\htdocs\wwwc\education\resultniceneatcomputer\system\BaseModel.php(714): CodeIgniter\Model->doFirst()
#6 C:\xampp\htdocs\wwwc\education\resultniceneatcomputer\app\Controllers\Login.php(21): CodeIgniter\BaseModel->first()
#7 C:\xampp\htdocs\wwwc\education\resultniceneatcomputer\system\CodeIgniter.php(933): App\Controllers\Login->LoginUser()
#8 C:\xampp\htdocs\wwwc\education\resultniceneatcomputer\system\CodeIgniter.php(509): CodeIgniter\CodeIgniter->runController(Object(App\Controllers\Login))
#9 C:\xampp\htdocs\wwwc\education\resultniceneatcomputer\system\CodeIgniter.php(355): CodeIgniter\CodeIgniter->handleRequest(NULL, Object(Config\Cache), false)
#10 C:\xampp\htdocs\wwwc\education\resultniceneatcomputer\system\Boot.php(312): CodeIgniter\CodeIgniter->run()
#11 C:\xampp\htdocs\wwwc\education\resultniceneatcomputer\system\Boot.php(67): CodeIgniter\Boot::runCodeIgniter(Object(CodeIgniter\CodeIgniter))
#12 C:\xampp\htdocs\wwwc\education\resultniceneatcomputer\public\index.php(56): CodeIgniter\Boot::bootWeb(Object(Config\Paths))
#13 {main}
CRITICAL - 2026-02-12 12:13:46 --> CodeIgniter\Database\Exceptions\DatabaseException: Table 'niceneat.dayallogin' doesn't exist
[Method: POST, Route: login]
in SYSTEMPATH\Database\BaseConnection.php on line 675.
 1 SYSTEMPATH\Database\BaseBuilder.php(1629): CodeIgniter\Database\BaseConnection->query('SELECT *
FROM `dayallogin`
WHERE `Username` IS NULL
 LIMIT 1', [], false)
 2 SYSTEMPATH\Model.php(318): CodeIgniter\Database\BaseBuilder->get()
 3 SYSTEMPATH\BaseModel.php(714): CodeIgniter\Model->doFirst()
 4 APPPATH\Controllers\Login.php(21): CodeIgniter\BaseModel->first()
 5 SYSTEMPATH\CodeIgniter.php(933): App\Controllers\Login->LoginUser()
 6 SYSTEMPATH\CodeIgniter.php(509): CodeIgniter\CodeIgniter->runController(Object(App\Controllers\Login))
 7 SYSTEMPATH\CodeIgniter.php(355): CodeIgniter\CodeIgniter->handleRequest(null, Object(Config\Cache), false)
 8 SYSTEMPATH\Boot.php(312): CodeIgniter\CodeIgniter->run()
 9 SYSTEMPATH\Boot.php(67): CodeIgniter\Boot::runCodeIgniter(Object(CodeIgniter\CodeIgniter))
10 FCPATH\index.php(56): CodeIgniter\Boot::bootWeb(Object(Config\Paths))
CRITICAL - 2026-02-12 12:13:46 --> [Caused by] CodeIgniter\Database\Exceptions\DatabaseException: Table 'niceneat.dayallogin' doesn't exist
in SYSTEMPATH\Database\MySQLi\Connection.php on line 313.
 1 SYSTEMPATH\Database\BaseConnection.php(721): CodeIgniter\Database\MySQLi\Connection->execute('SELECT *
FROM `dayallogin`
WHERE `Username` IS NULL
 LIMIT 1')
 2 SYSTEMPATH\Database\BaseConnection.php(635): CodeIgniter\Database\BaseConnection->simpleQuery('SELECT *
FROM `dayallogin`
WHERE `Username` IS NULL
 LIMIT 1')
 3 SYSTEMPATH\Database\BaseBuilder.php(1629): CodeIgniter\Database\BaseConnection->query('SELECT *
FROM `dayallogin`
WHERE `Username` IS NULL
 LIMIT 1', [], false)
 4 SYSTEMPATH\Model.php(318): CodeIgniter\Database\BaseBuilder->get()
 5 SYSTEMPATH\BaseModel.php(714): CodeIgniter\Model->doFirst()
 6 APPPATH\Controllers\Login.php(21): CodeIgniter\BaseModel->first()
 7 SYSTEMPATH\CodeIgniter.php(933): App\Controllers\Login->LoginUser()
 8 SYSTEMPATH\CodeIgniter.php(509): CodeIgniter\CodeIgniter->runController(Object(App\Controllers\Login))
 9 SYSTEMPATH\CodeIgniter.php(355): CodeIgniter\CodeIgniter->handleRequest(null, Object(Config\Cache), false)
10 SYSTEMPATH\Boot.php(312): CodeIgniter\CodeIgniter->run()
11 SYSTEMPATH\Boot.php(67): CodeIgniter\Boot::runCodeIgniter(Object(CodeIgniter\CodeIgniter))
12 FCPATH\index.php(56): CodeIgniter\Boot::bootWeb(Object(Config\Paths))
CRITICAL - 2026-02-12 12:13:46 --> [Caused by] mysqli_sql_exception: Table 'niceneat.dayallogin' doesn't exist
in SYSTEMPATH\Database\MySQLi\Connection.php on line 308.
 1 SYSTEMPATH\Database\MySQLi\Connection.php(308): mysqli->query('SELECT *
FROM `dayallogin`
WHERE `Username` IS NULL
 LIMIT 1', 0)
 2 SYSTEMPATH\Database\BaseConnection.php(721): CodeIgniter\Database\MySQLi\Connection->execute('SELECT *
FROM `dayallogin`
WHERE `Username` IS NULL
 LIMIT 1')
 3 SYSTEMPATH\Database\BaseConnection.php(635): CodeIgniter\Database\BaseConnection->simpleQuery('SELECT *
FROM `dayallogin`
WHERE `Username` IS NULL
 LIMIT 1')
 4 SYSTEMPATH\Database\BaseBuilder.php(1629): CodeIgniter\Database\BaseConnection->query('SELECT *
FROM `dayallogin`
WHERE `Username` IS NULL
 LIMIT 1', [], false)
 5 SYSTEMPATH\Model.php(318): CodeIgniter\Database\BaseBuilder->get()
 6 SYSTEMPATH\BaseModel.php(714): CodeIgniter\Model->doFirst()
 7 APPPATH\Controllers\Login.php(21): CodeIgniter\BaseModel->first()
 8 SYSTEMPATH\CodeIgniter.php(933): App\Controllers\Login->LoginUser()
 9 SYSTEMPATH\CodeIgniter.php(509): CodeIgniter\CodeIgniter->runController(Object(App\Controllers\Login))
10 SYSTEMPATH\CodeIgniter.php(355): CodeIgniter\CodeIgniter->handleRequest(null, Object(Config\Cache), false)
11 SYSTEMPATH\Boot.php(312): CodeIgniter\CodeIgniter->run()
12 SYSTEMPATH\Boot.php(67): CodeIgniter\Boot::runCodeIgniter(Object(CodeIgniter\CodeIgniter))
13 FCPATH\index.php(56): CodeIgniter\Boot::bootWeb(Object(Config\Paths))
CRITICAL - 2026-02-12 12:14:25 --> CodeIgniter\Session\Exceptions\SessionException: Session: Configured save path "C:\xampp\htdocs\wwwc\education\resultniceneatcomputer\writable\session" is not writable by the PHP process.
[Method: POST, Route: login]
in SYSTEMPATH\Session\Handlers\FileHandler.php on line 103.
 1 SYSTEMPATH\Session\Handlers\FileHandler.php(103): CodeIgniter\Session\Exceptions\SessionException::forWriteProtectedSavePath('C:\\xampp\\htdocs\\wwwc\\education\\resultniceneatcomputer\\writable\\session')
 2 [internal function]: CodeIgniter\Session\Handlers\FileHandler->open('C:\\xampp\\htdocs\\wwwc\\education\\resultniceneatcomputer\\writable\\session', 'ci_session')
 3 SYSTEMPATH\Session\Session.php(920): session_start()
 4 SYSTEMPATH\Session\Session.php(242): CodeIgniter\Session\Session->startSession()
 5 SYSTEMPATH\Config\Services.php(701): CodeIgniter\Session\Session->start()
 6 SYSTEMPATH\Config\BaseService.php(311): CodeIgniter\Config\Services::session(Object(Config\Session), false)
 7 SYSTEMPATH\Config\BaseService.php(250): CodeIgniter\Config\BaseService::__callStatic('session', [...])
 8 SYSTEMPATH\Config\Services.php(666): CodeIgniter\Config\BaseService::getSharedInstance('session', null)
 9 SYSTEMPATH\Config\BaseService.php(320): CodeIgniter\Config\Services::session()
10 SYSTEMPATH\Config\BaseService.php(201): CodeIgniter\Config\BaseService::__callStatic('session', [])
11 SYSTEMPATH\Common.php(998): CodeIgniter\Config\BaseService::get('session')
12 SYSTEMPATH\HTTP\RedirectResponse.php(80): service('session')
13 APPPATH\Controllers\Login.php(33): CodeIgniter\HTTP\RedirectResponse->back()
14 SYSTEMPATH\CodeIgniter.php(933): App\Controllers\Login->LoginUser()
15 SYSTEMPATH\CodeIgniter.php(509): CodeIgniter\CodeIgniter->runController(Object(App\Controllers\Login))
16 SYSTEMPATH\CodeIgniter.php(355): CodeIgniter\CodeIgniter->handleRequest(null, Object(Config\Cache), false)
17 SYSTEMPATH\Boot.php(312): CodeIgniter\CodeIgniter->run()
18 SYSTEMPATH\Boot.php(67): CodeIgniter\Boot::runCodeIgniter(Object(CodeIgniter\CodeIgniter))
19 FCPATH\index.php(56): CodeIgniter\Boot::bootWeb(Object(Config\Paths))
CRITICAL - 2026-02-12 12:30:54 --> ErrorException: Undefined array key "UserName"
[Method: POST, Route: login]
in APPPATH\Controllers\Login.php on line 26.
 1 APPPATH\Controllers\Login.php(26): CodeIgniter\Debug\Exceptions->errorHandler(2, 'Undefined array key "UserName"', 'C:\\xampp\\htdocs\\wwwc\\education\\resultniceneatcomputer\\app\\Controllers\\Login.php', 26)
 2 SYSTEMPATH\CodeIgniter.php(933): App\Controllers\Login->LoginUser()
 3 SYSTEMPATH\CodeIgniter.php(509): CodeIgniter\CodeIgniter->runController(Object(App\Controllers\Login))
 4 SYSTEMPATH\CodeIgniter.php(355): CodeIgniter\CodeIgniter->handleRequest(null, Object(Config\Cache), false)
 5 SYSTEMPATH\Boot.php(312): CodeIgniter\CodeIgniter->run()
 6 SYSTEMPATH\Boot.php(67): CodeIgniter\Boot::runCodeIgniter(Object(CodeIgniter\CodeIgniter))
 7 FCPATH\index.php(56): CodeIgniter\Boot::bootWeb(Object(Config\Paths))
CRITICAL - 2026-02-12 13:48:47 --> ErrorException: require(pagelib.php): Failed to open stream: No such file or directory
[Method: GET, Route: dashboard]
in APPPATH\Views\admin\index.php on line 1.
 1 APPPATH\Views\admin\index.php(1): CodeIgniter\Debug\Exceptions->errorHandler(2, 'require(pagelib.php): Failed to open stream: No such file or directory', 'C:\\xampp\\htdocs\\wwwc\\education\\resultniceneatcomputer\\app\\Views\\admin\\index.php', 1)
 2 APPPATH\Views\admin\index.php(1): require()
 3 SYSTEMPATH\View\View.php(234): include('C:\\xampp\\htdocs\\wwwc\\education\\resultniceneatcomputer\\app\\Views\\admin\\index.php')
 4 SYSTEMPATH\View\View.php(237): CodeIgniter\View\View->CodeIgniter\View\{closure}()
 5 SYSTEMPATH\Common.php(1171): CodeIgniter\View\View->render('admin/index', [], true)
 6 APPPATH\Controllers\Admin.php(16): view('admin/index', [...])
 7 SYSTEMPATH\CodeIgniter.php(933): App\Controllers\Admin->index()
 8 SYSTEMPATH\CodeIgniter.php(509): CodeIgniter\CodeIgniter->runController(Object(App\Controllers\Admin))
 9 SYSTEMPATH\CodeIgniter.php(355): CodeIgniter\CodeIgniter->handleRequest(null, Object(Config\Cache), false)
10 SYSTEMPATH\Boot.php(312): CodeIgniter\CodeIgniter->run()
11 SYSTEMPATH\Boot.php(67): CodeIgniter\Boot::runCodeIgniter(Object(CodeIgniter\CodeIgniter))
12 FCPATH\index.php(56): CodeIgniter\Boot::bootWeb(Object(Config\Paths))
CRITICAL - 2026-02-12 13:49:09 --> ErrorException: Undefined variable $count
[Method: GET, Route: dashboard]
in APPPATH\Views\admin\index.php on line 21.
 1 APPPATH\Views\admin\index.php(21): CodeIgniter\Debug\Exceptions->errorHandler(2, 'Undefined variable $count', 'C:\\xampp\\htdocs\\wwwc\\education\\resultniceneatcomputer\\app\\Views\\admin\\index.php', 21)
 2 SYSTEMPATH\View\View.php(234): include('C:\\xampp\\htdocs\\wwwc\\education\\resultniceneatcomputer\\app\\Views\\admin\\index.php')
 3 SYSTEMPATH\View\View.php(237): CodeIgniter\View\View->CodeIgniter\View\{closure}()
 4 SYSTEMPATH\Common.php(1171): CodeIgniter\View\View->render('admin/index', [], true)
 5 APPPATH\Controllers\Admin.php(16): view('admin/index', [...])
 6 SYSTEMPATH\CodeIgniter.php(933): App\Controllers\Admin->index()
 7 SYSTEMPATH\CodeIgniter.php(509): CodeIgniter\CodeIgniter->runController(Object(App\Controllers\Admin))
 8 SYSTEMPATH\CodeIgniter.php(355): CodeIgniter\CodeIgniter->handleRequest(null, Object(Config\Cache), false)
 9 SYSTEMPATH\Boot.php(312): CodeIgniter\CodeIgniter->run()
10 SYSTEMPATH\Boot.php(67): CodeIgniter\Boot::runCodeIgniter(Object(CodeIgniter\CodeIgniter))
11 FCPATH\index.php(56): CodeIgniter\Boot::bootWeb(Object(Config\Paths))
CRITICAL - 2026-02-12 13:58:23 --> Error: Call to undefined function prt()
[Method: GET, Route: dashboard]
in APPPATH\Views\admin\shared\topmenu.php on line 25.
 1 SYSTEMPATH\View\View.php(234): include()
 2 SYSTEMPATH\View\View.php(237): CodeIgniter\View\View->CodeIgniter\View\{closure}()
 3 SYSTEMPATH\View\View.php(484): CodeIgniter\View\View->render('admin/shared/topmenu', null, true)
 4 APPPATH\Views\admin\shared\layout.php(18): CodeIgniter\View\View->include('admin/shared/topmenu')
 5 SYSTEMPATH\View\View.php(234): include('C:\\xampp\\htdocs\\wwwc\\education\\resultniceneatcomputer\\app\\Views\\admin\\shared\\layout.php')
 6 SYSTEMPATH\View\View.php(237): CodeIgniter\View\View->CodeIgniter\View\{closure}()
 7 SYSTEMPATH\View\View.php(250): CodeIgniter\View\View->render('admin/shared/layout', [], true)
 8 SYSTEMPATH\Common.php(1171): CodeIgniter\View\View->render('admin/index', [], true)
 9 APPPATH\Controllers\Admin.php(16): view('admin/index', [...])
10 SYSTEMPATH\CodeIgniter.php(933): App\Controllers\Admin->index()
11 SYSTEMPATH\CodeIgniter.php(509): CodeIgniter\CodeIgniter->runController(Object(App\Controllers\Admin))
12 SYSTEMPATH\CodeIgniter.php(355): CodeIgniter\CodeIgniter->handleRequest(null, Object(Config\Cache), false)
13 SYSTEMPATH\Boot.php(312): CodeIgniter\CodeIgniter->run()
14 SYSTEMPATH\Boot.php(67): CodeIgniter\Boot::runCodeIgniter(Object(CodeIgniter\CodeIgniter))
15 FCPATH\index.php(56): CodeIgniter\Boot::bootWeb(Object(Config\Paths))
CRITICAL - 2026-02-12 13:59:42 --> ErrorException: require(../pagelib.php): Failed to open stream: No such file or directory
[Method: GET, Route: dashboard]
in APPPATH\Views\admin\index.php on line 1.
 1 APPPATH\Views\admin\index.php(1): CodeIgniter\Debug\Exceptions->errorHandler(2, 'require(../pagelib.php): Failed to open stream: No such file or directory', 'C:\\xampp\\htdocs\\wwwc\\education\\resultniceneatcomputer\\app\\Views\\admin\\index.php', 1)
 2 APPPATH\Views\admin\index.php(1): require()
 3 SYSTEMPATH\View\View.php(234): include('C:\\xampp\\htdocs\\wwwc\\education\\resultniceneatcomputer\\app\\Views\\admin\\index.php')
 4 SYSTEMPATH\View\View.php(237): CodeIgniter\View\View->CodeIgniter\View\{closure}()
 5 SYSTEMPATH\Common.php(1171): CodeIgniter\View\View->render('admin/index', [], true)
 6 APPPATH\Controllers\Admin.php(16): view('admin/index', [...])
 7 SYSTEMPATH\CodeIgniter.php(933): App\Controllers\Admin->index()
 8 SYSTEMPATH\CodeIgniter.php(509): CodeIgniter\CodeIgniter->runController(Object(App\Controllers\Admin))
 9 SYSTEMPATH\CodeIgniter.php(355): CodeIgniter\CodeIgniter->handleRequest(null, Object(Config\Cache), false)
10 SYSTEMPATH\Boot.php(312): CodeIgniter\CodeIgniter->run()
11 SYSTEMPATH\Boot.php(67): CodeIgniter\Boot::runCodeIgniter(Object(CodeIgniter\CodeIgniter))
12 FCPATH\index.php(56): CodeIgniter\Boot::bootWeb(Object(Config\Paths))
CRITICAL - 2026-02-12 14:00:43 --> ErrorException: require(../../pagelib.php): Failed to open stream: No such file or directory
[Method: GET, Route: dashboard]
in APPPATH\Views\admin\index.php on line 1.
 1 APPPATH\Views\admin\index.php(1): CodeIgniter\Debug\Exceptions->errorHandler(2, 'require(../../pagelib.php): Failed to open stream: No such file or directory', 'C:\\xampp\\htdocs\\wwwc\\education\\resultniceneatcomputer\\app\\Views\\admin\\index.php', 1)
 2 APPPATH\Views\admin\index.php(1): require()
 3 SYSTEMPATH\View\View.php(234): include('C:\\xampp\\htdocs\\wwwc\\education\\resultniceneatcomputer\\app\\Views\\admin\\index.php')
 4 SYSTEMPATH\View\View.php(237): CodeIgniter\View\View->CodeIgniter\View\{closure}()
 5 SYSTEMPATH\Common.php(1171): CodeIgniter\View\View->render('admin/index', [], true)
 6 APPPATH\Controllers\Admin.php(16): view('admin/index', [...])
 7 SYSTEMPATH\CodeIgniter.php(933): App\Controllers\Admin->index()
 8 SYSTEMPATH\CodeIgniter.php(509): CodeIgniter\CodeIgniter->runController(Object(App\Controllers\Admin))
 9 SYSTEMPATH\CodeIgniter.php(355): CodeIgniter\CodeIgniter->handleRequest(null, Object(Config\Cache), false)
10 SYSTEMPATH\Boot.php(312): CodeIgniter\CodeIgniter->run()
11 SYSTEMPATH\Boot.php(67): CodeIgniter\Boot::runCodeIgniter(Object(CodeIgniter\CodeIgniter))
12 FCPATH\index.php(56): CodeIgniter\Boot::bootWeb(Object(Config\Paths))
CRITICAL - 2026-02-12 14:00:57 --> Error: Call to undefined function prt()
[Method: GET, Route: dashboard]
in APPPATH\Views\admin\shared\topmenu.php on line 25.
 1 SYSTEMPATH\View\View.php(234): include()
 2 SYSTEMPATH\View\View.php(237): CodeIgniter\View\View->CodeIgniter\View\{closure}()
 3 SYSTEMPATH\View\View.php(484): CodeIgniter\View\View->render('admin/shared/topmenu', null, true)
 4 APPPATH\Views\admin\shared\layout.php(18): CodeIgniter\View\View->include('admin/shared/topmenu')
 5 SYSTEMPATH\View\View.php(234): include('C:\\xampp\\htdocs\\wwwc\\education\\resultniceneatcomputer\\app\\Views\\admin\\shared\\layout.php')
 6 SYSTEMPATH\View\View.php(237): CodeIgniter\View\View->CodeIgniter\View\{closure}()
 7 SYSTEMPATH\View\View.php(250): CodeIgniter\View\View->render('admin/shared/layout', [], true)
 8 SYSTEMPATH\Common.php(1171): CodeIgniter\View\View->render('admin/index', [], true)
 9 APPPATH\Controllers\Admin.php(16): view('admin/index', [...])
10 SYSTEMPATH\CodeIgniter.php(933): App\Controllers\Admin->index()
11 SYSTEMPATH\CodeIgniter.php(509): CodeIgniter\CodeIgniter->runController(Object(App\Controllers\Admin))
12 SYSTEMPATH\CodeIgniter.php(355): CodeIgniter\CodeIgniter->handleRequest(null, Object(Config\Cache), false)
13 SYSTEMPATH\Boot.php(312): CodeIgniter\CodeIgniter->run()
14 SYSTEMPATH\Boot.php(67): CodeIgniter\Boot::runCodeIgniter(Object(CodeIgniter\CodeIgniter))
15 FCPATH\index.php(56): CodeIgniter\Boot::bootWeb(Object(Config\Paths))
CRITICAL - 2026-02-12 14:01:25 --> ErrorException: require(..\pagelib.php): Failed to open stream: No such file or directory
[Method: GET, Route: dashboard]
in APPPATH\Views\admin\index.php on line 1.
 1 APPPATH\Views\admin\index.php(1): CodeIgniter\Debug\Exceptions->errorHandler(2, 'require(..\\pagelib.php): Failed to open stream: No such file or directory', 'C:\\xampp\\htdocs\\wwwc\\education\\resultniceneatcomputer\\app\\Views\\admin\\index.php', 1)
 2 APPPATH\Views\admin\index.php(1): require()
 3 SYSTEMPATH\View\View.php(234): include('C:\\xampp\\htdocs\\wwwc\\education\\resultniceneatcomputer\\app\\Views\\admin\\index.php')
 4 SYSTEMPATH\View\View.php(237): CodeIgniter\View\View->CodeIgniter\View\{closure}()
 5 SYSTEMPATH\Common.php(1171): CodeIgniter\View\View->render('admin/index', [], true)
 6 APPPATH\Controllers\Admin.php(16): view('admin/index', [...])
 7 SYSTEMPATH\CodeIgniter.php(933): App\Controllers\Admin->index()
 8 SYSTEMPATH\CodeIgniter.php(509): CodeIgniter\CodeIgniter->runController(Object(App\Controllers\Admin))
 9 SYSTEMPATH\CodeIgniter.php(355): CodeIgniter\CodeIgniter->handleRequest(null, Object(Config\Cache), false)
10 SYSTEMPATH\Boot.php(312): CodeIgniter\CodeIgniter->run()
11 SYSTEMPATH\Boot.php(67): CodeIgniter\Boot::runCodeIgniter(Object(CodeIgniter\CodeIgniter))
12 FCPATH\index.php(56): CodeIgniter\Boot::bootWeb(Object(Config\Paths))
CRITICAL - 2026-02-12 14:01:42 --> ErrorException: require(../pagelib.php): Failed to open stream: No such file or directory
[Method: GET, Route: dashboard]
in APPPATH\Views\admin\index.php on line 1.
 1 APPPATH\Views\admin\index.php(1): CodeIgniter\Debug\Exceptions->errorHandler(2, 'require(../pagelib.php): Failed to open stream: No such file or directory', 'C:\\xampp\\htdocs\\wwwc\\education\\resultniceneatcomputer\\app\\Views\\admin\\index.php', 1)
 2 APPPATH\Views\admin\index.php(1): require()
 3 SYSTEMPATH\View\View.php(234): include('C:\\xampp\\htdocs\\wwwc\\education\\resultniceneatcomputer\\app\\Views\\admin\\index.php')
 4 SYSTEMPATH\View\View.php(237): CodeIgniter\View\View->CodeIgniter\View\{closure}()
 5 SYSTEMPATH\Common.php(1171): CodeIgniter\View\View->render('admin/index', [], true)
 6 APPPATH\Controllers\Admin.php(16): view('admin/index', [...])
 7 SYSTEMPATH\CodeIgniter.php(933): App\Controllers\Admin->index()
 8 SYSTEMPATH\CodeIgniter.php(509): CodeIgniter\CodeIgniter->runController(Object(App\Controllers\Admin))
 9 SYSTEMPATH\CodeIgniter.php(355): CodeIgniter\CodeIgniter->handleRequest(null, Object(Config\Cache), false)
10 SYSTEMPATH\Boot.php(312): CodeIgniter\CodeIgniter->run()
11 SYSTEMPATH\Boot.php(67): CodeIgniter\Boot::runCodeIgniter(Object(CodeIgniter\CodeIgniter))
12 FCPATH\index.php(56): CodeIgniter\Boot::bootWeb(Object(Config\Paths))
CRITICAL - 2026-02-12 14:26:31 --> ErrorException: require(../pagelib.php): Failed to open stream: No such file or directory
[Method: GET, Route: dashboard]
in APPPATH\Views\admin\index.php on line 1.
 1 APPPATH\Views\admin\index.php(1): CodeIgniter\Debug\Exceptions->errorHandler(2, 'require(../pagelib.php): Failed to open stream: No such file or directory', 'C:\\xampp\\htdocs\\wwwc\\education\\resultniceneatcomputer\\app\\Views\\admin\\index.php', 1)
 2 APPPATH\Views\admin\index.php(1): require()
 3 SYSTEMPATH\View\View.php(234): include('C:\\xampp\\htdocs\\wwwc\\education\\resultniceneatcomputer\\app\\Views\\admin\\index.php')
 4 SYSTEMPATH\View\View.php(237): CodeIgniter\View\View->CodeIgniter\View\{closure}()
 5 SYSTEMPATH\Common.php(1171): CodeIgniter\View\View->render('admin/index', [], true)
 6 APPPATH\Controllers\Admin.php(16): view('admin/index', [...])
 7 SYSTEMPATH\CodeIgniter.php(933): App\Controllers\Admin->index()
 8 SYSTEMPATH\CodeIgniter.php(509): CodeIgniter\CodeIgniter->runController(Object(App\Controllers\Admin))
 9 SYSTEMPATH\CodeIgniter.php(355): CodeIgniter\CodeIgniter->handleRequest(null, Object(Config\Cache), false)
10 SYSTEMPATH\Boot.php(312): CodeIgniter\CodeIgniter->run()
11 SYSTEMPATH\Boot.php(67): CodeIgniter\Boot::runCodeIgniter(Object(CodeIgniter\CodeIgniter))
12 FCPATH\index.php(56): CodeIgniter\Boot::bootWeb(Object(Config\Paths))
CRITICAL - 2026-02-12 14:29:13 --> ErrorException: require(/../pagelib.php): Failed to open stream: No such file or directory
[Method: GET, Route: dashboard]
in APPPATH\Views\admin\index.php on line 1.
 1 APPPATH\Views\admin\index.php(1): CodeIgniter\Debug\Exceptions->errorHandler(2, 'require(/../pagelib.php): Failed to open stream: No such file or directory', 'C:\\xampp\\htdocs\\wwwc\\education\\resultniceneatcomputer\\app\\Views\\admin\\index.php', 1)
 2 APPPATH\Views\admin\index.php(1): require()
 3 SYSTEMPATH\View\View.php(234): include('C:\\xampp\\htdocs\\wwwc\\education\\resultniceneatcomputer\\app\\Views\\admin\\index.php')
 4 SYSTEMPATH\View\View.php(237): CodeIgniter\View\View->CodeIgniter\View\{closure}()
 5 SYSTEMPATH\Common.php(1171): CodeIgniter\View\View->render('admin/index', [], true)
 6 APPPATH\Controllers\Admin.php(16): view('admin/index', [...])
 7 SYSTEMPATH\CodeIgniter.php(933): App\Controllers\Admin->index()
 8 SYSTEMPATH\CodeIgniter.php(509): CodeIgniter\CodeIgniter->runController(Object(App\Controllers\Admin))
 9 SYSTEMPATH\CodeIgniter.php(355): CodeIgniter\CodeIgniter->handleRequest(null, Object(Config\Cache), false)
10 SYSTEMPATH\Boot.php(312): CodeIgniter\CodeIgniter->run()
11 SYSTEMPATH\Boot.php(67): CodeIgniter\Boot::runCodeIgniter(Object(CodeIgniter\CodeIgniter))
12 FCPATH\index.php(56): CodeIgniter\Boot::bootWeb(Object(Config\Paths))
CRITICAL - 2026-02-12 14:29:18 --> ErrorException: require(../pagelib.php): Failed to open stream: No such file or directory
[Method: GET, Route: dashboard]
in APPPATH\Views\admin\index.php on line 1.
 1 APPPATH\Views\admin\index.php(1): CodeIgniter\Debug\Exceptions->errorHandler(2, 'require(../pagelib.php): Failed to open stream: No such file or directory', 'C:\\xampp\\htdocs\\wwwc\\education\\resultniceneatcomputer\\app\\Views\\admin\\index.php', 1)
 2 APPPATH\Views\admin\index.php(1): require()
 3 SYSTEMPATH\View\View.php(234): include('C:\\xampp\\htdocs\\wwwc\\education\\resultniceneatcomputer\\app\\Views\\admin\\index.php')
 4 SYSTEMPATH\View\View.php(237): CodeIgniter\View\View->CodeIgniter\View\{closure}()
 5 SYSTEMPATH\Common.php(1171): CodeIgniter\View\View->render('admin/index', [], true)
 6 APPPATH\Controllers\Admin.php(16): view('admin/index', [...])
 7 SYSTEMPATH\CodeIgniter.php(933): App\Controllers\Admin->index()
 8 SYSTEMPATH\CodeIgniter.php(509): CodeIgniter\CodeIgniter->runController(Object(App\Controllers\Admin))
 9 SYSTEMPATH\CodeIgniter.php(355): CodeIgniter\CodeIgniter->handleRequest(null, Object(Config\Cache), false)
10 SYSTEMPATH\Boot.php(312): CodeIgniter\CodeIgniter->run()
11 SYSTEMPATH\Boot.php(67): CodeIgniter\Boot::runCodeIgniter(Object(CodeIgniter\CodeIgniter))
12 FCPATH\index.php(56): CodeIgniter\Boot::bootWeb(Object(Config\Paths))
CRITICAL - 2026-02-12 14:29:38 --> ErrorException: require(/Views/pagelib.php): Failed to open stream: No such file or directory
[Method: GET, Route: dashboard]
in APPPATH\Views\admin\index.php on line 1.
 1 APPPATH\Views\admin\index.php(1): CodeIgniter\Debug\Exceptions->errorHandler(2, 'require(/Views/pagelib.php): Failed to open stream: No such file or directory', 'C:\\xampp\\htdocs\\wwwc\\education\\resultniceneatcomputer\\app\\Views\\admin\\index.php', 1)
 2 APPPATH\Views\admin\index.php(1): require()
 3 SYSTEMPATH\View\View.php(234): include('C:\\xampp\\htdocs\\wwwc\\education\\resultniceneatcomputer\\app\\Views\\admin\\index.php')
 4 SYSTEMPATH\View\View.php(237): CodeIgniter\View\View->CodeIgniter\View\{closure}()
 5 SYSTEMPATH\Common.php(1171): CodeIgniter\View\View->render('admin/index', [], true)
 6 APPPATH\Controllers\Admin.php(16): view('admin/index', [...])
 7 SYSTEMPATH\CodeIgniter.php(933): App\Controllers\Admin->index()
 8 SYSTEMPATH\CodeIgniter.php(509): CodeIgniter\CodeIgniter->runController(Object(App\Controllers\Admin))
 9 SYSTEMPATH\CodeIgniter.php(355): CodeIgniter\CodeIgniter->handleRequest(null, Object(Config\Cache), false)
10 SYSTEMPATH\Boot.php(312): CodeIgniter\CodeIgniter->run()
11 SYSTEMPATH\Boot.php(67): CodeIgniter\Boot::runCodeIgniter(Object(CodeIgniter\CodeIgniter))
12 FCPATH\index.php(56): CodeIgniter\Boot::bootWeb(Object(Config\Paths))
CRITICAL - 2026-02-12 14:29:49 --> Error: Call to undefined function prt()
[Method: GET, Route: dashboard]
in APPPATH\Views\admin\shared\topmenu.php on line 25.
 1 SYSTEMPATH\View\View.php(234): include()
 2 SYSTEMPATH\View\View.php(237): CodeIgniter\View\View->CodeIgniter\View\{closure}()
 3 SYSTEMPATH\View\View.php(484): CodeIgniter\View\View->render('admin/shared/topmenu', null, true)
 4 APPPATH\Views\admin\shared\layout.php(18): CodeIgniter\View\View->include('admin/shared/topmenu')
 5 SYSTEMPATH\View\View.php(234): include('C:\\xampp\\htdocs\\wwwc\\education\\resultniceneatcomputer\\app\\Views\\admin\\shared\\layout.php')
 6 SYSTEMPATH\View\View.php(237): CodeIgniter\View\View->CodeIgniter\View\{closure}()
 7 SYSTEMPATH\View\View.php(250): CodeIgniter\View\View->render('admin/shared/layout', [], true)
 8 SYSTEMPATH\Common.php(1171): CodeIgniter\View\View->render('admin/index', [], true)
 9 APPPATH\Controllers\Admin.php(16): view('admin/index', [...])
10 SYSTEMPATH\CodeIgniter.php(933): App\Controllers\Admin->index()
11 SYSTEMPATH\CodeIgniter.php(509): CodeIgniter\CodeIgniter->runController(Object(App\Controllers\Admin))
12 SYSTEMPATH\CodeIgniter.php(355): CodeIgniter\CodeIgniter->handleRequest(null, Object(Config\Cache), false)
13 SYSTEMPATH\Boot.php(312): CodeIgniter\CodeIgniter->run()
14 SYSTEMPATH\Boot.php(67): CodeIgniter\Boot::runCodeIgniter(Object(CodeIgniter\CodeIgniter))
15 FCPATH\index.php(56): CodeIgniter\Boot::bootWeb(Object(Config\Paths))
CRITICAL - 2026-02-12 14:32:43 --> ErrorException: require(C:\xampp\htdocs\wwwc\education\resultniceneatcomputer\app\../pagelib.php): Failed to open stream: No such file or directory
[Method: GET, Route: dashboard]
in APPPATH\Views\admin\index.php on line 1.
 1 APPPATH\Views\admin\index.php(1): CodeIgniter\Debug\Exceptions->errorHandler(2, 'require(C:\\xampp\\htdocs\\wwwc\\education\\resultniceneatcomputer\\app\\../pagelib.php): Failed to open stream: No such file or directory', 'C:\\xampp\\htdocs\\wwwc\\education\\resultniceneatcomputer\\app\\Views\\admin\\index.php', 1)
 2 APPPATH\Views\admin\index.php(1): require()
 3 SYSTEMPATH\View\View.php(234): include('C:\\xampp\\htdocs\\wwwc\\education\\resultniceneatcomputer\\app\\Views\\admin\\index.php')
 4 SYSTEMPATH\View\View.php(237): CodeIgniter\View\View->CodeIgniter\View\{closure}()
 5 SYSTEMPATH\Common.php(1171): CodeIgniter\View\View->render('admin/index', [], true)
 6 APPPATH\Controllers\Admin.php(16): view('admin/index', [...])
 7 SYSTEMPATH\CodeIgniter.php(933): App\Controllers\Admin->index()
 8 SYSTEMPATH\CodeIgniter.php(509): CodeIgniter\CodeIgniter->runController(Object(App\Controllers\Admin))
 9 SYSTEMPATH\CodeIgniter.php(355): CodeIgniter\CodeIgniter->handleRequest(null, Object(Config\Cache), false)
10 SYSTEMPATH\Boot.php(312): CodeIgniter\CodeIgniter->run()
11 SYSTEMPATH\Boot.php(67): CodeIgniter\Boot::runCodeIgniter(Object(CodeIgniter\CodeIgniter))
12 FCPATH\index.php(56): CodeIgniter\Boot::bootWeb(Object(Config\Paths))
CRITICAL - 2026-02-12 14:33:16 --> ErrorException: require(C:\xampp\htdocs\wwwc\education\resultniceneatcomputer\app\..\pagelib.php): Failed to open stream: No such file or directory
[Method: GET, Route: dashboard]
in APPPATH\Views\admin\index.php on line 1.
 1 APPPATH\Views\admin\index.php(1): CodeIgniter\Debug\Exceptions->errorHandler(2, 'require(C:\\xampp\\htdocs\\wwwc\\education\\resultniceneatcomputer\\app\\..\\pagelib.php): Failed to open stream: No such file or directory', 'C:\\xampp\\htdocs\\wwwc\\education\\resultniceneatcomputer\\app\\Views\\admin\\index.php', 1)
 2 APPPATH\Views\admin\index.php(1): require()
 3 SYSTEMPATH\View\View.php(234): include('C:\\xampp\\htdocs\\wwwc\\education\\resultniceneatcomputer\\app\\Views\\admin\\index.php')
 4 SYSTEMPATH\View\View.php(237): CodeIgniter\View\View->CodeIgniter\View\{closure}()
 5 SYSTEMPATH\Common.php(1171): CodeIgniter\View\View->render('admin/index', [], true)
 6 APPPATH\Controllers\Admin.php(16): view('admin/index', [...])
 7 SYSTEMPATH\CodeIgniter.php(933): App\Controllers\Admin->index()
 8 SYSTEMPATH\CodeIgniter.php(509): CodeIgniter\CodeIgniter->runController(Object(App\Controllers\Admin))
 9 SYSTEMPATH\CodeIgniter.php(355): CodeIgniter\CodeIgniter->handleRequest(null, Object(Config\Cache), false)
10 SYSTEMPATH\Boot.php(312): CodeIgniter\CodeIgniter->run()
11 SYSTEMPATH\Boot.php(67): CodeIgniter\Boot::runCodeIgniter(Object(CodeIgniter\CodeIgniter))
12 FCPATH\index.php(56): CodeIgniter\Boot::bootWeb(Object(Config\Paths))
CRITICAL - 2026-02-12 14:33:32 --> ErrorException: require(C:\xampp\htdocs\wwwc\education\resultniceneatcomputer\app\pagelib.php): Failed to open stream: No such file or directory
[Method: GET, Route: dashboard]
in APPPATH\Views\admin\index.php on line 1.
 1 APPPATH\Views\admin\index.php(1): CodeIgniter\Debug\Exceptions->errorHandler(2, 'require(C:\\xampp\\htdocs\\wwwc\\education\\resultniceneatcomputer\\app\\pagelib.php): Failed to open stream: No such file or directory', 'C:\\xampp\\htdocs\\wwwc\\education\\resultniceneatcomputer\\app\\Views\\admin\\index.php', 1)
 2 APPPATH\Views\admin\index.php(1): require()
 3 SYSTEMPATH\View\View.php(234): include('C:\\xampp\\htdocs\\wwwc\\education\\resultniceneatcomputer\\app\\Views\\admin\\index.php')
 4 SYSTEMPATH\View\View.php(237): CodeIgniter\View\View->CodeIgniter\View\{closure}()
 5 SYSTEMPATH\Common.php(1171): CodeIgniter\View\View->render('admin/index', [], true)
 6 APPPATH\Controllers\Admin.php(16): view('admin/index', [...])
 7 SYSTEMPATH\CodeIgniter.php(933): App\Controllers\Admin->index()
 8 SYSTEMPATH\CodeIgniter.php(509): CodeIgniter\CodeIgniter->runController(Object(App\Controllers\Admin))
 9 SYSTEMPATH\CodeIgniter.php(355): CodeIgniter\CodeIgniter->handleRequest(null, Object(Config\Cache), false)
10 SYSTEMPATH\Boot.php(312): CodeIgniter\CodeIgniter->run()
11 SYSTEMPATH\Boot.php(67): CodeIgniter\Boot::runCodeIgniter(Object(CodeIgniter\CodeIgniter))
12 FCPATH\index.php(56): CodeIgniter\Boot::bootWeb(Object(Config\Paths))
