CRITICAL - 2026-04-25 02:01:39 --> ErrorException: Trying to access array offset on value of type null
[Method: POST, Route: getsinglestu]
in APPPATH\Controllers\Admin.php on line 267.
 1 APPPATH\Controllers\Admin.php(267): CodeIgniter\Debug\Exceptions->errorHandler(2, 'Trying to access array offset on value of type null', 'D:\\xamp\\htdocs\\www\\Education\\ResultBlog\\app\\Controllers\\Admin.php', 267)
 2 SYSTEMPATH\CodeIgniter.php(933): App\Controllers\Admin->getsinglestu()
 3 SYSTEMPATH\CodeIgniter.php(509): CodeIgniter\CodeIgniter->runController(Object(App\Controllers\Admin))
 4 SYSTEMPATH\CodeIgniter.php(355): CodeIgniter\CodeIgniter->handleRequest(null, Object(Config\Cache), false)
 5 SYSTEMPATH\Boot.php(312): CodeIgniter\CodeIgniter->run()
 6 SYSTEMPATH\Boot.php(67): CodeIgniter\Boot::runCodeIgniter(Object(CodeIgniter\CodeIgniter))
 7 FCPATH\index.php(56): CodeIgniter\Boot::bootWeb(Object(Config\Paths))
CRITICAL - 2026-04-25 02:04:26 --> ErrorException: Trying to access array offset on value of type null
[Method: GET, Route: marksheetadmin/202602006/1]
in APPPATH\Controllers\Admin.php on line 597.
 1 APPPATH\Controllers\Admin.php(597): CodeIgniter\Debug\Exceptions->errorHandler(2, 'Trying to access array offset on value of type null', 'D:\\xamp\\htdocs\\www\\Education\\ResultBlog\\app\\Controllers\\Admin.php', 597)
 2 SYSTEMPATH\CodeIgniter.php(933): App\Controllers\Admin->marksheetadmin('202602006', '1')
 3 SYSTEMPATH\CodeIgniter.php(509): CodeIgniter\CodeIgniter->runController(Object(App\Controllers\Admin))
 4 SYSTEMPATH\CodeIgniter.php(355): CodeIgniter\CodeIgniter->handleRequest(null, Object(Config\Cache), false)
 5 SYSTEMPATH\Boot.php(312): CodeIgniter\CodeIgniter->run()
 6 SYSTEMPATH\Boot.php(67): CodeIgniter\Boot::runCodeIgniter(Object(CodeIgniter\CodeIgniter))
 7 FCPATH\index.php(56): CodeIgniter\Boot::bootWeb(Object(Config\Paths))
CRITICAL - 2026-04-25 02:04:33 --> ErrorException: Trying to access array offset on value of type null
[Method: GET, Route: marksheetadmin/202602006/2]
in APPPATH\Controllers\Admin.php on line 597.
 1 APPPATH\Controllers\Admin.php(597): CodeIgniter\Debug\Exceptions->errorHandler(2, 'Trying to access array offset on value of type null', 'D:\\xamp\\htdocs\\www\\Education\\ResultBlog\\app\\Controllers\\Admin.php', 597)
 2 SYSTEMPATH\CodeIgniter.php(933): App\Controllers\Admin->marksheetadmin('202602006', '2')
 3 SYSTEMPATH\CodeIgniter.php(509): CodeIgniter\CodeIgniter->runController(Object(App\Controllers\Admin))
 4 SYSTEMPATH\CodeIgniter.php(355): CodeIgniter\CodeIgniter->handleRequest(null, Object(Config\Cache), false)
 5 SYSTEMPATH\Boot.php(312): CodeIgniter\CodeIgniter->run()
 6 SYSTEMPATH\Boot.php(67): CodeIgniter\Boot::runCodeIgniter(Object(CodeIgniter\CodeIgniter))
 7 FCPATH\index.php(56): CodeIgniter\Boot::bootWeb(Object(Config\Paths))
CRITICAL - 2026-04-25 02:05:21 --> ErrorException: Trying to access array offset on value of type null
[Method: GET, Route: marksheetadmin/202602006/1]
in APPPATH\Controllers\Admin.php on line 597.
 1 APPPATH\Controllers\Admin.php(597): CodeIgniter\Debug\Exceptions->errorHandler(2, 'Trying to access array offset on value of type null', 'D:\\xamp\\htdocs\\www\\Education\\ResultBlog\\app\\Controllers\\Admin.php', 597)
 2 SYSTEMPATH\CodeIgniter.php(933): App\Controllers\Admin->marksheetadmin('202602006', '1')
 3 SYSTEMPATH\CodeIgniter.php(509): CodeIgniter\CodeIgniter->runController(Object(App\Controllers\Admin))
 4 SYSTEMPATH\CodeIgniter.php(355): CodeIgniter\CodeIgniter->handleRequest(null, Object(Config\Cache), false)
 5 SYSTEMPATH\Boot.php(312): CodeIgniter\CodeIgniter->run()
 6 SYSTEMPATH\Boot.php(67): CodeIgniter\Boot::runCodeIgniter(Object(CodeIgniter\CodeIgniter))
 7 FCPATH\index.php(56): CodeIgniter\Boot::bootWeb(Object(Config\Paths))
CRITICAL - 2026-04-25 02:05:40 --> ErrorException: Trying to access array offset on value of type null
[Method: GET, Route: marksheetadmin/202602006/1]
in APPPATH\Controllers\Admin.php on line 597.
 1 APPPATH\Controllers\Admin.php(597): CodeIgniter\Debug\Exceptions->errorHandler(2, 'Trying to access array offset on value of type null', 'D:\\xamp\\htdocs\\www\\Education\\ResultBlog\\app\\Controllers\\Admin.php', 597)
 2 SYSTEMPATH\CodeIgniter.php(933): App\Controllers\Admin->marksheetadmin('202602006', '1')
 3 SYSTEMPATH\CodeIgniter.php(509): CodeIgniter\CodeIgniter->runController(Object(App\Controllers\Admin))
 4 SYSTEMPATH\CodeIgniter.php(355): CodeIgniter\CodeIgniter->handleRequest(null, Object(Config\Cache), false)
 5 SYSTEMPATH\Boot.php(312): CodeIgniter\CodeIgniter->run()
 6 SYSTEMPATH\Boot.php(67): CodeIgniter\Boot::runCodeIgniter(Object(CodeIgniter\CodeIgniter))
 7 FCPATH\index.php(56): CodeIgniter\Boot::bootWeb(Object(Config\Paths))
