CRITICAL - 2026-04-30 03:14:26 --> ErrorException: Trying to access array offset on value of type null
[Method: GET, Route: diploma/2604003]
in APPPATH\Controllers\Admin.php on line 666.
 1 APPPATH\Controllers\Admin.php(666): CodeIgniter\Debug\Exceptions->errorHandler(2, 'Trying to access array offset on value of type null', 'D:\\xamp\\htdocs\\www\\Education\\ResultBlog\\app\\Controllers\\Admin.php', 666)
 2 SYSTEMPATH\CodeIgniter.php(933): App\Controllers\Admin->diploma('2604003', '')
 3 SYSTEMPATH\CodeIgniter.php(509): CodeIgniter\CodeIgniter->runController(Object(App\Controllers\Admin))
 4 SYSTEMPATH\CodeIgniter.php(355): CodeIgniter\CodeIgniter->handleRequest(null, Object(Config\Cache), false)
 5 SYSTEMPATH\Boot.php(312): CodeIgniter\CodeIgniter->run()
 6 SYSTEMPATH\Boot.php(67): CodeIgniter\Boot::runCodeIgniter(Object(CodeIgniter\CodeIgniter))
 7 FCPATH\index.php(56): CodeIgniter\Boot::bootWeb(Object(Config\Paths))
CRITICAL - 2026-04-30 03:14:29 --> ErrorException: Trying to access array offset on value of type null
[Method: GET, Route: marksheetadmin/2604003/1]
in APPPATH\Controllers\Admin.php on line 616.
 1 APPPATH\Controllers\Admin.php(616): CodeIgniter\Debug\Exceptions->errorHandler(2, 'Trying to access array offset on value of type null', 'D:\\xamp\\htdocs\\www\\Education\\ResultBlog\\app\\Controllers\\Admin.php', 616)
 2 SYSTEMPATH\CodeIgniter.php(933): App\Controllers\Admin->marksheetadmin('2604003', '1')
 3 SYSTEMPATH\CodeIgniter.php(509): CodeIgniter\CodeIgniter->runController(Object(App\Controllers\Admin))
 4 SYSTEMPATH\CodeIgniter.php(355): CodeIgniter\CodeIgniter->handleRequest(null, Object(Config\Cache), false)
 5 SYSTEMPATH\Boot.php(312): CodeIgniter\CodeIgniter->run()
 6 SYSTEMPATH\Boot.php(67): CodeIgniter\Boot::runCodeIgniter(Object(CodeIgniter\CodeIgniter))
 7 FCPATH\index.php(56): CodeIgniter\Boot::bootWeb(Object(Config\Paths))
