CRITICAL - 2026-04-02 14:28:04 --> Error: Call to undefined function MandateSymbol()
[Method: GET, Route: studentadd]
in APPPATH\Views\admin\studentadd.php on line 43.
 1 SYSTEMPATH\View\View.php(234): include()
 2 SYSTEMPATH\View\View.php(237): CodeIgniter\View\View->CodeIgniter\View\{closure}()
 3 SYSTEMPATH\Common.php(1171): CodeIgniter\View\View->render('admin/studentadd', [], true)
 4 APPPATH\Controllers\Admin.php(163): view('admin/studentadd', [...])
 5 SYSTEMPATH\CodeIgniter.php(933): App\Controllers\Admin->studentadd()
 6 SYSTEMPATH\CodeIgniter.php(509): CodeIgniter\CodeIgniter->runController(Object(App\Controllers\Admin))
 7 SYSTEMPATH\CodeIgniter.php(355): CodeIgniter\CodeIgniter->handleRequest(null, Object(Config\Cache), false)
 8 SYSTEMPATH\Boot.php(312): CodeIgniter\CodeIgniter->run()
 9 SYSTEMPATH\Boot.php(67): CodeIgniter\Boot::runCodeIgniter(Object(CodeIgniter\CodeIgniter))
10 FCPATH\index.php(56): CodeIgniter\Boot::bootWeb(Object(Config\Paths))
CRITICAL - 2026-04-02 14:28:12 --> Error: Call to undefined function MandateSymbol()
[Method: GET, Route: studentadd]
in APPPATH\Views\admin\studentadd.php on line 43.
 1 SYSTEMPATH\View\View.php(234): include()
 2 SYSTEMPATH\View\View.php(237): CodeIgniter\View\View->CodeIgniter\View\{closure}()
 3 SYSTEMPATH\Common.php(1171): CodeIgniter\View\View->render('admin/studentadd', [], true)
 4 APPPATH\Controllers\Admin.php(163): view('admin/studentadd', [...])
 5 SYSTEMPATH\CodeIgniter.php(933): App\Controllers\Admin->studentadd()
 6 SYSTEMPATH\CodeIgniter.php(509): CodeIgniter\CodeIgniter->runController(Object(App\Controllers\Admin))
 7 SYSTEMPATH\CodeIgniter.php(355): CodeIgniter\CodeIgniter->handleRequest(null, Object(Config\Cache), false)
 8 SYSTEMPATH\Boot.php(312): CodeIgniter\CodeIgniter->run()
 9 SYSTEMPATH\Boot.php(67): CodeIgniter\Boot::runCodeIgniter(Object(CodeIgniter\CodeIgniter))
10 FCPATH\index.php(56): CodeIgniter\Boot::bootWeb(Object(Config\Paths))
CRITICAL - 2026-04-02 14:28:14 --> Error: Call to undefined function MandateSymbol()
[Method: GET, Route: studentadd]
in APPPATH\Views\admin\studentadd.php on line 43.
 1 SYSTEMPATH\View\View.php(234): include()
 2 SYSTEMPATH\View\View.php(237): CodeIgniter\View\View->CodeIgniter\View\{closure}()
 3 SYSTEMPATH\Common.php(1171): CodeIgniter\View\View->render('admin/studentadd', [], true)
 4 APPPATH\Controllers\Admin.php(163): view('admin/studentadd', [...])
 5 SYSTEMPATH\CodeIgniter.php(933): App\Controllers\Admin->studentadd()
 6 SYSTEMPATH\CodeIgniter.php(509): CodeIgniter\CodeIgniter->runController(Object(App\Controllers\Admin))
 7 SYSTEMPATH\CodeIgniter.php(355): CodeIgniter\CodeIgniter->handleRequest(null, Object(Config\Cache), false)
 8 SYSTEMPATH\Boot.php(312): CodeIgniter\CodeIgniter->run()
 9 SYSTEMPATH\Boot.php(67): CodeIgniter\Boot::runCodeIgniter(Object(CodeIgniter\CodeIgniter))
10 FCPATH\index.php(56): CodeIgniter\Boot::bootWeb(Object(Config\Paths))
CRITICAL - 2026-04-02 14:29:42 --> Error: Call to undefined function prt()
[Method: GET, Route: studentadd]
in APPPATH\Views\admin\shared\topmenu.php on line 25.
 1 SYSTEMPATH\View\View.php(234): include()
 2 SYSTEMPATH\View\View.php(237): CodeIgniter\View\View->CodeIgniter\View\{closure}()
 3 SYSTEMPATH\View\View.php(484): CodeIgniter\View\View->render('admin/shared/topmenu', null, true)
 4 APPPATH\Views\admin\shared\layout.php(21): CodeIgniter\View\View->include('admin/shared/topmenu')
 5 SYSTEMPATH\View\View.php(234): include('D:\\xamp\\htdocs\\www\\Education\\resultniceneatcomputer\\app\\Views\\admin\\shared\\layout.php')
 6 SYSTEMPATH\View\View.php(237): CodeIgniter\View\View->CodeIgniter\View\{closure}()
 7 SYSTEMPATH\View\View.php(250): CodeIgniter\View\View->render('admin/shared/layout', [], true)
 8 SYSTEMPATH\Common.php(1171): CodeIgniter\View\View->render('admin/studentadd', [], true)
 9 APPPATH\Controllers\Admin.php(163): view('admin/studentadd', [...])
10 SYSTEMPATH\CodeIgniter.php(933): App\Controllers\Admin->studentadd()
11 SYSTEMPATH\CodeIgniter.php(509): CodeIgniter\CodeIgniter->runController(Object(App\Controllers\Admin))
12 SYSTEMPATH\CodeIgniter.php(355): CodeIgniter\CodeIgniter->handleRequest(null, Object(Config\Cache), false)
13 SYSTEMPATH\Boot.php(312): CodeIgniter\CodeIgniter->run()
14 SYSTEMPATH\Boot.php(67): CodeIgniter\Boot::runCodeIgniter(Object(CodeIgniter\CodeIgniter))
15 FCPATH\index.php(56): CodeIgniter\Boot::bootWeb(Object(Config\Paths))
CRITICAL - 2026-04-02 15:12:30 --> CodeIgniter\View\Exceptions\ViewException: Invalid file: "result.php"
[Method: GET, Route: studentresult/4]
in SYSTEMPATH\Exceptions\FrameworkException.php on line 41.
 1 SYSTEMPATH\View\View.php(222): CodeIgniter\Exceptions\FrameworkException::forInvalidFile('result.php')
 2 SYSTEMPATH\Common.php(1171): CodeIgniter\View\View->render('result', [], true)
 3 APPPATH\Controllers\Home.php(42): view('result', [...])
 4 SYSTEMPATH\CodeIgniter.php(933): App\Controllers\Home->result('4')
 5 SYSTEMPATH\CodeIgniter.php(509): CodeIgniter\CodeIgniter->runController(Object(App\Controllers\Home))
 6 SYSTEMPATH\CodeIgniter.php(355): CodeIgniter\CodeIgniter->handleRequest(null, Object(Config\Cache), false)
 7 SYSTEMPATH\Boot.php(312): CodeIgniter\CodeIgniter->run()
 8 SYSTEMPATH\Boot.php(67): CodeIgniter\Boot::runCodeIgniter(Object(CodeIgniter\CodeIgniter))
 9 FCPATH\index.php(56): CodeIgniter\Boot::bootWeb(Object(Config\Paths))
