ERROR - 2026-04-06 13:54:15 --> Error connecting to the database: mysqli_sql_exception: No connection could be made because the target machine actively refused it in D:\xamp\htdocs\www\Education\resultniceneatcomputer\system\Database\MySQLi\Connection.php:187
Stack trace:
#0 D:\xamp\htdocs\www\Education\resultniceneatcomputer\system\Database\MySQLi\Connection.php(187): mysqli->real_connect('localhost', 'root', '', 'niceneat', 3306, '', 0)
#1 D:\xamp\htdocs\www\Education\resultniceneatcomputer\system\Database\BaseConnection.php(420): CodeIgniter\Database\MySQLi\Connection->connect(false)
#2 D:\xamp\htdocs\www\Education\resultniceneatcomputer\system\Database\BaseConnection.php(603): CodeIgniter\Database\BaseConnection->initialize()
#3 D:\xamp\htdocs\www\Education\resultniceneatcomputer\system\Database\BaseBuilder.php(1629): CodeIgniter\Database\BaseConnection->query('SELECT *\nFROM `...', Array, false)
#4 D:\xamp\htdocs\www\Education\resultniceneatcomputer\system\Model.php(318): CodeIgniter\Database\BaseBuilder->get()
#5 D:\xamp\htdocs\www\Education\resultniceneatcomputer\system\BaseModel.php(714): CodeIgniter\Model->doFirst()
#6 D:\xamp\htdocs\www\Education\resultniceneatcomputer\app\Controllers\Login.php(21): CodeIgniter\BaseModel->first()
#7 D:\xamp\htdocs\www\Education\resultniceneatcomputer\system\CodeIgniter.php(933): App\Controllers\Login->LoginUser()
#8 D:\xamp\htdocs\www\Education\resultniceneatcomputer\system\CodeIgniter.php(509): CodeIgniter\CodeIgniter->runController(Object(App\Controllers\Login))
#9 D:\xamp\htdocs\www\Education\resultniceneatcomputer\system\CodeIgniter.php(355): CodeIgniter\CodeIgniter->handleRequest(NULL, Object(Config\Cache), false)
#10 D:\xamp\htdocs\www\Education\resultniceneatcomputer\system\Boot.php(312): CodeIgniter\CodeIgniter->run()
#11 D:\xamp\htdocs\www\Education\resultniceneatcomputer\system\Boot.php(67): CodeIgniter\Boot::runCodeIgniter(Object(CodeIgniter\CodeIgniter))
#12 D:\xamp\htdocs\www\Education\resultniceneatcomputer\public\index.php(56): CodeIgniter\Boot::bootWeb(Object(Config\Paths))
#13 {main}

Next CodeIgniter\Database\Exceptions\DatabaseException: No connection could be made because the target machine actively refused it in D:\xamp\htdocs\www\Education\resultniceneatcomputer\system\Database\MySQLi\Connection.php:231
Stack trace:
#0 D:\xamp\htdocs\www\Education\resultniceneatcomputer\system\Database\BaseConnection.php(420): CodeIgniter\Database\MySQLi\Connection->connect(false)
#1 D:\xamp\htdocs\www\Education\resultniceneatcomputer\system\Database\BaseConnection.php(603): CodeIgniter\Database\BaseConnection->initialize()
#2 D:\xamp\htdocs\www\Education\resultniceneatcomputer\system\Database\BaseBuilder.php(1629): CodeIgniter\Database\BaseConnection->query('SELECT *\nFROM `...', Array, false)
#3 D:\xamp\htdocs\www\Education\resultniceneatcomputer\system\Model.php(318): CodeIgniter\Database\BaseBuilder->get()
#4 D:\xamp\htdocs\www\Education\resultniceneatcomputer\system\BaseModel.php(714): CodeIgniter\Model->doFirst()
#5 D:\xamp\htdocs\www\Education\resultniceneatcomputer\app\Controllers\Login.php(21): CodeIgniter\BaseModel->first()
#6 D:\xamp\htdocs\www\Education\resultniceneatcomputer\system\CodeIgniter.php(933): App\Controllers\Login->LoginUser()
#7 D:\xamp\htdocs\www\Education\resultniceneatcomputer\system\CodeIgniter.php(509): CodeIgniter\CodeIgniter->runController(Object(App\Controllers\Login))
#8 D:\xamp\htdocs\www\Education\resultniceneatcomputer\system\CodeIgniter.php(355): CodeIgniter\CodeIgniter->handleRequest(NULL, Object(Config\Cache), false)
#9 D:\xamp\htdocs\www\Education\resultniceneatcomputer\system\Boot.php(312): CodeIgniter\CodeIgniter->run()
#10 D:\xamp\htdocs\www\Education\resultniceneatcomputer\system\Boot.php(67): CodeIgniter\Boot::runCodeIgniter(Object(CodeIgniter\CodeIgniter))
#11 D:\xamp\htdocs\www\Education\resultniceneatcomputer\public\index.php(56): CodeIgniter\Boot::bootWeb(Object(Config\Paths))
#12 {main}
CRITICAL - 2026-04-06 13:54:15 --> CodeIgniter\Database\Exceptions\DatabaseException: Unable to connect to the database.
Main connection [MySQLi]: No connection could be made because the target machine actively refused it
[Method: POST, Route: login]
in SYSTEMPATH\Database\BaseConnection.php on line 456.
 1 SYSTEMPATH\Database\BaseConnection.php(603): CodeIgniter\Database\BaseConnection->initialize()
 2 SYSTEMPATH\Database\BaseBuilder.php(1629): CodeIgniter\Database\BaseConnection->query('SELECT *
FROM `adminmaster`
WHERE `Username` = :Username:
 LIMIT 1', [...], false)
 3 SYSTEMPATH\Model.php(318): CodeIgniter\Database\BaseBuilder->get()
 4 SYSTEMPATH\BaseModel.php(714): CodeIgniter\Model->doFirst()
 5 APPPATH\Controllers\Login.php(21): CodeIgniter\BaseModel->first()
 6 SYSTEMPATH\CodeIgniter.php(933): App\Controllers\Login->LoginUser()
 7 SYSTEMPATH\CodeIgniter.php(509): CodeIgniter\CodeIgniter->runController(Object(App\Controllers\Login))
 8 SYSTEMPATH\CodeIgniter.php(355): CodeIgniter\CodeIgniter->handleRequest(null, Object(Config\Cache), false)
 9 SYSTEMPATH\Boot.php(312): CodeIgniter\CodeIgniter->run()
10 SYSTEMPATH\Boot.php(67): CodeIgniter\Boot::runCodeIgniter(Object(CodeIgniter\CodeIgniter))
11 FCPATH\index.php(56): CodeIgniter\Boot::bootWeb(Object(Config\Paths))
CRITICAL - 2026-04-06 15:49:52 --> ErrorException: Trying to access array offset on value of type null
[Method: GET, Route: marksentry/15/22]
in APPPATH\Controllers\Admin.php on line 409.
 1 APPPATH\Controllers\Admin.php(409): CodeIgniter\Debug\Exceptions->errorHandler(2, 'Trying to access array offset on value of type null', 'D:\\xamp\\htdocs\\www\\Education\\resultniceneatcomputer\\app\\Controllers\\Admin.php', 409)
 2 SYSTEMPATH\CodeIgniter.php(933): App\Controllers\Admin->marksentry('15', '22')
 3 SYSTEMPATH\CodeIgniter.php(509): CodeIgniter\CodeIgniter->runController(Object(App\Controllers\Admin))
 4 SYSTEMPATH\CodeIgniter.php(355): CodeIgniter\CodeIgniter->handleRequest(null, Object(Config\Cache), false)
 5 SYSTEMPATH\Boot.php(312): CodeIgniter\CodeIgniter->run()
 6 SYSTEMPATH\Boot.php(67): CodeIgniter\Boot::runCodeIgniter(Object(CodeIgniter\CodeIgniter))
 7 FCPATH\index.php(56): CodeIgniter\Boot::bootWeb(Object(Config\Paths))
